2020-12-15 16:30 INFO    
⭐ success GET http://jupegarnica.com/

Downtime 0.0%
Delay/average 413.0/590.9ms
Monitored during 1 days

2020-12-15 16:30 ERROR   
Error sending email
Error: failed to lookup address information: Name or service not known
    at processResponse (deno:core/core.js:223:11)
    at Object.jsonOpAsync (deno:core/core.js:240:12)
    at async Object.connect (deno:cli/rt/30_net.js:224:13)
    at async SmtpClient.connect (smtp.ts:56:18)
    at async sendInBulk (mailer.ts:29:7)
    at async run (app.ts:21:3)
    at async app.ts:28:5
    at async runEvery (helpers.ts:50:5)
    at async app.ts:27:3

2020-12-15 16:31 INFO    
⭐ success GET http://jupegarnica.com/

Downtime 0.0%
Delay/average 431.0/588.1ms
Monitored during 1 days

2020-12-15 16:31 ERROR   
Error sending email
Error: failed to lookup address information: Name or service not known
    at processResponse (deno:core/core.js:223:11)
    at Object.jsonOpAsync (deno:core/core.js:240:12)
    at async Object.connect (deno:cli/rt/30_net.js:224:13)
    at async SmtpClient.connect (smtp.ts:56:18)
    at async sendInBulk (mailer.ts:29:7)
    at async run (app.ts:21:3)
    at async app.ts:28:5
    at async runEvery (helpers.ts:50:5)
    at async app.ts:27:3

2020-12-15 16:32 INFO    
⭐ success GET http://jupegarnica.com/

Downtime 0.0%
Delay/average 464.0/586.0ms
Monitored during 1 days

2020-12-15 16:32 ERROR   
Error sending email
Error: failed to lookup address information: Name or service not known
    at processResponse (deno:core/core.js:223:11)
    at Object.jsonOpAsync (deno:core/core.js:240:12)
    at async Object.connect (deno:cli/rt/30_net.js:224:13)
    at async SmtpClient.connect (smtp.ts:56:18)
    at async sendInBulk (mailer.ts:29:7)
    at async run (app.ts:21:3)
    at async app.ts:28:5
    at async runEvery (helpers.ts:50:5)
    at async app.ts:27:3

2020-12-15 16:33 INFO    
⭐ success GET http://jupegarnica.com/

Downtime 0.0%
Delay/average 451.0/583.7ms
Monitored during 1 days

2020-12-15 16:33 ERROR   
Error sending email
Error: failed to lookup address information: Name or service not known
    at processResponse (deno:core/core.js:223:11)
    at Object.jsonOpAsync (deno:core/core.js:240:12)
    at async Object.connect (deno:cli/rt/30_net.js:224:13)
    at async SmtpClient.connect (smtp.ts:56:18)
    at async sendInBulk (mailer.ts:29:7)
    at async run (app.ts:21:3)
    at async app.ts:28:5
    at async runEvery (helpers.ts:50:5)
    at async app.ts:27:3

2020-12-15 16:34 INFO    
⭐ success GET http://jupegarnica.com/

Downtime 0.0%
Delay/average 385.0/580.4ms
Monitored during 1 days

2020-12-15 16:34 ERROR   
Error sending email
Error: failed to lookup address information: Name or service not known
    at processResponse (deno:core/core.js:223:11)
    at Object.jsonOpAsync (deno:core/core.js:240:12)
    at async Object.connect (deno:cli/rt/30_net.js:224:13)
    at async SmtpClient.connect (smtp.ts:56:18)
    at async sendInBulk (mailer.ts:29:7)
    at async run (app.ts:21:3)
    at async app.ts:28:5
    at async runEvery (helpers.ts:50:5)
    at async app.ts:27:3

2020-12-15 16:35 INFO    
⭐ success GET http://jupegarnica.com/

Downtime 0.0%
Delay/average 321.0/576.1ms
Monitored during 1 days

2020-12-15 16:35 ERROR   
Error sending email
Error: failed to lookup address information: Name or service not known
    at processResponse (deno:core/core.js:223:11)
    at Object.jsonOpAsync (deno:core/core.js:240:12)
    at async Object.connect (deno:cli/rt/30_net.js:224:13)
    at async SmtpClient.connect (smtp.ts:56:18)
    at async sendInBulk (mailer.ts:29:7)
    at async run (app.ts:21:3)
    at async app.ts:28:5
    at async runEvery (helpers.ts:50:5)
    at async app.ts:27:3

2020-12-15 16:36 INFO    
⭐ success GET http://jupegarnica.com/

Downtime 0.0%
Delay/average 465.0/574.3ms
Monitored during 1 days

2020-12-15 16:36 ERROR   
Error sending email
Error: failed to lookup address information: Name or service not known
    at processResponse (deno:core/core.js:223:11)
    at Object.jsonOpAsync (deno:core/core.js:240:12)
    at async Object.connect (deno:cli/rt/30_net.js:224:13)
    at async SmtpClient.connect (smtp.ts:56:18)
    at async sendInBulk (mailer.ts:29:7)
    at async run (app.ts:21:3)
    at async app.ts:28:5
    at async runEvery (helpers.ts:50:5)
    at async app.ts:27:3

2020-12-15 16:37 INFO    
⭐ success GET http://jupegarnica.com/

Downtime 0.0%
Delay/average 1501.0/589.0ms
Monitored during 1 days

2020-12-15 16:37 ERROR   
Error sending email
Error: failed to lookup address information: Name or service not known
    at processResponse (deno:core/core.js:223:11)
    at Object.jsonOpAsync (deno:core/core.js:240:12)
    at async Object.connect (deno:cli/rt/30_net.js:224:13)
    at async SmtpClient.connect (smtp.ts:56:18)
    at async sendInBulk (mailer.ts:29:7)
    at async run (app.ts:21:3)
    at async app.ts:28:5
    at async runEvery (helpers.ts:50:5)
    at async app.ts:27:3

2020-12-15 16:38 INFO    
⭐ success GET http://jupegarnica.com/

Downtime 0.0%
Delay/average 472.0/587.2ms
Monitored during 1 days

2020-12-15 16:38 ERROR   
Error sending email
Error: failed to lookup address information: Name or service not known
    at processResponse (deno:core/core.js:223:11)
    at Object.jsonOpAsync (deno:core/core.js:240:12)
    at async Object.connect (deno:cli/rt/30_net.js:224:13)
    at async SmtpClient.connect (smtp.ts:56:18)
    at async sendInBulk (mailer.ts:29:7)
    at async run (app.ts:21:3)
    at async app.ts:28:5
    at async runEvery (helpers.ts:50:5)
    at async app.ts:27:3

2020-12-15 16:39 INFO    
⭐ success GET http://jupegarnica.com/

Downtime 0.0%
Delay/average 411.0/584.5ms
Monitored during 1 days

2020-12-15 16:39 ERROR   
Error sending email
Error: failed to lookup address information: Name or service not known
    at processResponse (deno:core/core.js:223:11)
    at Object.jsonOpAsync (deno:core/core.js:240:12)
    at async Object.connect (deno:cli/rt/30_net.js:224:13)
    at async SmtpClient.connect (smtp.ts:56:18)
    at async sendInBulk (mailer.ts:29:7)
    at async run (app.ts:21:3)
    at async app.ts:28:5
    at async runEvery (helpers.ts:50:5)
    at async app.ts:27:3

2020-12-15 16:40 INFO    
⭐ success GET http://jupegarnica.com/

Downtime 0.0%
Delay/average 463.0/582.7ms
Monitored during 1 days

2020-12-15 16:40 ERROR   
Error sending email
Error: failed to lookup address information: Name or service not known
    at processResponse (deno:core/core.js:223:11)
    at Object.jsonOpAsync (deno:core/core.js:240:12)
    at async Object.connect (deno:cli/rt/30_net.js:224:13)
    at async SmtpClient.connect (smtp.ts:56:18)
    at async sendInBulk (mailer.ts:29:7)
    at async run (app.ts:21:3)
    at async app.ts:28:5
    at async runEvery (helpers.ts:50:5)
    at async app.ts:27:3

2020-12-15 16:41 INFO    
⭐ success GET http://jupegarnica.com/

Downtime 0.0%
Delay/average 415.0/580.2ms
Monitored during 1 days

2020-12-15 16:41 ERROR   
Error sending email
Error: failed to lookup address information: Name or service not known
    at processResponse (deno:core/core.js:223:11)
    at Object.jsonOpAsync (deno:core/core.js:240:12)
    at async Object.connect (deno:cli/rt/30_net.js:224:13)
    at async SmtpClient.connect (smtp.ts:56:18)
    at async sendInBulk (mailer.ts:29:7)
    at async run (app.ts:21:3)
    at async app.ts:28:5
    at async runEvery (helpers.ts:50:5)
    at async app.ts:27:3

2020-12-15 16:42 INFO    
⭐ success GET http://jupegarnica.com/

Downtime 0.0%
Delay/average 487.0/578.8ms
Monitored during 1 days

2020-12-15 16:42 ERROR   
Error sending email
Error: failed to lookup address information: Name or service not known
    at processResponse (deno:core/core.js:223:11)
    at Object.jsonOpAsync (deno:core/core.js:240:12)
    at async Object.connect (deno:cli/rt/30_net.js:224:13)
    at async SmtpClient.connect (smtp.ts:56:18)
    at async sendInBulk (mailer.ts:29:7)
    at async run (app.ts:21:3)
    at async app.ts:28:5
    at async runEvery (helpers.ts:50:5)
    at async app.ts:27:3

2020-12-15 16:43 INFO    
⭐ success GET http://jupegarnica.com/

Downtime 0.0%
Delay/average 388.0/576.0ms
Monitored during 1 days

2020-12-15 16:43 ERROR   
Error sending email
Error: failed to lookup address information: Name or service not known
    at processResponse (deno:core/core.js:223:11)
    at Object.jsonOpAsync (deno:core/core.js:240:12)
    at async Object.connect (deno:cli/rt/30_net.js:224:13)
    at async SmtpClient.connect (smtp.ts:56:18)
    at async sendInBulk (mailer.ts:29:7)
    at async run (app.ts:21:3)
    at async app.ts:28:5
    at async runEvery (helpers.ts:50:5)
    at async app.ts:27:3

2020-12-15 16:44 INFO    
⭐ success GET http://jupegarnica.com/

Downtime 0.0%
Delay/average 465.0/574.4ms
Monitored during 1 days

2020-12-15 16:44 ERROR   
Error sending email
Error: failed to lookup address information: Name or service not known
    at processResponse (deno:core/core.js:223:11)
    at Object.jsonOpAsync (deno:core/core.js:240:12)
    at async Object.connect (deno:cli/rt/30_net.js:224:13)
    at async SmtpClient.connect (smtp.ts:56:18)
    at async sendInBulk (mailer.ts:29:7)
    at async run (app.ts:21:3)
    at async app.ts:28:5
    at async runEvery (helpers.ts:50:5)
    at async app.ts:27:3

2020-12-15 16:45 INFO    
⭐ success GET http://jupegarnica.com/

Downtime 0.0%
Delay/average 403.0/572.0ms
Monitored during 1 days

2020-12-15 16:45 ERROR   
Error sending email
Error: failed to lookup address information: Name or service not known
    at processResponse (deno:core/core.js:223:11)
    at Object.jsonOpAsync (deno:core/core.js:240:12)
    at async Object.connect (deno:cli/rt/30_net.js:224:13)
    at async SmtpClient.connect (smtp.ts:56:18)
    at async sendInBulk (mailer.ts:29:7)
    at async run (app.ts:21:3)
    at async app.ts:28:5
    at async runEvery (helpers.ts:50:5)
    at async app.ts:27:3

2020-12-15 16:46 INFO    
⭐ success GET http://jupegarnica.com/

Downtime 0.0%
Delay/average 262.0/567.7ms
Monitored during 1 days

2020-12-15 16:46 ERROR   
Error sending email
Error: failed to lookup address information: Name or service not known
    at processResponse (deno:core/core.js:223:11)
    at Object.jsonOpAsync (deno:core/core.js:240:12)
    at async Object.connect (deno:cli/rt/30_net.js:224:13)
    at async SmtpClient.connect (smtp.ts:56:18)
    at async sendInBulk (mailer.ts:29:7)
    at async run (app.ts:21:3)
    at async app.ts:28:5
    at async runEvery (helpers.ts:50:5)
    at async app.ts:27:3

2020-12-15 16:47 INFO    
⭐ success GET http://jupegarnica.com/

Downtime 0.0%
Delay/average 383.0/565.2ms
Monitored during 1 days

2020-12-15 16:47 ERROR   
Error sending email
Error: failed to lookup address information: Name or service not known
    at processResponse (deno:core/core.js:223:11)
    at Object.jsonOpAsync (deno:core/core.js:240:12)
    at async Object.connect (deno:cli/rt/30_net.js:224:13)
    at async SmtpClient.connect (smtp.ts:56:18)
    at async sendInBulk (mailer.ts:29:7)
    at async run (app.ts:21:3)
    at async app.ts:28:5
    at async runEvery (helpers.ts:50:5)
    at async app.ts:27:3

2020-12-15 16:48 INFO    
⭐ success GET http://jupegarnica.com/

Downtime 0.0%
Delay/average 296.0/561.6ms
Monitored during 1 days

2020-12-15 16:48 ERROR   
Error sending email
Error: failed to lookup address information: Name or service not known
    at processResponse (deno:core/core.js:223:11)
    at Object.jsonOpAsync (deno:core/core.js:240:12)
    at async Object.connect (deno:cli/rt/30_net.js:224:13)
    at async SmtpClient.connect (smtp.ts:56:18)
    at async sendInBulk (mailer.ts:29:7)
    at async run (app.ts:21:3)
    at async app.ts:28:5
    at async runEvery (helpers.ts:50:5)
    at async app.ts:27:3

2020-12-15 16:49 INFO    
⭐ success GET http://jupegarnica.com/

Downtime 0.0%
Delay/average 403.0/559.4ms
Monitored during 1 days

2020-12-15 16:49 ERROR   
Error sending email
Error: failed to lookup address information: Name or service not known
    at processResponse (deno:core/core.js:223:11)
    at Object.jsonOpAsync (deno:core/core.js:240:12)
    at async Object.connect (deno:cli/rt/30_net.js:224:13)
    at async SmtpClient.connect (smtp.ts:56:18)
    at async sendInBulk (mailer.ts:29:7)
    at async run (app.ts:21:3)
    at async app.ts:28:5
    at async runEvery (helpers.ts:50:5)
    at async app.ts:27:3

2020-12-15 16:50 INFO    
⭐ success GET http://jupegarnica.com/

Downtime 0.0%
Delay/average 490.0/558.5ms
Monitored during 1 days

2020-12-15 16:50 ERROR   
Error sending email
Error: failed to lookup address information: Name or service not known
    at processResponse (deno:core/core.js:223:11)
    at Object.jsonOpAsync (deno:core/core.js:240:12)
    at async Object.connect (deno:cli/rt/30_net.js:224:13)
    at async SmtpClient.connect (smtp.ts:56:18)
    at async sendInBulk (mailer.ts:29:7)
    at async run (app.ts:21:3)
    at async app.ts:28:5
    at async runEvery (helpers.ts:50:5)
    at async app.ts:27:3

2020-12-15 16:51 INFO    
⭐ success GET http://jupegarnica.com/

Downtime 0.0%
Delay/average 373.0/556.1ms
Monitored during 1 days

2020-12-15 16:51 ERROR   
Error sending email
Error: failed to lookup address information: Name or service not known
    at processResponse (deno:core/core.js:223:11)
    at Object.jsonOpAsync (deno:core/core.js:240:12)
    at async Object.connect (deno:cli/rt/30_net.js:224:13)
    at async SmtpClient.connect (smtp.ts:56:18)
    at async sendInBulk (mailer.ts:29:7)
    at async run (app.ts:21:3)
    at async app.ts:28:5
    at async runEvery (helpers.ts:50:5)
    at async app.ts:27:3

2020-12-15 16:52 INFO    
⭐ success GET http://jupegarnica.com/

Downtime 0.0%
Delay/average 375.0/553.8ms
Monitored during 1 days

2020-12-15 16:52 ERROR   
Error sending email
Error: failed to lookup address information: Name or service not known
    at processResponse (deno:core/core.js:223:11)
    at Object.jsonOpAsync (deno:core/core.js:240:12)
    at async Object.connect (deno:cli/rt/30_net.js:224:13)
    at async SmtpClient.connect (smtp.ts:56:18)
    at async sendInBulk (mailer.ts:29:7)
    at async run (app.ts:21:3)
    at async app.ts:28:5
    at async runEvery (helpers.ts:50:5)
    at async app.ts:27:3

2020-12-15 16:53 INFO    
⭐ success GET http://jupegarnica.com/

Downtime 0.0%
Delay/average 370.0/551.5ms
Monitored during 1 days

2020-12-15 16:53 ERROR   
Error sending email
Error: failed to lookup address information: Name or service not known
    at processResponse (deno:core/core.js:223:11)
    at Object.jsonOpAsync (deno:core/core.js:240:12)
    at async Object.connect (deno:cli/rt/30_net.js:224:13)
    at async SmtpClient.connect (smtp.ts:56:18)
    at async sendInBulk (mailer.ts:29:7)
    at async run (app.ts:21:3)
    at async app.ts:28:5
    at async runEvery (helpers.ts:50:5)
    at async app.ts:27:3

2020-12-15 16:54 INFO    
⭐ success GET http://jupegarnica.com/

Downtime 0.0%
Delay/average 393.0/549.5ms
Monitored during 1 days

2020-12-15 16:54 ERROR   
Error sending email
Error: failed to lookup address information: Name or service not known
    at processResponse (deno:core/core.js:223:11)
    at Object.jsonOpAsync (deno:core/core.js:240:12)
    at async Object.connect (deno:cli/rt/30_net.js:224:13)
    at async SmtpClient.connect (smtp.ts:56:18)
    at async sendInBulk (mailer.ts:29:7)
    at async run (app.ts:21:3)
    at async app.ts:28:5
    at async runEvery (helpers.ts:50:5)
    at async app.ts:27:3

2020-12-15 16:55 INFO    
⭐ success GET http://jupegarnica.com/

Downtime 0.0%
Delay/average 440.0/548.1ms
Monitored during 1 days

2020-12-15 16:55 ERROR   
Error sending email
Error: failed to lookup address information: Name or service not known
    at processResponse (deno:core/core.js:223:11)
    at Object.jsonOpAsync (deno:core/core.js:240:12)
    at async Object.connect (deno:cli/rt/30_net.js:224:13)
    at async SmtpClient.connect (smtp.ts:56:18)
    at async sendInBulk (mailer.ts:29:7)
    at async run (app.ts:21:3)
    at async app.ts:28:5
    at async runEvery (helpers.ts:50:5)
    at async app.ts:27:3

2020-12-15 16:56 INFO    
⭐ success GET http://jupegarnica.com/

Downtime 0.0%
Delay/average 402.0/546.4ms
Monitored during 1 days

2020-12-15 16:56 ERROR   
Error sending email
Error: failed to lookup address information: Name or service not known
    at processResponse (deno:core/core.js:223:11)
    at Object.jsonOpAsync (deno:core/core.js:240:12)
    at async Object.connect (deno:cli/rt/30_net.js:224:13)
    at async SmtpClient.connect (smtp.ts:56:18)
    at async sendInBulk (mailer.ts:29:7)
    at async run (app.ts:21:3)
    at async app.ts:28:5
    at async runEvery (helpers.ts:50:5)
    at async app.ts:27:3

2020-12-15 16:57 INFO    
⭐ success GET http://jupegarnica.com/

Downtime 0.0%
Delay/average 390.0/544.5ms
Monitored during 1 days

2020-12-15 16:57 ERROR   
Error sending email
Error: failed to lookup address information: Name or service not known
    at processResponse (deno:core/core.js:223:11)
    at Object.jsonOpAsync (deno:core/core.js:240:12)
    at async Object.connect (deno:cli/rt/30_net.js:224:13)
    at async SmtpClient.connect (smtp.ts:56:18)
    at async sendInBulk (mailer.ts:29:7)
    at async run (app.ts:21:3)
    at async app.ts:28:5
    at async runEvery (helpers.ts:50:5)
    at async app.ts:27:3

2020-12-15 16:58 INFO    
⭐ success GET http://jupegarnica.com/

Downtime 0.0%
Delay/average 473.0/543.6ms
Monitored during 1 days

2020-12-15 16:58 ERROR   
Error sending email
Error: failed to lookup address information: Name or service not known
    at processResponse (deno:core/core.js:223:11)
    at Object.jsonOpAsync (deno:core/core.js:240:12)
    at async Object.connect (deno:cli/rt/30_net.js:224:13)
    at async SmtpClient.connect (smtp.ts:56:18)
    at async sendInBulk (mailer.ts:29:7)
    at async run (app.ts:21:3)
    at async app.ts:28:5
    at async runEvery (helpers.ts:50:5)
    at async app.ts:27:3

2020-12-15 16:59 INFO    
⭐ success GET http://jupegarnica.com/

Downtime 0.0%
Delay/average 396.0/541.9ms
Monitored during 1 days

2020-12-15 16:59 ERROR   
Error sending email
Error: failed to lookup address information: Name or service not known
    at processResponse (deno:core/core.js:223:11)
    at Object.jsonOpAsync (deno:core/core.js:240:12)
    at async Object.connect (deno:cli/rt/30_net.js:224:13)
    at async SmtpClient.connect (smtp.ts:56:18)
    at async sendInBulk (mailer.ts:29:7)
    at async run (app.ts:21:3)
    at async app.ts:28:5
    at async runEvery (helpers.ts:50:5)
    at async app.ts:27:3

2020-12-15 17:00 INFO    
⭐ success GET http://jupegarnica.com/

Downtime 0.0%
Delay/average 421.0/540.5ms
Monitored during 1 days

2020-12-15 17:00 ERROR   
Error sending email
Error: failed to lookup address information: Name or service not known
    at processResponse (deno:core/core.js:223:11)
    at Object.jsonOpAsync (deno:core/core.js:240:12)
    at async Object.connect (deno:cli/rt/30_net.js:224:13)
    at async SmtpClient.connect (smtp.ts:56:18)
    at async sendInBulk (mailer.ts:29:7)
    at async run (app.ts:21:3)
    at async app.ts:28:5
    at async runEvery (helpers.ts:50:5)
    at async app.ts:27:3

2020-12-15 17:01 INFO    
⭐ success GET http://jupegarnica.com/

Downtime 0.0%
Delay/average 1485.0/551.3ms
Monitored during 1 days

2020-12-15 17:01 ERROR   
Error sending email
Error: failed to lookup address information: Name or service not known
    at processResponse (deno:core/core.js:223:11)
    at Object.jsonOpAsync (deno:core/core.js:240:12)
    at async Object.connect (deno:cli/rt/30_net.js:224:13)
    at async SmtpClient.connect (smtp.ts:56:18)
    at async sendInBulk (mailer.ts:29:7)
    at async run (app.ts:21:3)
    at async app.ts:28:5
    at async runEvery (helpers.ts:50:5)
    at async app.ts:27:3

2020-12-15 17:02 INFO    
⭐ success GET http://jupegarnica.com/

Downtime 0.0%
Delay/average 277.0/548.2ms
Monitored during 1 days

2020-12-15 17:02 ERROR   
Error sending email
Error: failed to lookup address information: Name or service not known
    at processResponse (deno:core/core.js:223:11)
    at Object.jsonOpAsync (deno:core/core.js:240:12)
    at async Object.connect (deno:cli/rt/30_net.js:224:13)
    at async SmtpClient.connect (smtp.ts:56:18)
    at async sendInBulk (mailer.ts:29:7)
    at a