2020-12-16 19:11 INFO    
⭐ success GET http://jupegarnica.com/

Downtime 0.0%
Delay/average 345.0/539.2ms
Monitored during 3 days

2020-12-16 19:11 ERROR   
Error sending email
Error: failed to lookup address information: Name or service not known
    at processResponse (deno:core/core.js:223:11)
    at Object.jsonOpAsync (deno:core/core.js:240:12)
    at async Object.connect (deno:cli/rt/30_net.js:224:13)
    at async SmtpClient.connect (smtp.ts:56:18)
    at async sendInBulk (mailer.ts:29:7)
    at async run (app.ts:21:3)
    at async app.ts:28:5
    at async runEvery (helpers.ts:50:5)
    at async app.ts:27:3

2020-12-16 19:12 INFO    
⭐ success GET http://jupegarnica.com/

Downtime 0.0%
Delay/average 446.0/538.2ms
Monitored during 3 days

2020-12-16 19:12 ERROR   
Error sending email
Error: failed to lookup address information: Name or service not known
    at processResponse (deno:core/core.js:223:11)
    at Object.jsonOpAsync (deno:core/core.js:240:12)
    at async Object.connect (deno:cli/rt/30_net.js:224:13)
    at async SmtpClient.connect (smtp.ts:56:18)
    at async sendInBulk (mailer.ts:29:7)
    at async run (app.ts:21:3)
    at async app.ts:28:5
    at async runEvery (helpers.ts:50:5)
    at async app.ts:27:3

2020-12-16 19:13 INFO    
⭐ success GET http://jupegarnica.com/

Downtime 0.0%
Delay/average 416.0/536.9ms
Monitored during 3 days

2020-12-16 19:13 ERROR   
Error sending email
Error: failed to lookup address information: Name or service not known
    at processResponse (deno:core/core.js:223:11)
    at Object.jsonOpAsync (deno:core/core.js:240:12)
    at async Object.connect (deno:cli/rt/30_net.js:224:13)
    at async SmtpClient.connect (smtp.ts:56:18)
    at async sendInBulk (mailer.ts:29:7)
    at async run (app.ts:21:3)
    at async app.ts:28:5
    at async runEvery (helpers.ts:50:5)
    at async app.ts:27:3

2020-12-16 19:14 INFO    
⭐ success GET http://jupegarnica.com/

Downtime 0.0%
Delay/average 287.0/534.3ms
Monitored during 3 days

2020-12-16 19:14 ERROR   
Error sending email
Error: failed to lookup address information: Name or service not known
    at processResponse (deno:core/core.js:223:11)
    at Object.jsonOpAsync (deno:core/core.js:240:12)
    at async Object.connect (deno:cli/rt/30_net.js:224:13)
    at async SmtpClient.connect (smtp.ts:56:18)
    at async sendInBulk (mailer.ts:29:7)
    at async run (app.ts:21:3)
    at async app.ts:28:5
    at async runEvery (helpers.ts:50:5)
    at async app.ts:27:3

2020-12-16 19:15 INFO    
⭐ success GET http://jupegarnica.com/

Downtime 0.0%
Delay/average 422.0/533.1ms
Monitored during 3 days

2020-12-16 19:15 ERROR   
Error sending email
Error: failed to lookup address information: Name or service not known
    at processResponse (deno:core/core.js:223:11)
    at Object.jsonOpAsync (deno:core/core.js:240:12)
    at async Object.connect (deno:cli/rt/30_net.js:224:13)
    at async SmtpClient.connect (smtp.ts:56:18)
    at async sendInBulk (mailer.ts:29:7)
    at async run (app.ts:21:3)
    at async app.ts:28:5
    at async runEvery (helpers.ts:50:5)
    at async app.ts:27:3

2020-12-16 19:16 INFO    
⭐ success GET http://jupegarnica.com/

Downtime 0.0%
Delay/average 368.0/531.4ms
Monitored during 3 days

2020-12-16 19:16 ERROR   
Error sending email
Error: failed to lookup address information: Name or service not known
    at processResponse (deno:core/core.js:223:11)
    at Object.jsonOpAsync (deno:core/core.js:240:12)
    at async Object.connect (deno:cli/rt/30_net.js:224:13)
    at async SmtpClient.connect (smtp.ts:56:18)
    at async sendInBulk (mailer.ts:29:7)
    at async run (app.ts:21:3)
    at async app.ts:28:5
    at async runEvery (helpers.ts:50:5)
    at async app.ts:27:3

2020-12-16 19:17 INFO    
⭐ success GET http://jupegarnica.com/

Downtime 0.0%
Delay/average 680.0/532.9ms
Monitored during 3 days

2020-12-16 19:17 ERROR   
Error sending email
Error: failed to lookup address information: Name or service not known
    at processResponse (deno:core/core.js:223:11)
    at Object.jsonOpAsync (deno:core/core.js:240:122020-12-16 19:24 INFO    
⭐ success GET http://jupegarnica.com/

Downtime 0.0%
Delay/average 548.0/509.1ms
Monitored during 3 days

2020-12-16 19:24 ERROR   
❌ fail from GET http://jupegarnica.com/random

Downtime 100.0%
Delay/av.: 169.0ms / 156.3ms
Monitored during 0 days
Error: Request failed with status code 404
    at createError (createError.ts:14:17)
    at settle (settle.ts:9:12)
    at fetchAdapter.ts:62:13

2020-12-16 19:24 ERROR   
Error sending email
Error: failed to lookup address information: Name or service not known
    at processResponse (deno:core/core.js:223:11)
    at Object.jsonOpAsync (deno:core/core.js:240:12)
    at async Object.connect (deno:cli/rt/30_net.js:224:13)
    at async SmtpClient.connect (smtp.ts:56:18)
    at async sendInBulk (mailer.ts:29:7)
    at async run (app.ts:21:3)
    at async app.ts:28:5
    at async runEvery (helpers.ts:50:5)
    at async app.ts:27:3

2020-12-16 19:25 INFO    
⭐ success GET http://jupegarnica.com/

Downtime 0.0%
Delay/average 311.0/507.3ms
Monitored during 3 days

2020-12-16 19:25 ERROR   
❌ fail from GET http://jupegarnica.com/random

Downtime 100.0%
Delay/av.: 139.0ms / 153.9ms
Monitored during 0 days
Error: Request failed with status code 404
    at createError (createError.ts:14:17)
    at settle (settle.ts:9:12)
    at fetchAdapter.ts:62:13

2020-12-16 19:25 ERROR   
Error sending email
Error: failed to lookup address information: Name or service not known
    at processResponse (deno:core/core.js:223:11)
    at Object.jsonOpAsync (deno:core/core.js:240:12)
    at async Object.connect (deno:cli/rt/30_net.js:224:13)
    at async SmtpClient.connect (smtp.ts:56:18)
    at async sendInBulk (mailer.ts:29:7)
    at async run (app.ts:21:3)
    at async app.ts:28:5
    at async runEvery (helpers.ts:50:5)
    at async app.ts:27:3

2020-12-16 19:25 INFO    
⭐ success GET http://jupegarnica.com/

Downtime 0.0%
Delay/average 134.0/504.1ms
Monitored during 3 days

2020-12-16 19:25 ERROR   
❌ fail from GET http://jupegarnica.com/random

Downtime 100.0%
Delay/av.: 131.0ms / 151.0ms
Monitored during 0 days
Error: Request failed with status code 404
    at createError (createError.ts:14:17)
    at settle (settle.ts:9:12)
    at fetchAdapter.ts:62:13

2020-12-16 19:25 ERROR   
Error sending email
Error: failed to lookup address information: Name or service not known
    at processResponse (deno:core/core.js:223:11)
    at Object.jsonOpAsync (deno:core/core.js:240:12)
    at async Object.connect (deno:cli/rt/30_net.js:224:13)
    at async SmtpClient.connect (smtp.ts:56:18)
    at async sendInBulk (mailer.ts:29:7)
    at async run (app.ts:21:3)
    at async app.ts:28:5
    at async runEvery (helpers.ts:50:5)
    at async app.ts:27:3

2020-12-16 19:25 INFO    
⭐ success GET http://jupegarnica.com/

Downtime 0.0%
Delay/average 188.0/501.3ms
Monitored during 3 days

2020-12-16 19:25 ERROR   
❌ fail from GET http://jupegarnica.com/random

Downtime 100.0%
Delay/av.: 170.0ms / 153.1ms
Monitored during 0 days
Error: Request failed with status code 404
    at createError (createError.ts:14:17)
    at settle (settle.ts:9:12)
    at fetchAdapter.ts:62:13

2020-12-16 19:25 ERROR   
Error sending email
Error: failed to lookup address information: Name or service not known
    at processResponse (deno:core/core.js:223:11)
    at Object.jsonOpAsync (deno:core/core.js:240:12)
    at async Object.connect (deno:cli/rt/30_net.js:224:13)
    at async SmtpClient.connect (smtp.ts:56:18)
    at async sendInBulk (mailer.ts:29:7)
    at async run (app.ts:21:3)
    at async app.ts:28:5
    at async runEvery (helpers.ts:50:5)
    at async app.ts:27:3

2020-12-16 19:25 INFO    
⭐ success GET http://jupegarnica.com/

Downtime 0.0%
Delay/average 180.0/498.6ms
Monitored during 3 days

2020-12-16 19:25 ERROR   
❌ fail from GET http://jupegarnica.com/random

Downtime 100.0%
Delay/av.: 172.0ms / 155.0ms
Monitored during 0 days
Error: Request failed with status code 404
    at createError (createError.ts:14:17)
    at settle (settle.ts:9:12)
    at fetchAdapter.ts:62:13

2020-12-16 19:252020-12-16 19:26 INFO    
⭐ success GET http://jupegarnica.com/

Downtime 0.0%
Delay/average 332.0/493.8ms
Monitored during 3 days

2020-12-16 19:26 ERROR   
❌ fail from GET http://jupegarnica.com/random

Downtime 100.0%
Delay/av.: 188.0ms / 165.1ms
Monitored during 0 days
Error: Request failed with status code 404
    at createError (createError.ts:14:17)
    at settle (settle.ts:9:12)
    at fetchAdapter.ts:62:13

2020-12-16 19:26 ERROR   
Error sending email
Error: failed to lookup address information: Name or service not known
    at processResponse (deno:core/core.js:223:11)
    at Object.jsonOpAsync (deno:core/core.js:240:12)
    at async Object.connect (deno:cli/rt/30_net.js:224:13)
    at async SmtpClient.connect (smtp.ts:56:18)
    at async sendInBulk (mailer.ts:29:7)
    at async run (app.ts:21:3)
    at async app.ts:28:5
    at async runEvery (helpers.ts:50:5)
    at async app.ts:27:3

2020-12-16 19:26 INFO    
⭐ success GET http://jupegarnica.com/

Downtime 0.0%
Delay/average 201.0/491.4ms
Monitored during 3 days

2020-12-16 19:26 ERROR   
❌ fail from GET http://jupegarnica.com/random

Downtime 100.0%
Delay/av.: 167.0ms / 165.2ms
Monitored during 0 days
Error: Request failed with status code 404
    at createError (createError.ts:14:17)
    at settle (settle.ts:9:12)
    at fetchAdapter.ts:62:13

2020-12-16 19:26 ERROR   
Error sending email
Error: failed to lookup address information: Name or service not known
    at processResponse (deno:core/core.js:223:11)
    at Object.jsonOpAsync (deno:core/core.js:240:12)
    at async Object.connect (deno:cli/rt/30_net.js:224:13)
    at async SmtpClient.connect (smtp.ts:56:18)
    at async sendInBulk (mailer.ts:29:7)
    at async run (app.ts:21:3)
    at async app.ts:28:5
    at async runEvery (helpers.ts:50:5)
    at async app.ts:27:3

2020-12-16 19:26 INFO    
⭐ success GET http://jupegarnica.com/

Downtime 0.0%
Delay/average 166.0/488.7ms
Monitored during 3 days

2020-12-16 19:26 ERROR   
❌ fail from GET http://jupegarnica.com/random

Downtime 100.0%
Delay/av.: 133.0ms / 163.2ms
Monitored during 0 days
Error: Request failed with status code 404
    at createError (createError.ts:14:17)
    at settle (settle.ts:9:12)
    at fetchAdapter.ts:62:13

2020-12-16 19:26 ERROR   
Error sending email
Error: failed to lookup address information: Name or service not known
    at processResponse (deno:core/core.js:223:11)
    at Object.jsonOpAsync (deno:core/core.js:240:12)
    at async Object.connect (deno:cli/rt/30_net.js:224:13)
    at async SmtpClient.connect (smtp.ts:56:18)
    at async sendInBulk (mailer.ts:29:7)
    at async run (app.ts:21:3)
    at async app.ts:28:5
    at async runEvery (helpers.ts:50:5)
    at async app.ts:27:3

2020-12-16 19:26 INFO    
⭐ success GET http://jupegarnica.com/

Downtime 0.0%
Delay/average 149.0/486.0ms
Monitored during 3 days

2020-12-16 19:26 ERROR   
❌ fail from GET http://jupegarnica.com/random

Downtime 100.0%
Delay/av.: 209.0ms / 165.9ms
Monitored during 0 days
Error: Request failed with status code 404
    at createError (createError.ts:14:17)
    at settle (settle.ts:9:12)
    at fetchAdapter.ts:62:13

2020-12-16 19:26 ERROR   
Error sending email
Error: failed to lookup address information: Name or service not known
    at processResponse (deno:core/core.js:223:11)
    at Object.jsonOpAsync (deno:core/core.js:240:12)
    at async Object.connect (deno:cli/rt/30_net.js:224:13)
    at async SmtpClient.connect (smtp.ts:56:18)
    at async sendInBulk (mailer.ts:29:7)
    at async run (app.ts:21:3)
    at async app.ts:28:5
    at async runEvery (helpers.ts:50:5)
    at async app.ts:27:3

2020-12-16 19:26 INFO    
⭐ success GET http://jupegarnica.com/

Downtime 0.0%
Delay/average 128.0/483.1ms
Monitored during 3 days

2020-12-16 19:26 ERROR   
❌ fail from GET http://jupegarnica.com/random

Downtime 100.0%
Delay/av.: 252.0ms / 170.7ms
Monitored during 0 days
Error: Request failed with status code 404
    at createError (createError.ts:14:17)
    at settle (settle.ts:9:12)
    at fetchAdapter.ts:62:13

2020-12-16 19:262020-12-16 19:27 INFO    
⭐ success GET http://jupegarnica.com/

Downtime 0.0%
Delay/average 352.0/477.8ms
Monitored during 3 days

2020-12-16 19:27 ERROR   
❌ fail from GET http://jupegarnica.com/random

Downtime 100.0%
Delay/av.: 215.0ms / 169.6ms
Monitored during 0 days
Error: Request failed with status code 404
    at createError (createError.ts:14:17)
    at settle (settle.ts:9:12)
    at fetchAdapter.ts:62:13

2020-12-16 19:27 ERROR   
Error sending email
Error: failed to lookup address information: Name or service not known
    at processResponse (deno:core/core.js:223:11)
    at Object.jsonOpAsync (deno:core/core.js:240:12)
    at async Object.connect (deno:cli/rt/30_net.js:224:13)
    at async SmtpClient.connect (smtp.ts:56:18)
    at async sendInBulk (mailer.ts:29:7)
    at async run (app.ts:21:3)
    at async app.ts:28:5
    at async runEvery (helpers.ts:50:5)
    at async app.ts:27:3

2020-12-16 19:27 INFO    
⭐ success GET http://jupegarnica.com/

Downtime 0.0%
Delay/average 200.0/475.6ms
Monitored during 3 days

2020-12-16 19:27 ERROR   
❌ fail from GET http://jupegarnica.com/random

Downtime 100.0%
Delay/av.: 135.0ms / 168.0ms
Monitored during 0 days
Error: Request failed with status code 404
    at createError (createError.ts:14:17)
    at settle (settle.ts:9:12)
    at fetchAdapter.ts:62:13

2020-12-16 19:27 ERROR   
Error sending email
Error: failed to lookup address information: Name or service not known
    at processResponse (deno:core/core.js:223:11)
    at Object.jsonOpAsync (deno:core/core.js:240:12)
    at async Object.connect (deno:cli/rt/30_net.js:224:13)
    at async SmtpClient.connect (smtp.ts:56:18)
    at async sendInBulk (mailer.ts:29:7)
    at async run (app.ts:21:3)
    at async app.ts:28:5
    at async runEvery (helpers.ts:50:5)
    at async app.ts:27:3

2020-12-16 19:27 INFO    
⭐ success GET http://jupegarnica.com/

Downtime 0.0%
Delay/average 217.0/473.6ms
Monitored during 3 days

2020-12-16 19:27 ERROR   
❌ fail from GET http://jupegarnica.com/random

Downtime 100.0%
Delay/av.: 194.0ms / 169.1ms
Monitored during 0 days
Error: Request failed with status code 404
    at createError (createError.ts:14:17)
    at settle (settle.ts:9:12)
    at fetchAdapter.ts:62:13

2020-12-16 19:27 ERROR   
Error sending email
Error: failed to lookup address information: Name or service not known
    at processResponse (deno:core/core.js:223:11)
    at Object.jsonOpAsync (deno:core/core.js:240:12)
    at async Object.connect (deno:cli/rt/30_net.js:224:13)
    at async SmtpClient.connect (smtp.ts:56:18)
    at async sendInBulk (mailer.ts:29:7)
    at async run (app.ts:21:3)
    at async app.ts:28:5
    at async runEvery (helpers.ts:50:5)
    at async app.ts:27:3

2020-12-16 19:27 INFO    
⭐ success GET http://jupegarnica.com/

Downtime 0.0%
Delay/average 161.0/471.2ms
Monitored during 3 days

2020-12-16 19:27 ERROR   
❌ fail from GET http://jupegarnica.com/random

Downtime 100.0%
Delay/av.: 133.0ms / 167.6ms
Monitored during 0 days
Error: Request failed with status code 404
    at createError (createError.ts:14:17)
    at settle (settle.ts:9:12)
    at fetchAdapter.ts:62:13

2020-12-16 19:27 ERROR   
Error sending email
Error: failed to lookup address information: Name or service not known
    at processResponse (deno:core/core.js:223:11)
    at Object.jsonOpAsync (deno:core/core.js:240:12)
    at async Object.connect (deno:cli/rt/30_net.js:224:13)
    at async SmtpClient.connect (smtp.ts:56:18)
    at async sendInBulk (mailer.ts:29:7)
    at async run (app.ts:21:3)
    at async app.ts:28:5
    at async runEvery (helpers.ts:50:5)
    at async app.ts:27:3

2020-12-16 19:27 INFO    
⭐ success GET http://jupegarnica.com/

Downtime 0.0%
Delay/average 173.0/468.9ms
Monitored during 3 days

2020-12-16 19:27 ERROR   
❌ fail from GET http://jupegarnica.com/random

Downtime 100.0%
Delay/av.: 172.0ms / 167.8ms
Monitored during 0 days
Error: Request failed with status code 404
    at createError (createError.ts:14:17)
    at settle (settle.ts:9:12)
    at fetchAdapter.ts:62:13

2020-12-16 19:272020-12-16 19:57 INFO    
⭐ success GET http://jupegarnica.com/

Downtime 0.0%
Delay/average 658.0/463.1ms
Monitored during 3 days

2020-12-16 19:57 ERROR   
❌ fail from GET http://jupegarnica.com/random

Downtime 100.0%
Delay/av.: 270.0ms / 167.6ms
Monitored during 0 days
Error: Request failed with status code 404
    at createError (createError.ts:14:17)
    at settle (settle.ts:9:12)
    at fetchAdapter.ts:62:13

2020-12-16 19:57 ERROR   
Error sending email
Error: failed to lookup address information: Name or service not known
    at processResponse (deno:core/core.js:223:11)
    at Object.jsonOpAsync (deno:core/core.js:240:12)
    at async Object.connect (deno:cli/rt/30_net.js:224:13)
    at async SmtpClient.connect (smtp.ts:56:18)
    at async sendInBulk (mailer.ts:29:7)
    at async run (app.ts:21:3)
    at async app.ts:28:5
    at async runEvery (helpers.ts:66:5)
    at async app.ts:27:3

2020-12-16 19:57 INFO    
⭐ success GET http://jupegarnica.com/

Downtime 0.0%
Delay/average 151.0/460.9ms
Monitored during 3 days

2020-12-16 19:57 ERROR   
❌ fail from GET http://jupegarnica.com/random

Downtime 100.0%
Delay/av.: 137.0ms / 166.7ms
Monitored during 0 days
Error: Request failed with status code 404
    at createError (createError.ts:14:17)
    at settle (settle.ts:9:12)
    at fetchAdapter.ts:62:13

2020-12-16 19:57 ERROR   
Error sending email
Error: failed to lookup address information: Name or service not known
    at processResponse (deno:core/core.js:223:11)
    at Object.jsonOpAsync (deno:core/core.js:240:12)
    at async Object.connect (deno:cli/rt/30_net.js:224:13)
    at async SmtpClient.connect (smtp.ts:56:18)
    at async sendInBulk (mailer.ts:29:7)
    at async run (app.ts:21:3)
    at async app.ts:28:5
    at async runEvery (helpers.ts:66:5)
    at async app.ts:27:3

2020-12-16 19:57 INFO    
⭐ success GET http://jupegarnica.com/

Downtime 0.0%
Delay/average 208.0/459.1ms
Monitored during 3 days

2020-12-16 19:57 ERROR   
❌ fail from GET http://jupegarnica.com/random

Downtime 100.0%
Delay/av.: 171.0ms / 166.9ms
Monitored during 0 days
Error: Request failed with status code 404
    at createError (createError.ts:14:17)
    at settle (settle.ts:9:12)
    at fetchAdapter.ts:62:13

2020-12-16 19:57 ERROR   
Error sending email
Error: failed to lookup address information: Name or service not known
    at processResponse (deno:core/core.js:223:11)
    at Object.jsonOpAsync (deno:core/core.js:240:12)
    at async Object.connect (deno:cli/rt/30_net.js:224:13)
    at async SmtpClient.connect (smtp.ts:56:18)
    at async sendInBulk (mailer.ts:29:7)
    at async run (app.ts:21:3)
    at async app.ts:28:5
    at async runEvery (helpers.ts:66:5)
    at async app.ts:27:3

2020-12-16 19:57 INFO    
⭐ success GET http://jupegarnica.com/

Downtime 0.0%
Delay/average 177.0/457.1ms
Monitored during 3 days

2020-12-16 19:57 ERROR   
❌ fail from GET http://jupegarnica.com/random

Downtime 100.0%
Delay/av.: 165.0ms / 166.8ms
Monitored during 0 days
Error: Request failed with status code 404
    at createError (createError.ts:14:17)
    at settle (settle.ts:9:12)
    at fetchAdapter.ts:62:13

2020-12-16 19:57 ERROR   
Error sending email
Error: failed to lookup address information: Name or service not known
    at processResponse (deno:core/core.js:223:11)
    at Object.jsonOpAsync (deno:core/core.js:240:12)
    at async Object.connect (deno:cli/rt/30_net.js:224:13)
    at async SmtpClient.connect (smtp.ts:56:18)
    at async sendInBulk (mailer.ts:29:7)
    at async run (app.ts:21:3)
    at async app.ts:28:5
    at async runEvery (helpers.ts:66:5)
    at async app.ts:27:3

2020-12-16 19:57 INFO    
⭐ success GET http://jupegarnica.com/

Downtime 0.0%
Delay/average 130.0/454.8ms
Monitored during 3 days

2020-12-16 19:57 ERROR   
❌ fail from GET http://jupegarnica.com/random

Downtime 100.0%
Delay/av.: 131.0ms / 165.8ms
Monitored during 0 days
Error: Request failed with status code 404
    at createError (createError.ts:14:17)
    at settle (settle.ts:9:12)
    at fetchAdapter.ts:62:13

2020-12-16 19:57 ERROR   
Error sending email
Error: failed to lookup address information: Name or service not known
    at processResponse (deno:core/core.js:223:11)
    at Object.jsonOpAsync (deno:core/core.js:240:12)
    at async Object.connect (deno:cli/rt/30_net.js:224:13)
    at async SmtpClient.connect (smtp.ts:56:18)
    at async sendInBulk (mailer.ts:29:7)
    at async run (app.ts:21:3)
    at async app.ts:28:5
    at async runEvery (helpers.ts:66:5)
    at async app.ts:27:3

2020-12-16 19:57 INFO    
⭐ success GET http://jupegarnica.com/

Downtime 0.0%
Delay/average 126.0/452.5ms
Monitored during 3 days

2020-12-16 19:57 ERROR   
❌ fail from GET http://jupegarnica.com/random

Downtime 100.0%
Delay/av.: 134.0ms / 165.0ms
Monitored during 0 days
Error: Request failed with status code 404
    at createError (createError.ts:14:17)
    at settle (settle.ts:9:12)
    at fetchAdapter.ts:62:13

2020-12-16 19:57 ERROR   
Error sending email
Error: failed to lookup address information: Name or service not known
    at processResponse (deno:core/core.js:223:11)
    at Object.jsonOpAsync (deno:core/core.js:240:12)
    at async Object.connect (deno:cli/rt/30_net.js:224:13)
    at async SmtpClient.connect (smtp.ts:56:18)
    at async sendInBulk (mailer.ts:29:7)
    at async run (app.ts:21:3)
    at async app.ts:28:5
    at async runEvery (helpers.ts:66:5)
    at async app.ts:27:3

2020-12-16 19:57 INFO    
⭐ success GET http://jupegarnica.com/

Downtime 0.0%
Delay/average 124.0/450.2ms
Monitored during 3 days

2020-12-16 19:57 ERROR   
❌ fail from GET http://jupegarnica.com/random

Downtime 100.0%
Delay/av.: 120.0ms / 163.8ms
Monitored during 0 days
Error: Request failed with status code 404
    at createError (createError.ts:14:17)
    at settle (settle.ts:9:12)
    at fetchAdapter.ts:62:13

2020-12-16 19:57 ERROR   
Error sending email
Error: failed to lookup address information: Name or service not known
    at processResponse (deno:core/core.js:223:11)
    at Object.jsonOpAsync (deno:core/core.js:240:12)
    at async Object.connect (deno:cli/rt/30_net.js:224:13)
    at async SmtpClient.connect (smtp.ts:56:18)
    at async sendInBulk (mailer.ts:29:7)
    at async run (app.ts:21:3)
    at async app.ts:28:5
    at async runEvery (helpers.ts:66:5)
    at async app.ts:27:3

2020-12-16 19:57 INFO    
⭐ success GET http://jupegarnica.com/

Downtime 0.0%
Delay/average 191.0/448.5ms
Monitored during 3 days

2020-12-16 19:57 ERROR   
❌ fail from GET http://jupegarnica.com/random

Downtime 100.0%
Delay/av.: 128.0ms / 162.9ms
Monitored during 0 days
Error: Request failed with status code 404
    at createError (createError.ts:14:17)
    at settle (settle.ts:9:12)
    at fetchAdapter.ts:62:13

2020-12-16 19:57 ERROR   
Error sending email
Error: failed to lookup address information: Name or service not known
    at processResponse (deno:core/core.js:223:11)
    at Object.jsonOpAsync (deno:core/core.js:240:12)
    at async Object.connect (deno:cli/rt/30_net.js:224:13)
    at async SmtpClient.connect (smtp.ts:56:18)
    at async sendInBulk (mailer.ts:29:7)
    at async run (app.ts:21:3)
    at async app.ts:28:5
    at async runEvery (helpers.ts:66:5)
    at async app.ts:27:3

2020-12-16 19:58 INFO    
⭐ success GET http://jupegarnica.com/

Downtime 0.0%
Delay/average 248.0/447.1ms
Monitored during 3 days

2020-12-16 19:58 ERROR   
❌ fail from GET http://jupegarnica.com/random

Downtime 100.0%
Delay/av.: 197.0ms / 163.8ms
Monitored during 0 days
Error: Request failed with status code 404
    at createError (createError.ts:14:17)
    at settle (settle.ts:9:12)
    at fetchAdapter.ts:62:13

2020-12-16 19:58 ERROR   
Error sending email
Error: failed to lookup address information: Name or service not known
    at processResponse (deno:core/core.js:223:11)
    at Object.jsonOpAsync (deno:core/core.js:240:12)
    at async Object.connect (deno:cli/rt/30_net.js:224:13)
    at async SmtpClient.connect (smtp.ts:56:18)
    at async sendInBulk (mailer.ts:29:7)
    at async run (app.ts:21:3)
    at async app.ts:28:5
    at async runEvery (helpers.ts:66:5)
    at async app.ts:27:3

2020-12-16 19:58 INFO    
⭐ success GET http://jupegarnica.com/

Downtime 0.0%
Delay/average 152.0/445.1ms
Monitored during 3 days

2020-12-16 19:58 ERROR   
❌ fail from GET http://jupegarnica.com/random

Downtime 100.0%
Delay/av.: 260.0ms / 166.1ms
Monitored during 0 days
Error: Request failed with status code 404
    at createError (createError.ts:14:17)
    at settle (settle.ts:9:12)
    at fetchAdapter.ts:62:13

2020-12-16 19:58 ERROR   
Error sending email
Error: failed to lookup address information: Name or service not known
    at processResponse (deno:core/core.js:223:11)
    at Object.jsonOpAsync (deno:core/core.js:240:12)
    at async Object.connect (deno:cli/rt/30_net.js:224:13)
    at async SmtpClient.connect (smtp.ts:56:18)
    at async sendInBulk (mailer.ts:29:7)
    at async run (app.ts:21:3)
    at async app.ts:28:5
    at async runEvery (helpers.ts:66:5)
    at async app.ts:27:3

2020-12-16 19:58 INFO    
⭐ success GET http://jupegarnica.com/

Downtime 0.0%
Delay/average 126.0/443.0ms
Monitored during 3 days

2020-12-16 19:58 ERROR   
❌ fail from GET http://jupegarnica.com/random

Downtime 100.0%
Delay/av.: 129.0ms / 165.2ms
Monitored during 0 days
Error: Request failed with status code 404
    at createError (createError.ts:14:17)
    at settle (settle.ts:9:12)
    at fetchAdapter.ts:62:13

2020-12-16 19:58 ERROR   
Error sending email
Error: failed to lookup address information: Name or service not known
    at processResponse (deno:core/core.js:223:11)
    at Object.jsonOpAsync (deno:core/core.js:240:12)
    at async Object.connect (deno:cli/rt/30_net.js:224:13)
    at async SmtpClient.connect (smtp.ts:56:18)
    at async sendInBulk (mailer.ts:29:7)
    at async run (app.ts:21:3)
    at async app.ts:28:5
    at async runEvery (helpers.ts:66:5)
    at async app.ts:27:3

2020-12-16 19:58 INFO    
⭐ success GET http://jupegarnica.com/

Downtime 0.0%
Delay/average 272.0/441.8ms
Monitored during 3 days

2020-12-16 19:58 ERROR   
❌ fail from GET http://jupegarnica.com/random

Downtime 100.0%
Delay/av.: 260.0ms / 167.4ms
Monitored during 0 days
Error: Request failed with status code 404
    at createError (createError.ts:14:17)
    at settle (settle.ts:9:12)
    at fetchAdapter.ts:62:13

2020-12-16 19:58 ERROR   
Error sending email
Error: failed to lookup address information: Name or service not known
    at processResponse (deno:core/core.js:223:11)
    at Object.jsonOpAsync (deno:core/core.js:240:12)
    at async Object.connect (deno:cli/rt/30_net.js:224:13)
    at async SmtpClient.connect (smtp.ts:56:18)
    at async sendInBulk (mailer.ts:29:7)
    at async run (app.ts:21:3)
    at async app.ts:28:5
    at async runEvery (helpers.ts:66:5)
    at async app.ts:27:3

2020-12-16 19:58 INFO    
⭐ success GET http://jupegarnica.com/

Downtime 0.0%
Delay/average 161.0/440.0ms
Monitored during 3 days

2020-12-16 19:58 ERROR   
❌ fail from GET http://jupegarnica.com/random

Downtime 100.0%
Delay/av.: 120.0ms / 166.3ms
Monitored during 0 days
Error: Request failed with status code 404
    at createError (createError.ts:14:17)
    at settle (settle.ts:9:12)
    at fetchAdapter.ts:62:13

2020-12-16 19:58 ERROR   
Error sending email
Error: failed to lookup address information: Name or service not known
    at processResponse (deno:core/core.js:223:11)
    at Object.jsonOpAsync (deno:core/core.js:240:12)
    at async Object.connect (deno:cli/rt/30_net.js:224:13)
    at async SmtpClient.connect (smtp.ts:56:18)
    at async sendInBulk (mailer.ts:29:7)
    at async run (app.ts:21:3)
    at async app.ts:28:5
    at async runEvery (helpers.ts:66:5)
    at async app.ts:27:3

2020-12-16 19:58 INFO    
⭐ success GET http://jupegarnica.com/

Downtime 0.0%
Delay/average 218.0/438.5ms
Monitored during 3 days

2020-12-16 19:58 ERROR   
❌ fail from GET http://jupegarnica.com/random

Downtime 100.0%
Delay/av.: 131.0ms / 165.5ms
Monitored during 0 days
Error: Request failed with status code 404
    at createError (createError.ts:14:17)
    at settle (settle.ts:9:12)
    at fetchAdapter.ts:62:13

2020-12-16 19:58 ERROR   
Error sending email
Error: failed to lookup address information: Name or service not known
    at processResponse (deno:core/core.js:223:11)
    at Object.jsonOpAsync (deno:core/core.js:240:12)
    at async Object.connect (deno:cli/rt/30_net.js:224:13)
    at async SmtpClient.connect (smtp.ts:56:18)
    at async sendInBulk (mailer.ts:29:7)
    at async run (app.ts:21:3)
    at async app.ts:28:5
    at async runEvery (helpers.ts:66:5)
    at async app.ts:27:3

2020-12-16 19:58 INFO    
⭐ success GET http://jupegarnica.com/

Downtime 0.0%
Delay/average 171.0/436.8ms
Monitored during 3 days

2020-12-16 19:58 ERROR   
❌ fail from GET http://jupegarnica.com/random

Downtime 100.0%
Delay/av.: 171.0ms / 165.7ms
Monitored during 0 days
Error: Request failed with status code 404
    at createError (createError.ts:14:17)
    at settle (settle.ts:9:12)
    at fetchAdapter.ts:62:13

2020-12-16 19:58 ERROR   
Error sending email
Error: failed to lookup address information: Name or service not known
    at processResponse (deno:core/core.js:223:11)
    at Object.jsonOpAsync (deno:core/core.js:240:12)
    at async Object.connect (deno:cli/rt/30_net.js:224:13)
    at async SmtpClient.connect (smtp.ts:56:18)
    at async sendInBulk (mailer.ts:29:7)
    at async run (app.ts:21:3)
    at async app.ts:28:5
    at async runEvery (helpers.ts:66:5)
    at async app.ts:27:3

2020-12-16 19:58 INFO    
⭐ success GET http://jupegarnica.com/

Downtime 0.0%
Delay/average 183.0/435.1ms
Monitored during 3 days

2020-12-16 19:58 ERROR   
❌ fail from GET http://jupegarnica.com/random

Downtime 100.0%
Delay/av.: 170.0ms / 165.8ms
Monitored during 0 days
Error: Request failed with status code 404
    at createError (createError.ts:14:17)
    at settle (settle.ts:9:12)
    at fetchAdapter.ts:62:13

2020-12-16 19:58 ERROR   
Error sending email
Error: failed to lookup address information: Name or service not known
    at processResponse (deno:core/core.js:223:11)
    at Object.jsonOpAsync (deno:core/core.js:240:12)
    at async Object.connect (deno:cli/rt/30_net.js:224:13)
    at async SmtpClient.connect (smtp.ts:56:18)
    at async sendInBulk (mailer.ts:29:7)
    at async run (app.ts:21:3)
    at async app.ts:28:5
    at async runEvery (helpers.ts:66:5)
    at async app.ts:27:3

2020-12-16 19:58 INFO    
⭐ success GET http://jupegarnica.com/

Downtime 0.0%
Delay/average 197.0/433.6ms
Monitored during 3 days

2020-12-16 19:58 ERROR   
❌ fail from GET http://jupegarnica.com/random

Downtime 100.0%
Delay/av.: 186.0ms / 166.2ms
Monitored during 0 days
Error: Request failed with status code 404
    at createError (createError.ts:14:17)
    at settle (settle.ts:9:12)
    at fetchAdapter.ts:62:13

2020-12-16 19:58 ERROR   
Error sending email
Error: failed to lookup address information: Name or service not known
    at processResponse (deno:core/core.js:223:11)
    at Object.jsonOpAsync (deno:core/core.js:240:12)
    at async Object.connect (deno:cli/rt/30_net.js:224:13)
    at async SmtpClient.connect (smtp.ts:56:18)
    at async sendInBulk (mailer.ts:29:7)
    at async run (app.ts:21:3)
    at async app.ts:28:5
    at async runEvery (helpers.ts:66:5)
    at async app.ts:27:3

2020-12-16 19:58 INFO    
⭐ success GET http://jupegarnica.com/

Downtime 0.0%
Delay/average 176.0/431.9ms
Monitored during 3 days

2020-12-16 19:58 ERROR   
❌ fail from GET http://jupegarnica.com/random

Downtime 100.0%
Delay/av.: 184.0ms / 166.5ms
Monitored during 0 days
Error: Request failed with status code 404
    at createError (createError.ts:14:17)
    at settle (settle.ts:9:12)
    at fetchAdapter.ts:62:13

2020-12-16 19:58 ERROR   
Error sending email
Error: failed to lookup address information: Name or service not known
    at processResponse (deno:core/core.js:223:11)
    at Object.jsonOpAsync (deno:core/core.js:240:12)
    at async Object.connect (deno:cli/rt/30_net.js:224:13)
    at async SmtpClient.connect (smtp.ts:56:18)
    at async sendInBulk (mailer.ts:29:7)
    at async run (app.ts:21:3)
    at async app.ts:28:5
    at async runEvery (helpers.ts:66:5)
    at async app.ts:27:3

2020-12-16 19:58 INFO    
⭐ success GET http://jupegarnica.com/

Downtime 0.0%
Delay/average 180.0/430.3ms
Monitored during 3 days

2020-12-16 19:58 ERROR   
❌ fail from GET http://jupegarnica.com/random

Downtime 100.0%
Delay/av.: 169.0ms / 166.6ms
Monitored during 0 days
Error: Request failed with status code 404
    at createError (createError.ts:14:17)
    at settle (settle.ts:9:12)
    at fetchAdapter.ts:62:13

2020-12-16 19:58 ERROR   
Error sending email
Error: failed to lookup address information: Name or service not known
    at processResponse (deno:core/core.js:223:11)
    at Object.jsonOpAsync (deno:core/core.js:240:12)
    at async Object.connect (deno:cli/rt/30_net.js:224:13)
    at async SmtpClient.connect (smtp.ts:56:18)
    at async sendInBulk (mailer.ts:29:7)
    at async run (app.ts:21:3)
    at async app.ts:28:5
    at async runEvery (helpers.ts:66:5)
    at async app.ts:27:3

2020-12-16 19:58 INFO    
⭐ success GET http://jupegarnica.com/

Downtime 0.0%
Delay/average 124.0/428.4ms
Monitored during 3 days

2020-12-16 19:58 ERROR   
❌ fail from GET http://jupegarnica.com/random

Downtime 100.0%
Delay/av.: 147.0ms / 166.2ms
Monitored during 0 days
Error: Request failed with status code 404
    at createError (createError.ts:14:17)
    at settle (settle.ts:9:12)
    at fetchAdapter.ts:62:13

2020-12-16 19:58 ERROR   
Error sending email
Error: failed to lookup address information: Name or service not known
    at processResponse (deno:core/core.js:223:11)
    at Object.jsonOpAsync (deno:core/core.js:240:12)
    at async Object.connect (deno:cli/rt/30_net.js:224:13)
    at async SmtpClient.connect (smtp.ts:56:18)
    at async sendInBulk (mailer.ts:29:7)
    at async run (app.ts:21:3)
    at async app.ts:28:5
    at async runEvery (helpers.ts:66:5)
    at async app.ts:27:3

2020-12-16 19:58 INFO    
⭐ success GET http://jupegarnica.com/

Downtime 0.0%
Delay/average 161.0/426.7ms
Monitored during 3 days

2020-12-16 19:58 ERROR   
❌ fail from GET http://jupegarnica.com/random

Downtime 100.0%
Delay/av.: 231.0ms / 167.4ms
Monitored during 0 days
Error: Request failed with status code 404
    at createError (createError.ts:14:17)
    at settle (settle.ts:9:12)
    at fetchAdapter.ts:62:13

2020-12-16 19:58 ERROR   
Error sending email
Error: failed to lookup address information: Name or service not known
    at processResponse (deno:core/core.js:223:11)
    at Object.jsonOpAsync (deno:core/core.js:240:12)
    at async Object.connect (deno:cli/rt/30_net.js:224:13)
    at async SmtpClient.connect (smtp.ts:56:18)
    at async sendInBulk (mailer.ts:29:7)
    at async run (app.ts:21:3)
    at async app.ts:28:5
    at async runEvery (helpers.ts:66:5)
    at async app.ts:27:3

2020-12-16 19:58 INFO    
⭐ success GET http://jupegarnica.com/

Downtime 0.0%
Delay/average 129.0/424.8ms
Monitored during 3 days

2020-12-16 19:58 ERROR   
❌ fail from GET http://jupegarnica.com/random

Downtime 100.0%
Delay/av.: 216.0ms / 168.3ms
Monitored during 0 days
Error: Request failed with status code 404
    at createError (createError.ts:14:17)
    at settle (settle.ts:9:12)
    at fetchAdapter.ts:62:13

2020-12-16 19:58 ERROR   
Error sending email
Error: failed to lookup address information: Name or service not known
    at processResponse (deno:core/core.js:223:11)
    at Object.jsonOpAsync (deno:core/core.js:240:12)
    at async Object.connect (deno:cli/rt/30_net.js:224:13)
    at async SmtpClient.connect (smtp.ts:56:18)
    at async sendInBulk (mailer.ts:29:7)
    at async run (app.ts:21:3)
    at async app.ts:28:5
    at async runEvery (helpers.ts:66:5)
    at async app.ts:27:3

2020-12-16 19:58 INFO    
⭐ success GET http://jupegarnica.com/

Downtime 0.0%
Delay/average 167.0/423.2ms
Monitored during 3 days

2020-12-16 19:58 ERROR   
❌ fail from GET http://jupegarnica.com/random

Downtime 100.0%
Delay/av.: 204.0ms / 169.0ms
Monitored during 0 days
Error: Request failed with status code 404
    at createError (createError.ts:14:17)
    at se2020-12-16 19:59 INFO    
⭐ success GET http://jupegarnica.com/

Downtime 0.0%
Delay/average 323.0/416.8ms
Monitored during 3 days

2020-12-16 19:59 ERROR   
❌ fail from GET http://jupegarnica.com/random

Downtime 100.0%
Delay/av.: 131.0ms / 167.8ms
Monitored during 0 days
Error: Request failed with status code 404
    at createError (createError.ts:14:17)
    at settle (settle.ts:9:12)
    at fetchAdapter.ts:62:13

2020-12-16 19:59 ERROR   
Error sending email
Error: failed to lookup address information: Name or service not known
    at processResponse (deno:core/core.js:223:11)
    at Object.jsonOpAsync (deno:core/core.js:240:12)
    at async Object.connect (deno:cli/rt/30_net.js:224:13)
    at async SmtpClient.connect (smtp.ts:56:18)
    at async sendInBulk (mailer.ts:29:7)
    at async run (app.ts:21:3)
    at async app.ts:28:5
    at async runEvery (helpers.ts:66:5)
    at async app.ts:27:3

2020-12-16 19:59 INFO    
⭐ success GET http://jupegarnica.com/

Downtime 0.0%
Delay/average 196.0/415.4ms
Monitored during 3 days

2020-12-16 19:59 ERROR   
❌ fail from GET http://jupegarnica.com/random

Downtime 100.0%
Delay/av.: 172.0ms / 167.8ms
Monitored during 0 days
Error: Request failed with status code 404
    at createError (createError.ts:14:17)
    at settle (settle.ts:9:12)
    at fetchAdapter.ts:62:13

2020-12-16 19:59 ERROR   
Error sending email
Error: failed to lookup address information: Name or service not known
    at processResponse (deno:core/core.js:223:11)
    at Object.jsonOpAsync (deno:core/core.js:240:12)
    at async Object.connect (deno:cli/rt/30_net.js:224:13)
    at async SmtpClient.connect (smtp.ts:56:18)
    at async sendInBulk (mailer.ts:29:7)
    at async run (app.ts:21:3)
    at async app.ts:28:5
    at async runEvery (helpers.ts:66:5)
    at async app.ts:27:3

2020-12-16 19:59 INFO    
⭐ success GET http://jupegarnica.com/

Downtime 0.0%
Delay/average 124.0/413.7ms
Monitored during 3 days

2020-12-16 19:59 ERROR   
❌ fail from GET http://jupegarnica.com/random

Downtime 100.0%
Delay/av.: 122.0ms / 167.1ms
Monitored during 0 days
Error: Request failed with status code 404
    at createError (createError.ts:14:17)
    at settle (settle.ts:9:12)
    at fetchAdapter.ts:62:13

2020-12-16 19:59 ERROR   
Error sending email
Error: failed to lookup address information: Name or service not known
    at processResponse (deno:core/core.js:223:11)
    at Object.jsonOpAsync (deno:core/core.js:240:12)
    at async Object.connect (deno:cli/rt/30_net.js:224:13)
    at async SmtpClient.connect (smtp.ts:56:18)
    at async sendInBulk (mailer.ts:29:7)
    at async run (app.ts:21:3)
    at async app.ts:28:5
    at async runEvery (helpers.ts:66:5)
    at async app.ts:27:3

2020-12-16 19:59 INFO    
⭐ success GET http://jupegarnica.com/

Downtime 0.0%
Delay/average 208.0/412.5ms
Monitored during 3 days

2020-12-16 19:59 ERROR   
❌ fail from GET http://jupegarnica.com/random

Downtime 100.0%
Delay/av.: 123.0ms / 166.4ms
Monitored during 0 days
Error: Request failed with status code 404
    at createError (createError.ts:14:17)
    at settle (settle.ts:9:12)
    at fetchAdapter.ts:62:13

2020-12-16 19:59 ERROR   
Error sending email
Error: failed to lookup address information: Name or service not known
    at processResponse (deno:core/core.js:223:11)
    at Object.jsonOpAsync (deno:core/core.js:240:12)
    at async Object.connect (deno:cli/rt/30_net.js:224:13)
    at async SmtpClient.connect (smtp.ts:56:18)
    at async sendInBulk (mailer.ts:29:7)
    at async run (app.ts:21:3)
    at async app.ts:28:5
    at async runEvery (helpers.ts:66:5)
    at async app.ts:27:3

2020-12-16 19:59 INFO    
⭐ success GET http://jupegarnica.com/

Downtime 0.0%
Delay/average 169.0/411.1ms
Monitored during 3 days

2020-12-16 19:59 ERROR   
❌ fail from GET http://jupegarnica.com/random

Downtime 100.0%
Delay/av.: 193.0ms / 166.8ms
Monitored during 0 days
Error: Request failed with status code 404
    at createError (createError.ts:14:17)
    at settle (settle.ts:9:12)
    at fetchAdapter.ts:62:13

2020-12-16 19:59 ERROR   
Error sending email
Error: failed to lookup address information: Name or service not known
    at processResponse (deno:core/core.js:223:11)
    at Object.jsonOpAsync (deno:core/core.js:240:12)
    at async Object.connect (deno:cli/rt/30_net.js:224:13)
    at async SmtpClient.connect (smtp.ts:56:18)
    at async sendInBulk (mailer.ts:29:7)
    at async run (app.ts:21:3)
    at async app.ts:28:5
    at async runEvery (helpers.ts:66:5)
    at async app.ts:27:3

2020-12-16 19:59 INFO    
⭐ success GET http://jupegarnica.com/

Downtime 0.0%
Delay/average 192.0/409.8ms
Monitored during 3 days

2020-12-16 19:59 ERROR   
❌ fail from GET http://jupegarnica.com/random

Downtime 100.0%
Delay/av.: 195.0ms / 167.2ms
Monitored during 0 days
Error: Request failed with status code 404
    at createError (createError.ts:14:17)
    at settle (settle.ts:9:12)
    at fetchAdapter.ts:62:13

2020-12-16 19:59 ERROR   
Error sending email
Error: failed to lookup address information: Name or service not known
    at processResponse (deno:core/core.js:223:11)
    at Object.jsonOpAsync (deno:core/core.js:240:12)
    at async Object.connect (deno:cli/rt/30_net.js:224:13)
    at async SmtpClient.connect (smtp.ts:56:18)
    at async sendInBulk (mailer.ts:29:7)
    at async run (app.ts:21:3)
    at async app.ts:28:5
    at async runEvery (helpers.ts:66:5)
    at async app.ts:27:3

2020-12-16 20:00 INFO    
⭐ success GET http://jupegarnica.com/

Downtime 0.0%
Delay/average 213.0/408.7ms
Monitored during 3 days

2020-12-16 20:00 ERROR   
❌ fail from GET http://jupegarnica.com/random

Downtime 100.0%
Delay/av.: 174.0ms / 167.3ms
Monitored during 0 days
Error: Request failed with status code 404
    at createError (createError.ts:14:17)
    at settle (settle.ts:9:12)
    at fetchAdapter.ts:62:13

2020-12-16 20:00 ERROR   
Error sending email
Error: failed to lookup address information: Name or service not known
    at processResponse (deno:core/core.js:223:11)
    at Object.jsonOpAsync (deno:core/core.js:240:12)
    at async Object.connect (deno:cli/rt/30_net.js:224:13)
    at async SmtpClient.connect (smtp.ts:56:18)
    at async sendInBulk (mailer.ts:29:7)
    at async run (app.ts:21:3)
    at async app.ts:28:5
    at async runEvery (helpers.ts:66:5)
    at async app.ts:27:3

2020-12-16 20:00 INFO    
⭐ success GET http://jupegarnica.com/

Downtime 0.0%
Delay/average 126.0/407.1ms
Monitored during 3 days

2020-12-16 20:00 ERROR   
❌ fail from GET http://jupegarnica.com/random

Downtime 100.0%
Delay/av.: 148.0ms / 167.0ms
Monitored during 0 days
Error: Request failed with status code 404
    at createError (createError.ts:14:17)
    at settle (settle.ts:9:12)
    at fetchAdapter.ts:62:13

2020-12-16 20:00 ERROR   
Error sending email
Error: failed to lookup address information: Name or service not known
    at processResponse (deno:core/core.js:223:11)
    at Object.jsonOpAsync (deno:core/core.js:240:12)
    at async Object.connect (deno:cli/rt/30_net.js:224:13)
    at async SmtpClient.connect (smtp.ts:56:18)
    at async sendInBulk (mailer.ts:29:7)
    at async run (app.ts:21:3)
    at async app.ts:28:5
    at async runEvery (helpers.ts:66:5)
    at async app.ts:27:3

2020-12-16 20:00 INFO    
⭐ success GET http://jupegarnica.com/

Downtime 0.0%
Delay/average 195.0/405.8ms
Monitored during 3 days

2020-12-16 20:00 ERROR   
❌ fail from GET http://jupegarnica.com/random

Downtime 100.0%
Delay/av.: 130.0ms / 166.5ms
Monitored during 0 days
Error: Request failed with status code 404
    at createError (createError.ts:14:17)
    at settle (settle.ts:9:12)
    at fetchAdapter.ts:62:13

2020-12-16 20:00 ERROR   
Error sending email
Error: failed to lookup address information: Name or service not known
    at processResponse (deno:core/core.js:223:11)
    at Object.jsonOpAsync (deno:core/core.js:240:12)
    at async Object.connect (deno:cli/rt/30_net.js:224:13)
    at async SmtpClient.connect (smtp.ts:56:18)
    at async sendInBulk (mailer.ts:29:7)
    at async run (app.ts:21:3)
    at async app.ts:28:5
    at async runEvery (helpers.t2020-12-16 20:01 INFO    
⭐ success GET http://jupegarnica.com/

Downtime 0.0%
Delay/average 408.0/405.9ms
Monitored during 3 days

2020-12-16 20:01 ERROR   
❌ fail from GET http://jupegarnica.com/random

Downtime 100.0%
Delay/av.: 377.0ms / 169.6ms
Monitored during 0 days
Error: Request failed with status code 404
    at createError (createError.ts:14:17)
    at settle (settle.ts:9:12)
    at fetchAdapter.ts:62:13

2020-12-16 20:01 ERROR   
Error sending email
Error: failed to lookup address information: Name or service not known
    at processResponse (deno:core/core.js:223:11)
    at Object.jsonOpAsync (deno:core/core.js:240:12)
    at async Object.connect (deno:cli/rt/30_net.js:224:13)
    at async SmtpClient.connect (smtp.ts:56:18)
    at async sendInBulk (mailer.ts:29:7)
    at async run (app.ts:21:3)
    at async app.ts:28:5
    at async runEvery (helpers.ts:69:5)
    at async app.ts:27:3

2020-12-16 20:01 INFO    
⭐ success GET http://jupegarnica.com/

Downtime 0.0%
Delay/average 168.0/404.5ms
Monitored during 3 days

2020-12-16 20:01 ERROR   
❌ fail from GET http://jupegarnica.com/random

Downtime 100.0%
Delay/av.: 122.0ms / 168.9ms
Monitored during 0 days
Error: Request failed with status code 404
    at createError (createError.ts:14:17)
    at settle (settle.ts:9:12)
    at fetchAdapter.ts:62:13

2020-12-16 20:01 ERROR   
Error sending email
Error: failed to lookup address information: Name or service not known
    at processResponse (deno:core/core.js:223:11)
    at Object.jsonOpAsync (deno:core/core.js:240:12)
    at async Object.connect (deno:cli/rt/30_net.js:224:13)
    at async SmtpClient.connect (smtp.ts:56:18)
    at async sendInBulk (mailer.ts:29:7)
    at async run (app.ts:21:3)
    at async app.ts:28:5
    at async runEvery (helpers.ts:69:5)
    at async app.ts:27:3

2020-12-16 20:01 INFO    
⭐ success GET http://jupegarnica.com/

Downtime 0.0%
Delay/average 125.0/402.9ms
Monitored during 3 days

2020-12-16 20:01 ERROR   
❌ fail from GET http://jupegarnica.com/random

Downtime 100.0%
Delay/av.: 221.0ms / 169.6ms
Monitored during 0 days
Error: Request failed with status code 404
    at createError (createError.ts:14:17)
    at settle (settle.ts:9:12)
    at fetchAdapter.ts:62:13

2020-12-16 20:01 ERROR   
Error sending email
Error: failed to lookup address information: Name or service not known
    at processResponse (deno:core/core.js:223:11)
    at Object.jsonOpAsync (deno:core/core.js:240:12)
    at async Object.connect (deno:cli/rt/30_net.js:224:13)
    at async SmtpClient.connect (smtp.ts:56:18)
    at async sendInBulk (mailer.ts:29:7)
    at async run (app.ts:21:3)
    at async app.ts:28:5
    at async runEvery (helpers.ts:69:5)
    at async app.ts:27:3

2020-12-16 20:01 INFO    
⭐ success GET http://jupegarnica.com/

Downtime 0.0%
Delay/average 131.0/401.4ms
Monitored during 3 days

2020-12-16 20:01 ERROR   
❌ fail from GET http://jupegarnica.com/random

Downtime 100.0%
Delay/av.: 210.0ms / 170.2ms
Monitored during 0 days
Error: Request failed with status code 404
    at createError (createError.ts:14:17)
    at settle (settle.ts:9:12)
    at fetchAdapter.ts:62:13

2020-12-16 20:01 ERROR   
Error sending email
Error: failed to lookup address information: Name or service not known
    at processResponse (deno:core/core.js:223:11)
    at Object.jsonOpAsync (deno:core/core.js:240:12)
    at async Object.connect (deno:cli/rt/30_net.js:224:13)
    at async SmtpClient.connect (smtp.ts:56:18)
    at async sendInBulk (mailer.ts:29:7)
    at async run (app.ts:21:3)
    at async app.ts:28:5
    at async runEvery (helpers.ts:69:5)
    at async app.ts:27:3

2020-12-16 20:01 INFO    
⭐ success GET http://jupegarnica.com/

Downtime 0.0%
Delay/average 174.0/400.2ms
Monitored during 3 days

2020-12-16 20:01 ERROR   
❌ fail from GET http://jupegarnica.com/random

Downtime 100.0%
Delay/av.: 169.0ms / 170.2ms
Monitored during 0 days
Error: Request failed with status code 404
    at createError (createError.ts:14:17)
    at settle (settle.ts:9:12)
    at fetchAdapter.ts:62:13

2020-12-16 20:012020-12-16 20:02 INFO    
⭐ success GET http://jupegarnica.com/

Downtime 0.0%
Delay/average 298.0/395.5ms
Monitored during 3 days

2020-12-16 20:02 ERROR   
❌ fail from GET http://jupegarnica.com/random

Downtime 100.0%
Delay/av.: 267.0ms / 170.1ms
Monitored during 0 days
Error: Request failed with status code 404
    at createError (createError.ts:14:17)
    at settle (settle.ts:9:12)
    at fetchAdapter.ts:62:13

2020-12-16 20:02 ERROR   
Error sending email
Error: failed to lookup address information: Name or service not known
    at processResponse (deno:core/core.js:223:11)
    at Object.jsonOpAsync (deno:core/core.js:240:12)
    at async Object.connect (deno:cli/rt/30_net.js:224:13)
    at async SmtpClient.connect (smtp.ts:56:18)
    at async sendInBulk (mailer.ts:29:7)
    at async run (app.ts:21:3)
    at async app.ts:28:5
    at async runEvery (helpers.ts:82:5)
    at async app.ts:27:3

2020-12-16 20:02 INFO    
⭐ success GET http://jupegarnica.com/

Downtime 0.0%
Delay/average 166.0/394.2ms
Monitored during 3 days

2020-12-16 20:02 ERROR   
❌ fail from GET http://jupegarnica.com/random

Downtime 100.0%
Delay/av.: 131.0ms / 169.6ms
Monitored during 0 days
Error: Request failed with status code 404
    at createError (createError.ts:14:17)
    at settle (settle.ts:9:12)
    at fetchAdapter.ts:62:13

2020-12-16 20:02 ERROR   
Error sending email
Error: failed to lookup address information: Name or service not known
    at processResponse (deno:core/core.js:223:11)
    at Object.jsonOpAsync (deno:core/core.js:240:12)
    at async Object.connect (deno:cli/rt/30_net.js:224:13)
    at async SmtpClient.connect (smtp.ts:56:18)
    at async sendInBulk (mailer.ts:29:7)
    at async run (app.ts:21:3)
    at async app.ts:28:5
    at async runEvery (helpers.ts:82:5)
    at async app.ts:27:3

2020-12-16 20:02 INFO    
⭐ success GET http://jupegarnica.com/

Downtime 0.0%
Delay/average 144.0/392.9ms
Monitored during 3 days

2020-12-16 20:02 ERROR   
❌ fail from GET http://jupegarnica.com/random

Downtime 100.0%
Delay/av.: 137.0ms / 169.2ms
Monitored during 0 days
Error: Request failed with status code 404
    at createError (createError.ts:14:17)
    at settle (settle.ts:9:12)
    at fetchAdapter.ts:62:13

2020-12-16 20:02 ERROR   
Error sending email
Error: failed to lookup address information: Name or service not known
    at processResponse (deno:core/core.js:223:11)
    at Object.jsonOpAsync (deno:core/core.js:240:12)
    at async Object.connect (deno:cli/rt/30_net.js:224:13)
    at async SmtpClient.connect (smtp.ts:56:18)
    at async sendInBulk (mailer.ts:29:7)
    at async run (app.ts:21:3)
    at async app.ts:28:5
    at async runEvery (helpers.ts:82:5)
    at async app.ts:27:3

2020-12-16 20:02 INFO    
⭐ success GET http://jupegarnica.com/

Downtime 0.0%
Delay/average 191.0/391.8ms
Monitored during 3 days

2020-12-16 20:02 ERROR   
❌ fail from GET http://jupegarnica.com/random

Downtime 100.0%
Delay/av.: 145.0ms / 168.9ms
Monitored during 0 days
Error: Request failed with status code 404
    at createError (createError.ts:14:17)
    at settle (settle.ts:9:12)
    at fetchAdapter.ts:62:13

2020-12-16 20:02 ERROR   
Error sending email
Error: failed to lookup address information: Name or service not known
    at processResponse (deno:core/core.js:223:11)
    at Object.jsonOpAsync (deno:core/core.js:240:12)
    at async Object.connect (deno:cli/rt/30_net.js:224:13)
    at async SmtpClient.connect (smtp.ts:56:18)
    at async sendInBulk (mailer.ts:29:7)
    at async run (app.ts:21:3)
    at async app.ts:28:5
    at async runEvery (helpers.ts:82:5)
    at async app.ts:27:3

2020-12-16 20:02 INFO    
⭐ success GET http://jupegarnica.com/

Downtime 0.0%
Delay/average 181.0/390.7ms
Monitored during 3 days

2020-12-16 20:02 ERROR   
❌ fail from GET http://jupegarnica.com/random

Downtime 100.0%
Delay/av.: 163.0ms / 168.8ms
Monitored during 0 days
Error: Request failed with status code 404
    at createError (createError.ts:14:17)
    at settle (settle.ts:9:12)
    at fetchAdapter.ts:62:13

2020-12-16 20:022020-12-16 20:02 INFO    
⭐ success GET http://jupegarnica.com/

Downtime 0.0%
Delay/average 329.0/390.4ms
Monitored during 3 days

2020-12-16 20:02 ERROR   
❌ fail from GET http://jupegarnica.com/random

Downtime 100.0%
Delay/av.: 174.0ms / 168.9ms
Monitored during 0 days
Error: Request failed with status code 404
    at createError (createError.ts:14:17)
    at settle (settle.ts:9:12)
    at fetchAdapter.ts:62:13

2020-12-16 20:02 ERROR   
Error sending email
Error: failed to lookup address information: Name or service not known
    at processResponse (deno:core/core.js:223:11)
    at Object.jsonOpAsync (deno:core/core.js:240:12)
    at async Object.connect (deno:cli/rt/30_net.js:224:13)
    at async SmtpClient.connect (smtp.ts:56:18)
    at async sendInBulk (mailer.ts:29:7)
    at async run (app.ts:21:3)
    at async app.ts:28:5
    at async runEvery (helpers.ts:82:5)
    at async app.ts:27:3

2020-12-16 20:03 INFO    
⭐ success GET http://jupegarnica.com/

Downtime 0.0%
Delay/average 162.0/389.2ms
Monitored during 3 days

2020-12-16 20:03 ERROR   
❌ fail from GET http://jupegarnica.com/random

Downtime 100.0%
Delay/av.: 193.0ms / 169.2ms
Monitored during 0 days
Error: Request failed with status code 404
    at createError (createError.ts:14:17)
    at settle (settle.ts:9:12)
    at fetchAdapter.ts:62:13

2020-12-16 20:03 ERROR   
Error sending email
Error: failed to lookup address information: Name or service not known
    at processResponse (deno:core/core.js:223:11)
    at Object.jsonOpAsync (deno:core/core.js:240:12)
    at async Object.connect (deno:cli/rt/30_net.js:224:13)
    at async SmtpClient.connect (smtp.ts:56:18)
    at async sendInBulk (mailer.ts:29:7)
    at async run (app.ts:21:3)
    at async app.ts:28:5
    at async runEvery (helpers.ts:82:5)
    at async app.ts:27:3

2020-12-16 20:03 INFO    
⭐ success GET http://jupegarnica.com/

Downtime 0.0%
Delay/average 376.0/389.1ms
Monitored during 3 days

2020-12-16 20:03 ERROR   
❌ fail from GET http://jupegarnica.com/random

Downtime 100.0%
Delay/av.: 294.0ms / 170.6ms
Monitored during 0 days
Error: Request failed with status code 404
    at createError (createError.ts:14:17)
    at settle (settle.ts:9:12)
    at fetchAdapter.ts:62:13

2020-12-16 20:03 ERROR   
Error sending email
Error: failed to lookup address information: Name or service not known
    at processResponse (deno:core/core.js:223:11)
    at Object.jsonOpAsync (deno:core/core.js:240:12)
    at async Object.connect (deno:cli/rt/30_net.js:224:13)
    at async SmtpClient.connect (smtp.ts:56:18)
    at async sendInBulk (mailer.ts:29:7)
    at async run (app.ts:21:3)
    at async app.ts:28:5
    at async runEvery (helpers.ts:82:5)
    at async app.ts:27:3

2020-12-16 20:03 INFO    
⭐ success GET http://jupegarnica.com/

Downtime 0.0%
Delay/average 143.0/387.9ms
Monitored during 3 days

2020-12-16 20:03 ERROR   
❌ fail from GET http://jupegarnica.com/random

Downtime 100.0%
Delay/av.: 201.0ms / 171.0ms
Monitored during 0 days
Error: Request failed with status code 404
    at createError (createError.ts:14:17)
    at settle (settle.ts:9:12)
    at fetchAdapter.ts:62:13

2020-12-16 20:03 ERROR   
Error sending email
Error: failed to lookup address information: Name or service not known
    at processResponse (deno:core/core.js:223:11)
    at Object.jsonOpAsync (deno:core/core.js:240:12)
    at async Object.connect (deno:cli/rt/30_net.js:224:13)
    at async SmtpClient.connect (smtp.ts:56:18)
    at async sendInBulk (mailer.ts:29:7)
    at async run (app.ts:21:3)
    at async app.ts:28:5
    at async runEvery (helpers.ts:82:5)
    at async app.ts:27:3

2020-12-16 20:03 INFO    
⭐ success GET http://jupegarnica.com/

Downtime 0.0%
Delay/average 123.0/386.5ms
Monitored during 3 days

2020-12-16 20:03 ERROR   
❌ fail from GET http://jupegarnica.com/random

Downtime 100.0%
Delay/av.: 121.0ms / 170.4ms
Monitored during 0 days
Error: Request failed with status code 404
    at createError (createError.ts:14:17)
    at settle (settle.ts:9:12)
    at fetchAdapter.ts:62:13

2020-12-16 20:03 ERROR   
Error sending email
Error: failed to lookup address information: Name or service not known
    at processResponse (deno:core/core.js:223:11)
    at Object.jsonOpAsync (deno:core/core.js:240:12)
    at async Object.connect (deno:cli/rt/30_net.js:224:13)
    at async SmtpClient.connect (smtp.ts:56:18)
    at async sendInBulk (mailer.ts:29:7)
    at async run (app.ts:21:3)
    at async app.ts:28:5
    at async runEvery (helpers.ts:82:5)
    at async app.ts:27:3

2020-12-16 20:03 INFO    
⭐ success GET http://jupegarnica.com/

Downtime 0.0%
Delay/average 235.0/385.7ms
Monitored during 3 days

2020-12-16 20:03 ERROR   
❌ fail from GET http://jupegarnica.com/random

Downtime 100.0%
Delay/av.: 131.0ms / 170.0ms
Monitored during 0 days
Error: Request failed with status code 404
    at createError (createError.ts:14:17)
    at settle (settle.ts:9:12)
    at fetchAdapter.ts:62:13

2020-12-16 20:03 ERROR   
Error sending email
Error: failed to lookup address information: Name or service not known
    at processResponse (deno:core/core.js:223:11)
    at Object.jsonOpAsync (deno:core/core.js:240:12)
    at async Object.connect (deno:cli/rt/30_net.js:224:13)
    at async SmtpClient.connect (smtp.ts:56:18)
    at async sendInBulk (mailer.ts:29:7)
    at async run (app.ts:21:3)
    at async app.ts:28:5
    at async runEvery (helpers.ts:82:5)
    at async app.ts:27:3

2020-12-16 20:03 INFO    
⭐ success GET http://jupegarnica.com/

Downtime 0.0%
Delay/average 215.0/384.9ms
Monitored during 3 days

2020-12-16 20:03 ERROR   
❌ fail from GET http://jupegarnica.com/random

Downtime 100.0%
Delay/av.: 168.0ms / 170.0ms
Monitored during 0 days
Error: Request failed with status code 404
    at createError (createError.ts:14:17)
    at settle (settle.ts:9:12)
    at fetchAdapter.ts:62:13

2020-12-16 20:03 ERROR   
Error sending email
Error: failed to lookup address information: Name or service not known
    at processResponse (deno:core/core.js:223:11)
    at Object.jsonOpAsync (deno:core/core.js:240:12)
    at async Object.connect (deno:cli/rt/30_net.js:224:13)
    at async SmtpClient.connect (smtp.ts:56:18)
    at async sendInBulk (mailer.ts:29:7)
    at async run (app.ts:21:3)
    at async app.ts:28:5
    at async runEvery (helpers.ts:82:5)
    at async app.ts:27:3

2020-12-16 20:03 INFO    
⭐ success GET http://jupegarnica.com/

Downtime 0.0%
Delay/average 174.0/383.8ms
Monitored during 3 days

2020-12-16 20:03 ERROR   
❌ fail from GET http://jupegarnica.com/random

Downtime 100.0%
Delay/av.: 170.0ms / 170.0ms
Monitored during 0 days
Error: Request failed with status code 404
    at createError (createError.ts:14:17)
    at settle (settle.ts:9:12)
    at fetchAdapter.ts:62:13

2020-12-16 20:03 ERROR   
Error sending email
Error: failed to lookup address information: Name or service not known
    at processResponse (deno:core/core.js:223:11)
    at Object.jsonOpAsync (deno:core/core.js:240:12)
    at async Object.connect (deno:cli/rt/30_net.js:224:13)
    at async SmtpClient.connect (smtp.ts:56:18)
    at async sendInBulk (mailer.ts:29:7)
    at async run (app.ts:21:3)
    at async app.ts:28:5
    at async runEvery (helpers.ts:82:5)
    at async app.ts:27:3

2020-12-16 20:03 INFO    
⭐ success GET http://jupegarnica.com/

Downtime 0.0%
Delay/average 171.0/382.7ms
Monitored during 3 days

2020-12-16 20:03 ERROR   
❌ fail from GET http://jupegarnica.com/random

Downtime 100.0%
Delay/av.: 144.0ms / 169.7ms
Monitored during 0 days
Error: Request failed with status code 404
    at createError (createError.ts:14:17)
    at settle (settle.ts:9:12)
    at fetchAdapter.ts:62:13

2020-12-16 20:03 ERROR   
Error sending email
Error: failed to lookup address information: Name or service not known
    at processResponse (deno:core/core.js:223:11)
    at Object.jsonOpAsync (deno:core/core.js:240:12)
    at async Object.connect (deno:cli/rt/30_net.js:224:13)
    at async SmtpClient.connect (smtp.ts:56:18)
    at async sendInBulk (mailer.ts:29:7)
    at async run (app.ts:21:3)
    at async app.ts:28:5
    at async runEvery (helpers.t2020-12-16 20:15 ERROR   
❌ fail from GET http://jupegarnica.com/random

Downtime 100.0%
Delay/av.: 448.0ms / 229.3ms
Monitored during 0 days
Error: Request failed with status code 404
    at createError (createError.ts:14:17)
    at settle (settle.ts:9:12)
    at fetchAdapter.ts:62:13

2020-12-16 20:15 ERROR   
Error sending email
Error: failed to lookup address information: Name or service not known
    at processResponse (deno:core/core.js:223:11)
    at Object.jsonOpAsync (deno:core/core.js:240:12)
    at async Object.connect (deno:cli/rt/30_net.js:224:13)
    at async SmtpClient.connect (smtp.ts:56:18)
    at async sendInBulk (mailer.ts:29:7)
    at async run (app.ts:21:3)
    at async app.ts:28:5
    at async runEvery (helpers.ts:82:5)
    at async app.ts:27:3

2020-12-16 20:15 ERROR   
❌ fail from GET http://jupegarnica.com/random

Downtime 100.0%
Delay/av.: 191.0ms / 224.5ms
Monitored during 0 days
Error: Request failed with status code 404
    at createError (createError.ts:14:17)
    at settle (settle.ts:9:12)
    at fetchAdapter.ts:62:13

2020-12-16 20:15 ERROR   
Error sending email
Error: failed to lookup address information: Name or service not known
    at processResponse (deno:core/core.js:223:11)
    at Object.jsonOpAsync (deno:core/core.js:240:12)
    at async Object.connect (deno:cli/rt/30_net.js:224:13)
    at async SmtpClient.connect (smtp.ts:56:18)
    at async sendInBulk (mailer.ts:29:7)
    at async run (app.ts:21:3)
    at async app.ts:28:5
    at async runEvery (helpers.ts:82:5)
    at async app.ts:27:3

2020-12-16 20:15 ERROR   
❌ fail from GET http://jupegarnica.com/random

Downtime 100.0%
Delay/av.: 172.0ms / 218.7ms
Monitored during 0 days
Error: Request failed with status code 404
    at createError (createError.ts:14:17)
    at settle (settle.ts:9:12)
    at fetchAdapter.ts:62:13

2020-12-16 20:15 ERROR   
Error sending email
Error: failed to lookup address information: Name or service not known
    at processResponse (deno:core/core.js:223:11)
    at Object.jsonOpAsync (deno:core/core.js:240:12)
    at async Object.connect (deno:cli/rt/30_net.js:224:13)
    at async SmtpClient.connect (smtp.ts:56:18)
    at async sendInBulk (mailer.ts:29:7)
    at async run (app.ts:21:3)
    at async app.ts:28:5
    at async runEvery (helpers.ts:82:5)
    at async app.ts:27:3

2020-12-16 20:15 ERROR   
❌ fail from GET http://jupegarnica.com/random

Downtime 100.0%
Delay/av.: 253.0ms / 222.1ms
Monitored during 0 days
Error: Request failed with status code 404
    at createError (createError.ts:14:17)
    at settle (settle.ts:9:12)
    at fetchAdapter.ts:62:13

2020-12-16 20:15 ERROR   
Error sending email
Error: failed to lookup address information: Name or service not known
    at processResponse (deno:core/core.js:223:11)
    at Object.jsonOpAsync (deno:core/core.js:240:12)
    at async Object.connect (deno:cli/rt/30_net.js:224:13)
    at async SmtpClient.connect (smtp.ts:56:18)
    at async sendInBulk (mailer.ts:29:7)
    at async run (app.ts:21:3)
    at async app.ts:28:5
    at async runEvery (helpers.ts:82:5)
    at async app.ts:27:3

2020-12-16 20:15 ERROR   
❌ fail from GET http://jupegarnica.com/random

Downtime 100.0%
Delay/av.: 145.0ms / 215.1ms
Monitored during 0 days
Error: Request failed with status code 404
    at createError (createError.ts:14:17)
    at settle (settle.ts:9:12)
    at fetchAdapter.ts:62:13

2020-12-16 20:15 ERROR   
Error sending email
Error: failed to lookup address information: Name or service not known
    at processResponse (deno:core/core.js:223:11)
    at Object.jsonOpAsync (deno:core/core.js:240:12)
    at async Object.connect (deno:cli/rt/30_net.js:224:13)
    at async SmtpClient.connect (smtp.ts:56:18)
    at async sendInBulk (mailer.ts:29:7)
    at async run (app.ts:21:3)
    at async app.ts:28:5
    at async runEvery (helpers.ts:82:5)
    at async app.ts:27:3

2020-12-16 20:16 ERROR   
❌ fail from GET http://jupegarnica.com/random

Downtime 100.0%
Delay/av.: 140.0ms / 208.8ms
Monitored during 0 days
Error: Request failed with status code 404
    at cr