2020-12-08 00:36 INFO     :  {"mainLogger":"default","LOG_LEVEL":"INFO"}
2020-12-08 00:36 WARNING  :  {"mainLogger":"default","LOG_LEVEL":"INFO"}
2020-12-08 00:36 ERROR    :  {"mainLogger":"default","LOG_LEVEL":"INFO"}
2020-12-08 00:36 CRITICAL :  {"mainLogger":"default","LOG_LEVEL":"INFO"}
2020-12-08 00:36 INFO     :  ⏳ fetching from http://jupegarnica.com
2020-12-08 00:36 INFO     :  ⭐ success from http://jupegarnica.com -- ⏳ 74 ms
2020-12-08 00:36 INFO     :  ⏳ fetching from http://valencia.io
2020-12-08 00:36 INFO     :  ⭐ success from http://valencia.io -- ⏳ 154 ms
2020-12-08 00:36 INFO     :  ⏳ fetching from http://198.211.122.70
2020-12-08 00:36 INFO     :  ⭐ success from http://198.211.122.70 -- ⏳ 315 ms
2020-12-08 00:36 INFO     :  ⏳ fetching from http://198.211.122.70:8080/api/v1/products
2020-12-08 00:36 ERROR    :  ❌ fail from http://198.211.122.70:8080/api/v1/products --  message: Request failed with status code 500
{
  "message": "Request failed with status code 500",
  "name": "Error",
  "stack": "Error: Request failed with status code 500\n    at createError (createError.ts:14:17)\n    at settle (settle.ts:9:12)\n    at fetchAdapter.ts:62:13",
  "config": {
    "url": "http://198.211.122.70:8080/api/v1/products",
    "method": "get",
    "headers": {
      "Accept": "application/json, text/plain, */*"
    },
    "transformRequest": [
      null
    ],
    "transformResponse": [
      null
    ],
    "timeout": 0,
    "withCredentials": false,
    "responseType": "json",
    "xsrfCookieName": "XSRF-TOKEN",
    "xsrfHeaderName": "X-XSRF-TOKEN",
    "maxContentLength": -1,
    "maxRedirects": 5,
    "cancelToken": {
      "promise": {}
    },
    "socketPath": null,
    "responseEncoding": "utf8"
  }
}
2020-12-08 00:36 INFO     :  ⏳ fetching from https://datsme.life
2020-12-08 00:36 INFO     :  ⭐ success from https://datsme.life -- ⏳ 3309 ms
2020-12-08 00:36 INFO     :  ⏳ fetching from https://shop.datsme.life:444/api/v1/products
2020-12-08 00:36 INFO     :  ⭐ success from https://shop.datsme.life:444/api/v1/products -- ⏳ 955 ms
2020-12-08 01:36 INFO     :  {"mainLogger":"default","LOG_LEVEL":"INFO"}
2020-12-08 01:36 WARNING  :  {"mainLogger":"default","LOG_LEVEL":"INFO"}
2020-12-08 01:36 ERROR    :  {"mainLogger":"default","LOG_LEVEL":"INFO"}
2020-12-08 01:36 CRITICAL :  {"mainLogger":"default","LOG_LEVEL":"INFO"}
2020-12-08 01:36 INFO     :  ⏳ fetching from http://jupegarnica.com
2020-12-08 01:36 INFO     :  ⭐ success from http://jupegarnica.com -- ⏳ 64 ms
2020-12-08 01:36 INFO     :  ⏳ fetching from http://valencia.io
2020-12-08 01:36 INFO     :  ⭐ success from http://valencia.io -- ⏳ 61 ms
2020-12-08 01:36 INFO     :  ⏳ fetching from http://198.211.122.70
2020-12-08 01:36 INFO     :  ⭐ success from http://198.211.122.70 -- ⏳ 344 ms
2020-12-08 01:36 INFO     :  ⏳ fetching from http://198.211.122.70:8080/api/v1/products
2020-12-08 01:36 ERROR    :  ❌ fail from http://198.211.122.70:8080/api/v1/products --  message: Request failed with status code 500
{
  "message": "Request failed with status code 500",
  "name": "Error",
  "stack": "Error: Request failed with status code 500\n    at createError (createError.ts:14:17)\n    at settle (settle.ts:9:12)\n    at fetchAdapter.ts:62:13",
  "config": {
    "url": "http://198.211.122.70:8080/api/v1/products",
    "method": "get",
    "headers": {
      "Accept": "application/json, text/plain, */*"
    },
    "transformRequest": [
      null
    ],
    "transformResponse": [
      null
    ],
    "timeout": 0,
    "withCredentials": false,
    "responseType": "json",
    "xsrfCookieName": "XSRF-TOKEN",
    "xsrfHeaderName": "X-XSRF-TOKEN",
    "maxContentLength": -1,
    "maxRedirects": 5,
    "cancelToken": {
      "promise": {}
    },
    "socketPath": null,
    "responseEncoding": "utf8"
  }
}
2020-12-08 01:36 INFO     :  ⏳ fetching from https://datsme.life
2020-12-08 01:36 INFO     :  ⭐ success from https://datsme.life -- ⏳ 3363 ms
2020-12-08 01:36 INFO     :  ⏳ fetching from https://shop.datsme.life:444/api/v1/products
2020-12-08 01:36 INFO     :  ⭐ success from https://shop.datsme.life:444/api/v1/products -- ⏳ 867 ms
2020-12-08 02:18 INFO     :  {"mainLogger":"default","LOG_LEVEL":"INFO"}
2020-12-08 02:18 WARNING  :  {"mainLogger":"default","LOG_LEVEL":"INFO"}
2020-12-08 02:18 ERROR    :  {"mainLogger":"default","LOG_LEVEL":"INFO"}
2020-12-08 02:18 CRITICAL :  {"mainLogger":"default","LOG_LEVEL":"INFO"}
2020-12-08 02:18 INFO     :  ⏳ fetching from http://jupegarnica.com
2020-12-08 02:18 INFO     :  ⭐ success from http://jupegarnica.com -- ⏳ 57 ms
2020-12-08 02:18 INFO     :  ⏳ fetching from http://valencia.io
2020-12-08 02:18 INFO     :  ⭐ success from http://valencia.io -- ⏳ 61 ms
2020-12-08 02:18 INFO     :  ⏳ fetching from http://198.211.122.70
2020-12-08 02:18 INFO     :  ⭐ success from http://198.211.122.70 -- ⏳ 318 ms
2020-12-08 02:18 INFO     :  ⏳ fetching from http://198.211.122.70:8080/api/v1/products
2020-12-08 02:18 ERROR    :  ❌ fail from http://198.211.122.70:8080/api/v1/products --  message: Request failed with status code 500
{
  "message": "Request failed with status code 500",
  "name": "Error",
  "stack": "Error: Request failed with status code 500\n    at createError (createError.ts:14:17)\n    at settle (settle.ts:9:12)\n    at fetchAdapter.ts:62:13",
  "config": {
    "url": "http://198.211.122.70:8080/api/v1/products",
    "method": "get",
    "headers": {
      "Accept": "application/json, text/plain, */*"
    },
    "transformRequest": [
      null
    ],
    "transformResponse": [
      null
    ],
    "timeout": 0,
    "withCredentials": false,
    "responseType": "json",
    "xsrfCookieName": "XSRF-TOKEN",
    "xsrfHeaderName": "X-XSRF-TOKEN",
    "maxContentLength": -1,
    "maxRedirects": 5,
    "cancelToken": {
      "promise": {}
    },
    "socketPath": null,
    "responseEncoding": "utf8"
  }
}
2020-12-08 02:18 INFO     :  ⏳ fetching from https://datsme.life
2020-12-08 02:18 INFO     :  ⭐ success from https://datsme.life -- ⏳ 3331 ms
2020-12-08 02:18 INFO     :  ⏳ fetching from https://shop.datsme.life:444/api/v1/products
2020-12-08 02:18 INFO     :  ⭐ success from https://shop.datsme.life:444/api/v1/products -- ⏳ 776 ms
2020-12-08 03:15 INFO     :  {"mainLogger":"default","LOG_LEVEL":"INFO"}
2020-12-08 03:15 WARNING  :  {"mainLogger":"default","LOG_LEVEL":"INFO"}
2020-12-08 03:15 ERROR    :  {"mainLogger":"default","LOG_LEVEL":"INFO"}
2020-12-08 03:15 CRITICAL :  {"mainLogger":"default","LOG_LEVEL":"INFO"}
2020-12-08 03:15 INFO     :  ⏳ fetching from http://jupegarnica.com
2020-12-08 03:15 INFO     :  ⭐ success from http://jupegarnica.com -- ⏳ 42 ms
2020-12-08 03:15 INFO     :  ⏳ fetching from http://valencia.io
2020-12-08 03:15 INFO     :  ⭐ success from http://valencia.io -- ⏳ 67 ms
2020-12-08 03:15 INFO     :  ⏳ fetching from http://198.211.122.70
2020-12-08 03:15 INFO     :  ⭐ success from http://198.211.122.70 -- ⏳ 309 ms
2020-12-08 03:15 INFO     :  ⏳ fetching from http://198.211.122.70:8080/api/v1/products
2020-12-08 03:15 ERROR    :  ❌ fail from http://198.211.122.70:8080/api/v1/products --  message: Request failed with status code 500
{
  "message": "Request failed with status code 500",
  "name": "Error",
  "stack": "Error: Request failed with status code 500\n    at createError (createError.ts:14:17)\n    at settle (settle.ts:9:12)\n    at fetchAdapter.ts:62:13",
  "config": {
    "url": "http://198.211.122.70:8080/api/v1/products",
    "method": "get",
    "headers": {
      "Accept": "application/json, text/plain, */*"
    },
    "transformRequest": [
      null
    ],
    "transformResponse": [
      null
    ],
    "timeout": 0,
    "withCredentials": false,
    "responseType": "json",
    "xsrfCookieName": "XSRF-TOKEN",
    "xsrfHeaderName": "X-XSRF-TOKEN",
    "maxContentLength": -1,
    "maxRedirects": 5,
    "cancelToken": {
      "promise": {}
    },
    "socketPath": null,
    "responseEncoding": "utf8"
  }
}
2020-12-08 03:15 INFO     :  ⏳ fetching from https://datsme.life
2020-12-08 03:15 INFO     :  ⭐ success from https://datsme.life -- ⏳ 3545 ms
2020-12-08 03:15 INFO     :  ⏳ fetching from https://shop.datsme.life:444/api/v1/products
2020-12-08 03:15 INFO     :  ⭐ success from https://shop.datsme.life:444/api/v1/products -- ⏳ 979 ms
2020-12-08 04:17 INFO     :  {"mainLogger":"default","LOG_LEVEL":"INFO"}
2020-12-08 04:17 WARNING  :  {"mainLogger":"default","LOG_LEVEL":"INFO"}
2020-12-08 04:17 ERROR    :  {"mainLogger":"default","LOG_LEVEL":"INFO"}
2020-12-08 04:17 CRITICAL :  {"mainLogger":"default","LOG_LEVEL":"INFO"}
2020-12-08 04:17 INFO     :  ⏳ fetching from http://jupegarnica.com
2020-12-08 04:17 INFO     :  ⭐ success from http://jupegarnica.com -- ⏳ 74 ms
2020-12-08 04:17 INFO     :  ⏳ fetching from http://valencia.io
2020-12-08 04:17 INFO     :  ⭐ success from http://valencia.io -- ⏳ 160 ms
2020-12-08 04:17 INFO     :  ⏳ fetching from http://198.211.122.70
2020-12-08 04:17 INFO     :  ⭐ success from http://198.211.122.70 -- ⏳ 336 ms
2020-12-08 04:17 INFO     :  ⏳ fetching from http://198.211.122.70:8080/api/v1/products
2020-12-08 04:17 ERROR    :  ❌ fail from http://198.211.122.70:8080/api/v1/products --  message: Request failed with status code 500
{
  "message": "Request failed with status code 500",
  "name": "Error",
  "stack": "Error: Request failed with status code 500\n    at createError (createError.ts:14:17)\n    at settle (settle.ts:9:12)\n    at fetchAdapter.ts:62:13",
  "config": {
    "url": "http://198.211.122.70:8080/api/v1/products",
    "method": "get",
    "headers": {
      "Accept": "application/json, text/plain, */*"
    },
    "transformRequest": [
      null
    ],
    "transformResponse": [
      null
    ],
    "timeout": 0,
    "withCredentials": false,
    "responseType": "json",
    "xsrfCookieName": "XSRF-TOKEN",
    "xsrfHeaderName": "X-XSRF-TOKEN",
    "maxContentLength": -1,
    "maxRedirects": 5,
    "cancelToken": {
      "promise": {}
    },
    "socketPath": null,
    "responseEncoding": "utf8"
  }
}
2020-12-08 04:17 INFO     :  ⏳ fetching from https://datsme.life
2020-12-08 04:17 INFO     :  ⭐ success from https://datsme.life -- ⏳ 3248 ms
2020-12-08 04:17 INFO     :  ⏳ fetching from https://shop.datsme.life:444/api/v1/products
2020-12-08 04:17 INFO     :  ⭐ success from https://shop.datsme.life:444/api/v1/products -- ⏳ 1029 ms
2020-12-08 05:14 INFO     :  {"mainLogger":"default","LOG_LEVEL":"INFO"}
2020-12-08 05:14 WARNING  :  {"mainLogger":"default","LOG_LEVEL":"INFO"}
2020-12-08 05:14 ERROR    :  {"mainLogger":"default","LOG_LEVEL":"INFO"}
2020-12-08 05:14 CRITICAL :  {"mainLogger":"default","LOG_LEVEL":"INFO"}
2020-12-08 05:14 INFO     :  ⏳ fetching from http://jupegarnica.com
2020-12-08 05:14 INFO     :  ⭐ success from http://jupegarnica.com -- ⏳ 63 ms
2020-12-08 05:14 INFO     :  ⏳ fetching from http://valencia.io
2020-12-08 05:14 INFO     :  ⭐ success from http://valencia.io -- ⏳ 46 ms
2020-12-08 05:14 INFO     :  ⏳ fetching from http://198.211.122.70
2020-12-08 05:14 INFO     :  ⭐ success from http://198.211.122.70 -- ⏳ 324 ms
2020-12-08 05:14 INFO     :  ⏳ fetching from http://198.211.122.70:8080/api/v1/products
2020-12-08 05:14 ERROR    :  ❌ fail from http://198.211.122.70:8080/api/v1/products --  message: Request failed with status code 500
{
  "message": "Request failed with status code 500",
  "name": "Error",
  "stack": "Error: Request failed with status code 500\n    at createError (createError.ts:14:17)\n    at settle (settle.ts:9:12)\n    at fetchAdapter.ts:62:13",
  "config": {
    "url": "http://198.211.122.70:8080/api/v1/products",
    "method": "get",
    "headers": {
      "Accept": "application/json, text/plain, */*"
    },
    "transformRequest": [
      null
    ],
    "transformResponse": [
      null
    ],
    "timeout": 0,
    "withCredentials": false,
    "responseType": "json",
    "xsrfCookieName": "XSRF-TOKEN",
    "xsrfHeaderName": "X-XSRF-TOKEN",
    "maxContentLength": -1,
    "maxRedirects": 5,
    "cancelToken": {
      "promise": {}
    },
    "socketPath": null,
    "responseEncoding": "utf8"
  }
}
2020-12-08 05:14 INFO     :  ⏳ fetching from https://datsme.life
2020-12-08 05:14 INFO     :  ⭐ success from https://datsme.life -- ⏳ 3269 ms
2020-12-08 05:14 INFO     :  ⏳ fetching from https://shop.datsme.life:444/api/v1/products
2020-12-08 05:14 INFO     :  ⭐ success from https://shop.datsme.life:444/api/v1/products -- ⏳ 876 ms
2020-12-08 06:16 INFO     :  {"mainLogger":"default","LOG_LEVEL":"INFO"}
2020-12-08 06:16 WARNING  :  {"mainLogger":"default","LOG_LEVEL":"INFO"}
2020-12-08 06:16 ERROR    :  {"mainLogger":"default","LOG_LEVEL":"INFO"}
2020-12-08 06:16 CRITICAL :  {"mainLogger":"default","LOG_LEVEL":"INFO"}
2020-12-08 06:16 INFO     :  ⏳ fetching from http://jupegarnica.com
2020-12-08 06:16 INFO     :  ⭐ success from http://jupegarnica.com -- ⏳ 73 ms
2020-12-08 06:16 INFO     :  ⏳ fetching from http://valencia.io
2020-12-08 06:16 INFO     :  ⭐ success from http://valencia.io -- ⏳ 58 ms
2020-12-08 06:16 INFO     :  ⏳ fetching from http://198.211.122.70
2020-12-08 06:16 INFO     :  ⭐ success from http://198.211.122.70 -- ⏳ 310 ms
2020-12-08 06:16 INFO     :  ⏳ fetching from http://198.211.122.70:8080/api/v1/products
2020-12-08 06:16 ERROR    :  ❌ fail from http://198.211.122.70:8080/api/v1/products --  message: Request failed with status code 500
{
  "message": "Request failed with status code 500",
  "name": "Error",
  "stack": "Error: Request failed with status code 500\n    at createError (createError.ts:14:17)\n    at settle (settle.ts:9:12)\n    at fetchAdapter.ts:62:13",
  "config": {
    "url": "http://198.211.122.70:8080/api/v1/products",
    "method": "get",
    "headers": {
      "Accept": "application/json, text/plain, */*"
    },
    "transformRequest": [
      null
    ],
    "transformResponse": [
      null
    ],
    "timeout": 0,
    "withCredentials": false,
    "responseType": "json",
    "xsrfCookieName": "XSRF-TOKEN",
    "xsrfHeaderName": "X-XSRF-TOKEN",
    "maxContentLength": -1,
    "maxRedirects": 5,
    "cancelToken": {
      "promise": {}
    },
    "socketPath": null,
    "responseEncoding": "utf8"
  }
}
2020-12-08 06:16 INFO     :  ⏳ fetching from https://datsme.life
2020-12-08 06:16 INFO     :  ⭐ success from https://datsme.life -- ⏳ 3117 ms
2020-12-08 06:16 INFO     :  ⏳ fetching from https://shop.datsme.life:444/api/v1/products
2020-12-08 06:16 INFO     :  ⭐ success from https://shop.datsme.life:444/api/v1/products -- ⏳ 849 ms
