2020-12-09 11:14 INFO      ⏳ fetching
GET http://jupegarnica.com
2020-12-09 11:14 INFO      ⭐ success
GET http://jupegarnica.com
Took 58ms
Average delay 353.5ms
2020-12-09 11:14 INFO      ⏳ fetching
GET http://valencia.io
2020-12-09 11:14 INFO      ⭐ success
GET http://valencia.io
Took 147ms
Average delay 546.2777777777778ms
2020-12-09 11:14 INFO      ⏳ fetching
GET http://198.211.122.70
2020-12-09 11:14 INFO      ⭐ success
GET http://198.211.122.70
Took 265ms
Average delay 239.22222222222223ms
2020-12-09 11:14 INFO      ⏳ fetching
GET http://198.211.122.70:8080/api/v1/products
2020-12-09 11:14 ERROR     ❌ fail from
GET http://198.211.122.70:8080/api/v1/products
Downtime 100%
Took 930ms
{
  "message": Request failed with status code 500,
  "name": Error,
  "stack": Error: Request failed with status code 500\n    at createError (createError.ts:14:17)\n    at settle (settle.ts:9:12)\n    at fetchAdapter.ts:62:13,
  "config": {
    "url": http://198.211.122.70:8080/api/v1/products,
    "method": get,
    "headers": {
      "Accept": application/json, text/plain, */*
    },
    "transformRequest": [
      transformRequest
    ],
    "transformResponse": [
      transformResponse
    ],
    "timeout": 5000,
    "withCredentials": false,
    "adapter": fetchAdapter,
    "responseType": json,
    "xsrfCookieName": XSRF-TOKEN,
    "xsrfHeaderName": X-XSRF-TOKEN,
    "maxContentLength": -1,
    "validateStatus": function (status) {\n                    return status >= 200 && status < 300;\n                },
    "maxRedirects": 5,
    "socketPath": null,
    "responseEncoding": utf8
  }
}
2020-12-09 11:14 INFO      ⏳ fetching
GET https://datsme.life
2020-12-09 11:14 INFO      ⭐ success
GET https://datsme.life
Took 3538ms
Average delay 2778.3529411764707ms
2020-12-09 11:14 INFO      ⏳ fetching
GET https://shop.datsme.life:444/api/v1/products
2020-12-09 11:14 INFO      ⭐ success
GET https://shop.datsme.life:444/api/v1/products
Took 963ms
Average delay 774.6470588235294ms
2020-12-09 11:14 DEBUG     monitor all requests finish
2020-12-09 11:14 DEBUG     Logs sent by email
2020-12-09 12:19 INFO      ⏳ fetching
GET http://jupegarnica.com
2020-12-09 12:19 INFO      ⭐ success
GET http://jupegarnica.com
Took 58ms
Average delay 353.5ms
2020-12-09 12:19 INFO      ⏳ fetching
GET http://valencia.io
2020-12-09 12:19 INFO      ⭐ success
GET http://valencia.io
Took 60ms
Average delay 541.4444444444445ms
2020-12-09 12:19 INFO      ⏳ fetching
GET http://198.211.122.70
2020-12-09 12:19 INFO      ⭐ success
GET http://198.211.122.70
Took 264ms
Average delay 239.16666666666666ms
2020-12-09 12:19 INFO      ⏳ fetching
GET http://198.211.122.70:8080/api/v1/products
2020-12-09 12:19 ERROR     ❌ fail from
GET http://198.211.122.70:8080/api/v1/products
Downtime 100%
Took 908ms
{
  "message": Request failed with status code 500,
  "name": Error,
  "stack": Error: Request failed with status code 500\n    at createError (createError.ts:14:17)\n    at settle (settle.ts:9:12)\n    at fetchAdapter.ts:62:13,
  "config": {
    "url": http://198.211.122.70:8080/api/v1/products,
    "method": get,
    "headers": {
      "Accept": application/json, text/plain, */*
    },
    "transformRequest": [
      transformRequest
    ],
    "transformResponse": [
      transformResponse
    ],
    "timeout": 5000,
    "withCredentials": false,
    "adapter": fetchAdapter,
    "responseType": json,
    "xsrfCookieName": XSRF-TOKEN,
    "xsrfHeaderName": X-XSRF-TOKEN,
    "maxContentLength": -1,
    "validateStatus": function (status) {\n                    return status >= 200 && status < 300;\n                },
    "maxRedirects": 5,
    "socketPath": null,
    "responseEncoding": utf8
  }
}
2020-12-09 12:19 INFO      ⏳ fetching
GET https://datsme.life
2020-12-09 12:19 INFO      ⭐ success
GET https://datsme.life
Took 3283ms
Average delay 2763.3529411764707ms
2020-12-09 12:19 INFO      ⏳ fetching
GET https://shop.datsme.life:444/api/v1/products
2020-12-09 12:19 INFO      ⭐ success
GET https://shop.datsme.life:444/api/v1/products
Took 888ms
Average delay 770.2352941176471ms
2020-12-09 12:19 DEBUG     monitor all requests finish
2020-12-09 12:19 DEBUG     Logs sent by email
2020-12-09 13:13 INFO      ⏳ fetching
GET http://jupegarnica.com
2020-12-09 13:13 INFO      ⭐ success
GET http://jupegarnica.com
Took 48ms
Average delay 352.94444444444446ms
2020-12-09 13:13 INFO      ⏳ fetching
GET http://valencia.io
2020-12-09 13:13 INFO      ⭐ success
GET http://valencia.io
Took 121ms
Average delay 544.8333333333334ms
2020-12-09 13:13 INFO      ⏳ fetching
GET http://198.211.122.70
2020-12-09 13:13 INFO      ⭐ success
GET http://198.211.122.70
Took 252ms
Average delay 238.5ms
2020-12-09 13:13 INFO      ⏳ fetching
GET http://198.211.122.70:8080/api/v1/products
2020-12-09 13:13 ERROR     ❌ fail from
GET http://198.211.122.70:8080/api/v1/products
Downtime 100%
Took 920ms
{
  "message": Request failed with status code 500,
  "name": Error,
  "stack": Error: Request failed with status code 500\n    at createError (createError.ts:14:17)\n    at settle (settle.ts:9:12)\n    at fetchAdapter.ts:62:13,
  "config": {
    "url": http://198.211.122.70:8080/api/v1/products,
    "method": get,
    "headers": {
      "Accept": application/json, text/plain, */*
    },
    "transformRequest": [
      transformRequest
    ],
    "transformResponse": [
      transformResponse
    ],
    "timeout": 5000,
    "withCredentials": false,
    "adapter": fetchAdapter,
    "responseType": json,
    "xsrfCookieName": XSRF-TOKEN,
    "xsrfHeaderName": X-XSRF-TOKEN,
    "maxContentLength": -1,
    "validateStatus": function (status) {\n                    return status >= 200 && status < 300;\n                },
    "maxRedirects": 5,
    "socketPath": null,
    "responseEncoding": utf8
  }
}
2020-12-09 13:13 INFO      ⏳ fetching
GET https://datsme.life
2020-12-09 13:13 INFO      ⭐ success
GET https://datsme.life
Took 3451ms
Average delay 2773.235294117647ms
2020-12-09 13:13 INFO      ⏳ fetching
GET https://shop.datsme.life:444/api/v1/products
2020-12-09 13:13 INFO      ⭐ success
GET https://shop.datsme.life:444/api/v1/products
Took 772ms
Average delay 763.4117647058823ms
2020-12-09 13:13 DEBUG     monitor all requests finish
2020-12-09 13:13 DEBUG     Logs sent by email
2020-12-09 14:15 INFO      ⏳ fetching
GET http://jupegarnica.com
2020-12-09 14:15 INFO      ⭐ success
GET http://jupegarnica.com
Took 66ms
Average delay 353.94444444444446ms
2020-12-09 14:15 INFO      ⏳ fetching
GET http://valencia.io
2020-12-09 14:15 INFO      ⭐ success
GET http://valencia.io
Took 140ms
Average delay 545.8888888888889ms
2020-12-09 14:15 INFO      ⏳ fetching
GET http://198.211.122.70
2020-12-09 14:15 INFO      ⭐ success
GET http://198.211.122.70
Took 252ms
Average delay 238.5ms
2020-12-09 14:15 INFO      ⏳ fetching
GET http://198.211.122.70:8080/api/v1/products
2020-12-09 14:15 ERROR     ❌ fail from
GET http://198.211.122.70:8080/api/v1/products
Downtime 100%
Took 898ms
{
  "message": Request failed with status code 500,
  "name": Error,
  "stack": Error: Request failed with status code 500\n    at createError (createError.ts:14:17)\n    at settle (settle.ts:9:12)\n    at fetchAdapter.ts:62:13,
  "config": {
    "url": http://198.211.122.70:8080/api/v1/products,
    "method": get,
    "headers": {
      "Accept": application/json, text/plain, */*
    },
    "transformRequest": [
      transformRequest
    ],
    "transformResponse": [
      transformResponse
    ],
    "timeout": 5000,
    "withCredentials": false,
    "adapter": fetchAdapter,
    "responseType": json,
    "xsrfCookieName": XSRF-TOKEN,
    "xsrfHeaderName": X-XSRF-TOKEN,
    "maxContentLength": -1,
    "validateStatus": function (status) {\n                    return status >= 200 && status < 300;\n                },
    "maxRedirects": 5,
    "socketPath": null,
    "responseEncoding": utf8
  }
}
2020-12-09 14:15 INFO      ⏳ fetching
GET https://datsme.life
2020-12-09 14:16 INFO      ⭐ success
GET https://datsme.life
Took 3368ms
Average delay 2768.3529411764707ms
2020-12-09 14:16 INFO      ⏳ fetching
GET https://shop.datsme.life:444/api/v1/products
2020-12-09 14:16 INFO      ⭐ success
GET https://shop.datsme.life:444/api/v1/products
Took 952ms
Average delay 774ms
2020-12-09 14:16 DEBUG     monitor all requests finish
2020-12-09 14:16 DEBUG     Logs sent by email
2020-12-09 15:14 INFO      ⏳ fetching
GET http://jupegarnica.com
2020-12-09 15:14 INFO      ⭐ success
GET http://jupegarnica.com
Took 104ms
Average delay 356.05555555555554ms
2020-12-09 15:14 INFO      ⏳ fetching
GET http://valencia.io
2020-12-09 15:14 INFO      ⭐ success
GET http://valencia.io
Took 153ms
Average delay 546.6111111111111ms
2020-12-09 15:14 INFO      ⏳ fetching
GET http://198.211.122.70
2020-12-09 15:14 INFO      ⭐ success
GET http://198.211.122.70
Took 281ms
Average delay 240.11111111111111ms
2020-12-09 15:14 INFO      ⏳ fetching
GET http://198.211.122.70:8080/api/v1/products
2020-12-09 15:14 ERROR     ❌ fail from
GET http://198.211.122.70:8080/api/v1/products
Downtime 100%
Took 1037ms
{
  "message": Request failed with status code 500,
  "name": Error,
  "stack": Error: Request failed with status code 500\n    at createError (createError.ts:14:17)\n    at settle (settle.ts:9:12)\n    at fetchAdapter.ts:62:13,
  "config": {
    "url": http://198.211.122.70:8080/api/v1/products,
    "method": get,
    "headers": {
      "Accept": application/json, text/plain, */*
    },
    "transformRequest": [
      transformRequest
    ],
    "transformResponse": [
      transformResponse
    ],
    "timeout": 5000,
    "withCredentials": false,
    "adapter": fetchAdapter,
    "responseType": json,
    "xsrfCookieName": XSRF-TOKEN,
    "xsrfHeaderName": X-XSRF-TOKEN,
    "maxContentLength": -1,
    "validateStatus": function (status) {\n                    return status >= 200 && status < 300;\n                },
    "maxRedirects": 5,
    "socketPath": null,
    "responseEncoding": utf8
  }
}
2020-12-09 15:14 INFO      ⏳ fetching
GET https://datsme.life
2020-12-09 15:14 INFO      ⭐ success
GET https://datsme.life
Took 3405ms
Average delay 2770.529411764706ms
2020-12-09 15:14 INFO      ⏳ fetching
GET https://shop.datsme.life:444/api/v1/products
2020-12-09 15:14 INFO      ⭐ success
GET https://shop.datsme.life:444/api/v1/products
Took 848ms
Average delay 767.8823529411765ms
2020-12-09 15:14 DEBUG     monitor all requests finish
2020-12-09 15:14 DEBUG     Logs sent by email
