2020-12-06 09:15 DEBUG    :  🔻 fetching from http://jupegarnica.com
2020-12-06 09:15 DEBUG    :  ✅ success from http://jupegarnica.com, delay: 377 ms
2020-12-06 09:15 DEBUG    :  🔻 fetching from http://valencia.io
2020-12-06 09:15 DEBUG    :  ✅ success from http://valencia.io, delay: 727 ms
2020-12-06 09:15 DEBUG    :  🔻 fetching from http://198.211.122.70
2020-12-06 09:15 DEBUG    :  ✅ success from http://198.211.122.70, delay: 154 ms
2020-12-06 09:15 DEBUG    :  🔻 fetching from http://198.211.122.70:8080/api/v1/products
2020-12-06 09:15 DEBUG    :  ✅ success from http://198.211.122.70:8080/api/v1/products, delay: 1025 ms
2020-12-06 09:15 DEBUG    :  🔻 fetching from https://datsme.life
2020-12-06 09:15 DEBUG    :  ✅ success from https://datsme.life, delay: 2538 ms
2020-12-06 09:15 DEBUG    :  🔻 fetching from https://shop.datsme.life:444/api/v1/products
2020-12-06 09:15 DEBUG    :  ✅ success from https://shop.datsme.life:444/api/v1/products, delay: 745 ms
2020-12-06 10:34 DEBUG    :  🔻 fetching from http://jupegarnica.com
2020-12-06 10:34 DEBUG    :  ✅ success from http://jupegarnica.com, delay: 315 ms
2020-12-06 10:34 DEBUG    :  🔻 fetching from http://valencia.io
2020-12-06 10:34 DEBUG    :  ✅ success from http://valencia.io, delay: 506 ms
2020-12-06 10:34 DEBUG    :  🔻 fetching from http://198.211.122.70
2020-12-06 10:34 DEBUG    :  ✅ success from http://198.211.122.70, delay: 155 ms
2020-12-06 10:34 DEBUG    :  🔻 fetching from http://198.211.122.70:8080/api/v1/products
2020-12-06 10:34 DEBUG    :  ✅ success from http://198.211.122.70:8080/api/v1/products, delay: 905 ms
2020-12-06 10:34 DEBUG    :  🔻 fetching from https://datsme.life
2020-12-06 10:34 DEBUG    :  ✅ success from https://datsme.life, delay: 2586 ms
2020-12-06 10:34 DEBUG    :  🔻 fetching from https://shop.datsme.life:444/api/v1/products
2020-12-06 10:34 DEBUG    :  ✅ success from https://shop.datsme.life:444/api/v1/products, delay: 706 ms
2020-12-06 10:36 INFO     :   fetching from http://jupegarnica.com
2020-12-06 10:36 INFO     :  ✅ success from http://jupegarnica.com, delay: 315 ms
2020-12-06 10:36 INFO     :   fetching from http://valencia.io
2020-12-06 10:36 INFO     :  ✅ success from http://valencia.io, delay: 483 ms
2020-12-06 10:36 INFO     :   fetching from http://198.211.122.70
2020-12-06 10:36 INFO     :  ✅ success from http://198.211.122.70, delay: 151 ms
2020-12-06 10:36 INFO     :   fetching from http://198.211.122.70:8080/api/v1/products
2020-12-06 10:36 INFO     :  ✅ success from http://198.211.122.70:8080/api/v1/products, delay: 982 ms
2020-12-06 10:36 INFO     :   fetching from https://datsme.life
2020-12-06 10:36 INFO     :  ✅ success from https://datsme.life, delay: 2841 ms
2020-12-06 10:36 INFO     :   fetching from https://shop.datsme.life:444/api/v1/products
2020-12-06 10:36 INFO     :  ✅ success from https://shop.datsme.life:444/api/v1/products, delay: 733 ms
2020-12-06 10:36 INFO     :  ☘ fetching from http://jupegarnica.com
2020-12-06 10:36 INFO     :  ✅ success from http://jupegarnica.com, delay: 287 ms
2020-12-06 10:36 INFO     :  ☘ fetching from http://valencia.io
2020-12-06 10:36 INFO     :  ✅ success from http://valencia.io, delay: 869 ms
2020-12-06 10:36 INFO     :  ☘ fetching from http://198.211.122.70
2020-12-06 10:36 INFO     :  ✅ success from http://198.211.122.70, delay: 158 ms
2020-12-06 10:36 INFO     :  ☘ fetching from http://198.211.122.70:8080/api/v1/products
2020-12-06 10:36 INFO     :  ✅ success from http://198.211.122.70:8080/api/v1/products, delay: 937 ms
2020-12-06 10:36 INFO     :  ☘ fetching from https://datsme.life
2020-12-06 10:36 INFO     :  ✅ success from https://datsme.life, delay: 2718 ms
2020-12-06 10:36 INFO     :  ☘ fetching from https://shop.datsme.life:444/api/v1/products
2020-12-06 10:36 INFO     :  ✅ success from https://shop.datsme.life:444/api/v1/products, delay: 675 ms
2020-12-06 10:37 INFO     :  ☘ fetching from http://jupegarnica.com
2020-12-06 10:37 INFO     :   success from http://jupegarnica.com, delay: 320 ms
2020-12-06 10:37 INFO     :  ☘ fetching from http://valencia.io
2020-12-06 10:37 INFO     :   success from http://valencia.io, delay: 489 ms
2020-12-06 10:37 INFO     :  ☘ fetching from http://198.211.122.70
2020-12-06 10:37 INFO     :   success from http://198.211.122.70, delay: 158 ms
2020-12-06 10:37 INFO     :  ☘ fetching from http://198.211.122.70:8080/api/v1/products
2020-12-06 10:37 INFO     :   success from http://198.211.122.70:8080/api/v1/products, delay: 944 ms
2020-12-06 10:37 INFO     :  ☘ fetching from https://datsme.life
2020-12-06 10:37 INFO     :   success from https://datsme.life, delay: 3007 ms
2020-12-06 10:37 INFO     :  ☘ fetching from https://shop.datsme.life:444/api/v1/products
2020-12-06 10:37 INFO     :   success from https://shop.datsme.life:444/api/v1/products, delay: 677 ms
2020-12-06 10:39 INFO     :   fetching from http://jupegarnica.com
2020-12-06 10:39 INFO     :  ⭐ success from http://jupegarnica.com, delay: 323 ms
2020-12-06 10:39 INFO     :   fetching from http://valencia.io
2020-12-06 10:39 INFO     :  ⭐ success from http://valencia.io, delay: 610 ms
2020-12-06 10:39 INFO     :   fetching from http://198.211.122.70
2020-12-06 10:39 INFO     :  ⭐ success from http://198.211.122.70, delay: 334 ms
2020-12-06 10:39 INFO     :   fetching from http://198.211.122.70:8080/api/v1/products
2020-12-06 10:39 INFO     :  ⭐ success from http://198.211.122.70:8080/api/v1/products, delay: 1166 ms
2020-12-06 10:39 INFO     :   fetching from https://datsme.life
2020-12-06 10:39 INFO     :  ⭐ success from https://datsme.life, delay: 2714 ms
2020-12-06 10:39 INFO     :   fetching from https://shop.datsme.life:444/api/v1/products
2020-12-06 10:39 INFO     :  ⭐ success from https://shop.datsme.life:444/api/v1/products, delay: 686 ms
2020-12-06 10:40 INFO     :   fetching from http://jupegarnica.com
2020-12-06 10:40 INFO     :  ⭐ success from http://jupegarnica.com, delay: 269 ms
2020-12-06 10:40 INFO     :   fetching from http://valencia.io
2020-12-06 10:40 INFO     :  ⭐ success from http://valencia.io, delay: 525 ms
2020-12-06 10:40 INFO     :   fetching from http://198.211.122.70
2020-12-06 10:40 INFO     :  ⭐ success from http://198.211.122.70, delay: 204 ms
2020-12-06 10:40 INFO     :   fetching from http://198.211.122.70:8080/api/v1/products
2020-12-06 10:40 INFO     :  ⭐ success from http://198.211.122.70:8080/api/v1/products, delay: 1319 ms
2020-12-06 10:40 INFO     :   fetching from https://datsme.life
2020-12-06 10:40 INFO     :  ⭐ success from https://datsme.life, delay: 2713 ms
2020-12-06 10:40 INFO     :   fetching from https://shop.datsme.life:444/api/v1/products
2020-12-06 10:40 INFO     :  ⭐ success from https://shop.datsme.life:444/api/v1/products, delay: 743 ms
2020-12-06 10:41 INFO     :  ⏳ fetching from http://jupegarnica.com
2020-12-06 10:41 INFO     :  ⭐ success from http://jupegarnica.com -- ⏳ 467 ms
2020-12-06 10:41 INFO     :  ⏳ fetching from http://valencia.io
2020-12-06 10:41 INFO     :  ⭐ success from http://valencia.io -- ⏳ 516 ms
2020-12-06 10:41 INFO     :  ⏳ fetching from http://198.211.122.70
2020-12-06 10:42 INFO     :  ⭐ success from http://198.211.122.70 -- ⏳ 159 ms
2020-12-06 10:42 INFO     :  ⏳ fetching from http://198.211.122.70:8080/api/v1/products
2020-12-06 10:42 INFO     :  ⭐ success from http://198.211.122.70:8080/api/v1/products -- ⏳ 899 ms
2020-12-06 10:42 INFO     :  ⏳ fetching from https://datsme.life
2020-12-06 10:42 INFO     :  ⭐ success from https://datsme.life -- ⏳ 2905 ms
2020-12-06 10:42 INFO     :  ⏳ fetching from https://shop.datsme.life:444/api/v1/products
2020-12-06 10:42 INFO     :  ⭐ success from https://shop.datsme.life:444/api/v1/products -- ⏳ 840 ms
2020-12-06 10:43 INFO     :  ⏳ fetching from http://jupegarnica.com
2020-12-06 10:43 INFO     :  ⭐ success from http://jupegarnica.com -- ⏳ 378 ms
2020-12-06 10:43 INFO     :  ⏳ fetching from http://valencia.io
2020-12-06 10:43 INFO     :  ⭐ success from http://valencia.io -- ⏳ 684 ms
2020-12-06 10:43 INFO     :  ⏳ fetching from http://198.211.122.70
2020-12-06 10:43 INFO     :  ⭐ success from http://198.211.122.70 -- ⏳ 159 ms
2020-12-06 10:43 INFO     :  ⏳ fetching from http://198.211.122.70:8080/api/v1/products
2020-12-06 10:43 INFO     :  ⭐ success from http://198.211.122.70:8080/api/v1/products -- ⏳ 1471 ms
2020-12-06 10:43 INFO     :  ⏳ fetching from https://datsme.life
2020-12-06 10:43 INFO     :  ⭐ success from https://datsme.life -- ⏳ 2653 ms
2020-12-06 10:43 INFO     :  ⏳ fetching from https://shop.datsme.life:444/api/v1/products
2020-12-06 10:43 INFO     :  ⭐ success from https://shop.datsme.life:444/api/v1/products -- ⏳ 698 ms
2020-12-06 10:50 INFO     :  ⏳ fetching from http://jupegarnica.com
2020-12-06 10:50 INFO     :  ⭐ success from http://jupegarnica.com -- ⏳ 382 ms
2020-12-06 10:50 INFO     :  ⏳ fetching from http://valencia.io
2020-12-06 10:50 INFO     :  ⭐ success from http://valencia.io -- ⏳ 587 ms
2020-12-06 10:50 INFO     :  ⏳ fetching from http://198.211.122.70
2020-12-06 10:50 INFO     :  ⭐ success from http://198.211.122.70 -- ⏳ 184 ms
2020-12-06 10:50 INFO     :  ⏳ fetching from http://198.211.122.70:8080/api/v1/products
2020-12-06 10:50 INFO     :  ⭐ success from http://198.211.122.70:8080/api/v1/products -- ⏳ 1230 ms
2020-12-06 10:50 INFO     :  ⏳ fetching from https://datsme.life
2020-12-06 10:50 INFO     :  ⭐ success from https://datsme.life -- ⏳ 2592 ms
2020-12-06 10:50 INFO     :  ⏳ fetching from https://shop.datsme.life:444/api/v1/products
2020-12-06 10:50 INFO     :  ⭐ success from https://shop.datsme.life:444/api/v1/products -- ⏳ 765 ms
2020-12-06 10:53 INFO     :  ⏳ fetching from http://valencia.io/hello
2020-12-06 10:53 ERROR    :  ❌ fail from http://valencia.io/hello --  message: Request failed with status code 404
{
  "message": "Request failed with status code 404",
  "name": "Error",
  "stack": "Error: Request failed with status code 404\n    at createError (createError.ts:14:17)\n    at settle (settle.ts:9:12)\n    at fetchAdapter.ts:62:13",
  "config": {
    "url": "http://valencia.io/hello",
    "method": "get",
    "headers": {
      "Accept": "application/json, text/plain, */*"
    },
    "transformRequest": [
      null
    ],
    "transformResponse": [
      null
    ],
    "timeout": 0,
    "withCredentials": false,
    "responseType": "json",
    "xsrfCookieName": "XSRF-TOKEN",
    "xsrfHeaderName": "X-XSRF-TOKEN",
    "maxContentLength": -1,
    "maxRedirects": 5,
    "cancelToken": {
      "promise": {}
    },
    "socketPath": null,
    "responseEncoding": "utf8"
  }
}
2020-12-06 10:53 INFO     :  ⏳ fetching from http://jupegarnica.com
2020-12-06 10:53 INFO     :  ⭐ success from http://jupegarnica.com -- ⏳ 261 ms
2020-12-06 10:53 INFO     :  ⏳ fetching from http://valencia.io
2020-12-06 10:53 INFO     :  ⭐ success from http://valencia.io -- ⏳ 214 ms
2020-12-06 10:53 INFO     :  ⏳ fetching from http://198.211.122.70
2020-12-06 10:53 INFO     :  ⭐ success from http://198.211.122.70 -- ⏳ 169 ms
2020-12-06 10:53 INFO     :  ⏳ fetching from http://198.211.122.70:8080/api/v1/products
2020-12-06 10:53 INFO     :  ⭐ success from http://198.211.122.70:8080/api/v1/products -- ⏳ 1274 ms
2020-12-06 10:53 INFO     :  ⏳ fetching from https://datsme.life
2020-12-06 10:53 INFO     :  ⭐ success from https://datsme.life -- ⏳ 3039 ms
2020-12-06 10:53 INFO     :  ⏳ fetching from https://shop.datsme.life:444/api/v1/products
2020-12-06 10:53 INFO     :  ⭐ success from https://shop.datsme.life:444/api/v1/products -- ⏳ 896 ms
2020-12-06 11:02 INFO     :  ⏳ fetching from http://valencia.io/hello
2020-12-06 11:02 ERROR    :  ❌ fail from http://valencia.io/hello --  message: Request failed with status code 404
{
  "message": "Request failed with status code 404",
  "name": "Error",
  "stack": "Error: Request failed with status code 404\n    at createError (createError.ts:14:17)\n    at settle (settle.ts:9:12)\n    at fetchAdapter.ts:62:13",
  "config": {
    "url": "http://valencia.io/hello",
    "method": "get",
    "headers": {
      "Accept": "application/json, text/plain, */*"
    },
    "transformRequest": [
      null
    ],
    "transformResponse": [
      null
    ],
    "timeout": 0,
    "withCredentials": false,
    "responseType": "json",
    "xsrfCookieName": "XSRF-TOKEN",
    "xsrfHeaderName": "X-XSRF-TOKEN",
    "maxContentLength": -1,
    "maxRedirects": 5,
    "cancelToken": {
      "promise": {}
    },
    "socketPath": null,
    "responseEncoding": "utf8"
  }
}
2020-12-06 11:02 INFO     :  ⏳ fetching from http://jupegarnica.com
2020-12-06 11:02 INFO     :  ⭐ success from http://jupegarnica.com -- ⏳ 1140 ms
2020-12-06 11:02 INFO     :  ⏳ fetching from http://valencia.io
2020-12-06 11:02 INFO     :  ⭐ success from http://valencia.io -- ⏳ 249 ms
2020-12-06 11:02 INFO     :  ⏳ fetching from http://198.211.122.70
2020-12-06 11:02 INFO     :  ⭐ success from http://198.211.122.70 -- ⏳ 205 ms
2020-12-06 11:02 INFO     :  ⏳ fetching from http://198.211.122.70:8080/api/v1/products
2020-12-06 11:02 INFO     :  ⭐ success from http://198.211.122.70:8080/api/v1/products -- ⏳ 1223 ms
2020-12-06 11:02 INFO     :  ⏳ fetching from https://datsme.life
2020-12-06 11:02 INFO     :  ⭐ success from https://datsme.life -- ⏳ 2633 ms
2020-12-06 11:02 INFO     :  ⏳ fetching from https://shop.datsme.life:444/api/v1/products
2020-12-06 11:02 INFO     :  ⭐ success from https://shop.datsme.life:444/api/v1/products -- ⏳ 739 ms
2020-12-06 11:04 INFO     :  ⏳ fetching from http://valencia.io/hello
2020-12-06 11:04 ERROR    :  ❌ fail from http://valencia.io/hello --  message: Request failed with status code 404
{
  "message": "Request failed with status code 404",
  "name": "Error",
  "stack": "Error: Request failed with status code 404\n    at createError (createError.ts:14:17)\n    at settle (settle.ts:9:12)\n    at fetchAdapter.ts:62:13",
  "config": {
    "url": "http://valencia.io/hello",
    "method": "get",
    "headers": {
      "Accept": "application/json, text/plain, */*"
    },
    "transformRequest": [
      null
    ],
    "transformResponse": [
      null
    ],
    "timeout": 0,
    "withCredentials": false,
    "responseType": "json",
    "xsrfCookieName": "XSRF-TOKEN",
    "xsrfHeaderName": "X-XSRF-TOKEN",
    "maxContentLength": -1,
    "maxRedirects": 5,
    "cancelToken": {
      "promise": {}
    },
    "socketPath": null,
    "responseEncoding": "utf8"
  }
}
2020-12-06 11:04 INFO     :  ⏳ fetching from http://jupegarnica.com
2020-12-06 11:04 INFO     :  ⭐ success from http://jupegarnica.com -- ⏳ 403 ms
2020-12-06 11:04 INFO     :  ⏳ fetching from http://valencia.io
2020-12-06 11:04 INFO     :  ⭐ success from http://valencia.io -- ⏳ 247 ms
2020-12-06 11:04 INFO     :  ⏳ fetching from http://198.211.122.70
2020-12-06 11:04 INFO     :  ⭐ success from http://198.211.122.70 -- ⏳ 231 ms
2020-12-06 11:04 INFO     :  ⏳ fetching from http://198.211.122.70:8080/api/v1/products
2020-12-06 11:04 INFO     :  ⭐ success from http://198.211.122.70:8080/api/v1/products -- ⏳ 1119 ms
2020-12-06 11:04 INFO     :  ⏳ fetching from https://datsme.life
2020-12-06 11:04 INFO     :  ⭐ success from https://datsme.life -- ⏳ 2661 ms
2020-12-06 11:04 INFO     :  ⏳ fetching from https://shop.datsme.life:444/api/v1/products
2020-12-06 11:04 INFO     :  ⭐ success from https://shop.datsme.life:444/api/v1/products -- ⏳ 738 ms
2020-12-06 11:08 INFO     :  ⏳ fetching from http://valencia.io/hello
2020-12-06 11:08 ERROR    :  ❌ fail from http://valencia.io/hello --  message: Request failed with status code 404
{
  "message": "Request failed with status code 404",
  "name": "Error",
  "stack": "Error: Request failed with status code 404\n    at createError (createError.ts:14:17)\n    at settle (settle.ts:9:12)\n    at fetchAdapter.ts:62:13",
  "config": {
    "url": "http://valencia.io/hello",
    "method": "get",
    "headers": {
      "Accept": "application/json, text/plain, */*"
    },
    "transformRequest": [
      null
    ],
    "transformResponse": [
      null
    ],
    "timeout": 0,
    "withCredentials": false,
    "responseType": "json",
    "xsrfCookieName": "XSRF-TOKEN",
    "xsrfHeaderName": "X-XSRF-TOKEN",
    "maxContentLength": -1,
    "maxRedirects": 5,
    "cancelToken": {
      "promise": {}
    },
    "socketPath": null,
    "responseEncoding": "utf8"
  }
}
2020-12-06 11:08 INFO     :  ⏳ fetching from http://jupegarnica.com
2020-12-06 11:08 INFO     :  ⭐ success from http://jupegarnica.com -- ⏳ 427 ms
2020-12-06 11:08 INFO     :  ⏳ fetching from http://valencia.io
2020-12-06 11:08 INFO     :  ⭐ success from http://valencia.io -- ⏳ 312 ms
2020-12-06 11:08 INFO     :  ⏳ fetching from http://198.211.122.70
2020-12-06 11:08 INFO     :  ⭐ success from http://198.211.122.70 -- ⏳ 200 ms
2020-12-06 11:08 INFO     :  ⏳ fetching from http://198.211.122.70:8080/api/v1/products
2020-12-06 11:08 INFO     :  ⭐ success from http://198.211.122.70:8080/api/v1/products -- ⏳ 1121 ms
2020-12-06 11:08 INFO     :  ⏳ fetching from https://datsme.life
2020-12-06 11:08 INFO     :  ⭐ success from https://datsme.life -- ⏳ 2818 ms
2020-12-06 11:08 INFO     :  ⏳ fetching from https://shop.datsme.life:444/api/v1/products
2020-12-06 11:08 INFO     :  ⭐ success from https://shop.datsme.life:444/api/v1/products -- ⏳ 698 ms
2020-12-06 11:09 INFO     :  ⏳ fetching from http://valencia.io/hello
2020-12-06 11:09 ERROR    :  ❌ fail from http://valencia.io/hello --  message: Request failed with status code 404
{
  "message": "Request failed with status code 404",
  "name": "Error",
  "stack": "Error: Request failed with status code 404\n    at createError (createError.ts:14:17)\n    at settle (settle.ts:9:12)\n    at fetchAdapter.ts:62:13",
  "config": {
    "url": "http://valencia.io/hello",
    "method": "get",
    "headers": {
      "Accept": "application/json, text/plain, */*"
    },
    "transformRequest": [
      null
    ],
    "transformResponse": [
      null
    ],
    "timeout": 0,
    "withCredentials": false,
    "responseType": "json",
    "xsrfCookieName": "XSRF-TOKEN",
    "xsrfHeaderName": "X-XSRF-TOKEN",
    "maxContentLength": -1,
    "maxRedirects": 5,
    "cancelToken": {
      "promise": {}
    },
    "socketPath": null,
    "responseEncoding": "utf8"
  }
}
2020-12-06 11:09 INFO     :  ⏳ fetching from http://jupegarnica.com
2020-12-06 11:09 INFO     :  ⭐ success from http://jupegarnica.com -- ⏳ 311 ms
2020-12-06 11:09 INFO     :  ⏳ fetching from http://valencia.io
2020-12-06 11:09 INFO     :  ⭐ success from http://valencia.io -- ⏳ 145 ms
2020-12-06 11:09 INFO     :  ⏳ fetching from http://198.211.122.70
2020-12-06 11:09 INFO     :  ⭐ success from http://198.211.122.70 -- ⏳ 179 ms
2020-12-06 11:09 INFO     :  ⏳ fetching from http://198.211.122.70:8080/api/v1/products
2020-12-06 11:09 INFO     :  ⭐ success from http://198.211.122.70:8080/api/v1/products -- ⏳ 1153 ms
2020-12-06 11:09 INFO     :  ⏳ fetching from https://datsme.life
2020-12-06 11:09 INFO     :  ⭐ success from https://datsme.life -- ⏳ 2623 ms
2020-12-06 11:09 INFO     :  ⏳ fetching from https://shop.datsme.life:444/api/v1/products
2020-12-06 11:09 INFO     :  ⭐ success from https://shop.datsme.life:444/api/v1/products -- ⏳ 763 ms
2020-12-06 11:10 INFO     :  ⏳ fetching from http://valencia.io/hello
2020-12-06 11:10 ERROR    :  ❌ fail from http://valencia.io/hello --  message: Request failed with status code 404
{
  "message": "Request failed with status code 404",
  "name": "Error",
  "stack": "Error: Request failed with status code 404\n    at createError (createError.ts:14:17)\n    at settle (settle.ts:9:12)\n    at fetchAdapter.ts:62:13",
  "config": {
    "url": "http://valencia.io/hello",
    "method": "get",
    "headers": {
      "Accept": "application/json, text/plain, */*"
    },
    "transformRequest": [
      null
    ],
    "transformResponse": [
      null
    ],
    "timeout": 0,
    "withCredentials": false,
    "responseType": "json",
    "xsrfCookieName": "XSRF-TOKEN",
    "xsrfHeaderName": "X-XSRF-TOKEN",
    "maxContentLength": -1,
    "maxRedirects": 5,
    "cancelToken": {
      "promise": {}
    },
    "socketPath": null,
    "responseEncoding": "utf8"
  }
}
2020-12-06 11:10 INFO     :  ⏳ fetching from http://jupegarnica.com
2020-12-06 11:10 INFO     :  ⭐ success from http://jupegarnica.com -- ⏳ 304 ms
2020-12-06 11:10 INFO     :  ⏳ fetching from http://valencia.io
2020-12-06 11:10 INFO     :  ⭐ success from http://valencia.io -- ⏳ 256 ms
2020-12-06 11:10 INFO     :  ⏳ fetching from http://198.211.122.70
2020-12-06 11:10 INFO     :  ⭐ success from http://198.211.122.70 -- ⏳ 198 ms
2020-12-06 11:10 INFO     :  ⏳ fetching from http://198.211.122.70:8080/api/v1/products
2020-12-06 11:10 INFO     :  ⭐ success from http://198.211.122.70:8080/api/v1/products -- ⏳ 1345 ms
2020-12-06 11:10 INFO     :  ⏳ fetching from https://datsme.life
2020-12-06 11:10 INFO     :  ⭐ success from https://datsme.life -- ⏳ 2408 ms
2020-12-06 11:10 INFO     :  ⏳ fetching from https://shop.datsme.life:444/api/v1/products
2020-12-06 11:10 INFO     :  ⭐ success from https://shop.datsme.life:444/api/v1/products -- ⏳ 675 ms
2020-12-06 11:12 INFO     :  ⏳ fetching from http://valencia.io/hello
2020-12-06 11:12 ERROR    :  ❌ fail from http://valencia.io/hello --  message: Request failed with status code 404
{
  "message": "Request failed with status code 404",
  "name": "Error",
  "stack": "Error: Request failed with status code 404\n    at createError (createError.ts:14:17)\n    at settle (settle.ts:9:12)\n    at fetchAdapter.ts:62:13",
  "config": {
    "url": "http://valencia.io/hello",
    "method": "get",
    "headers": {
      "Accept": "application/json, text/plain, */*"
    },
    "transformRequest": [
      null
    ],
    "transformResponse": [
      null
    ],
    "timeout": 0,
    "withCredentials": false,
    "responseType": "json",
    "xsrfCookieName": "XSRF-TOKEN",
    "xsrfHeaderName": "X-XSRF-TOKEN",
    "maxContentLength": -1,
    "maxRedirects": 5,
    "cancelToken": {
      "promise": {}
    },
    "socketPath": null,
    "responseEncoding": "utf8"
  }
}
2020-12-06 11:12 INFO     :  ⏳ fetching from http://jupegarnica.com
2020-12-06 11:12 INFO     :  ⭐ success from http://jupegarnica.com -- ⏳ 381 ms
2020-12-06 11:12 INFO     :  ⏳ fetching from http://valencia.io
2020-12-06 11:12 INFO     :  ⭐ success from http://valencia.io -- ⏳ 236 ms
2020-12-06 11:12 INFO     :  ⏳ fetching from http://198.211.122.70
2020-12-06 11:12 INFO     :  ⭐ success from http://198.211.122.70 -- ⏳ 150 ms
2020-12-06 11:12 INFO     :  ⏳ fetching from http://198.211.122.70:8080/api/v1/products
2020-12-06 11:12 INFO     :  ⭐ success from http://198.211.122.70:8080/api/v1/products -- ⏳ 1038 ms
2020-12-06 11:12 INFO     :  ⏳ fetching from https://datsme.life
2020-12-06 11:12 INFO     :  ⭐ success from https://datsme.life -- ⏳ 2852 ms
2020-12-06 11:12 INFO     :  ⏳ fetching from https://shop.datsme.life:444/api/v1/products
2020-12-06 11:12 INFO     :  ⭐ success from https://shop.datsme.life:444/api/v1/products -- ⏳ 719 ms
