2020-12-11 00:38 INFO    
⏳ fetching
GET http://jupegarnica.com
2020-12-11 00:38 INFO    
⭐ success
GET http://jupegarnica.com

Downtime 2.8%
Delay/average 79.0/512.7ms
Monitored during 2 days
2020-12-11 00:38 INFO    
⏳ fetching
GET http://valencia.io
2020-12-11 00:38 INFO    
⭐ success
GET http://valencia.io

Downtime 0.0%
Delay/average 126.0/655.4ms
Monitored during 2 days
2020-12-11 00:38 INFO    
⏳ fetching
GET http://198.211.122.70
2020-12-11 00:38 INFO    
⭐ success
GET http://198.211.122.70

Downtime 0.0%
Delay/average 279.0/193.7ms
Monitored during 2 days
2020-12-11 00:38 INFO    
⏳ fetching
GET http://198.211.122.70:8080/api/v1/products
2020-12-11 00:38 INFO    
⭐ success
GET http://198.211.122.70:8080/api/v1/products

Downtime 97.1%
Delay/average 1398.0/979.3ms
Monitored during 2 days
2020-12-11 00:38 INFO    
⏳ fetching
GET https://datsme.life
2020-12-11 00:38 INFO    
⭐ success
GET https://datsme.life

Downtime 2.9%
Delay/average 3178.0/3037.8ms
Monitored during 2 days
2020-12-11 00:38 INFO    
⏳ fetching
GET https://shop.datsme.life:444/api/v1/products
2020-12-11 00:38 INFO    
⭐ success
GET https://shop.datsme.life:444/api/v1/products

Downtime 0.0%
Delay/average 908.0/907.5ms
Monitored during 2 days
2020-12-11 01:41 INFO    
⏳ fetching
GET http://jupegarnica.com
2020-12-11 01:41 INFO    
⭐ success
GET http://jupegarnica.com

Downtime 2.8%
Delay/average 70.0/512.4ms
Monitored during 2 days
2020-12-11 01:41 INFO    
⏳ fetching
GET http://valencia.io
2020-12-11 01:41 INFO    
⭐ success
GET http://valencia.io

Downtime 0.0%
Delay/average 70.0/653.9ms
Monitored during 2 days
2020-12-11 01:41 INFO    
⏳ fetching
GET http://198.211.122.70
2020-12-11 01:41 INFO    
⭐ success
GET http://198.211.122.70

Downtime 0.0%
Delay/average 265.0/193.3ms
Monitored during 2 days
2020-12-11 01:41 INFO    
⏳ fetching
GET http://198.211.122.70:8080/api/v1/products
2020-12-11 01:41 INFO    
⭐ success
GET http://198.211.122.70:8080/api/v1/products

Downtime 97.1%
Delay/average 1123.0/971.5ms
Monitored during 2 days
2020-12-11 01:41 INFO    
⏳ fetching
GET https://datsme.life
2020-12-11 01:41 INFO    
⭐ success
GET https://datsme.life

Downtime 2.9%
Delay/average 3121.0/3036.1ms
Monitored during 2 days
2020-12-11 01:41 INFO    
⏳ fetching
GET https://shop.datsme.life:444/api/v1/products
2020-12-11 01:41 INFO    
⭐ success
GET https://shop.datsme.life:444/api/v1/products

Downtime 0.0%
Delay/average 836.0/905.4ms
Monitored during 2 days
2020-12-11 02:22 INFO    
⏳ fetching
GET http://jupegarnica.com
2020-12-11 02:22 INFO    
⭐ success
GET http://jupegarnica.com

Downtime 2.8%
Delay/average 42.0/511.7ms
Monitored during 2 days
2020-12-11 02:22 INFO    
⏳ fetching
GET http://valencia.io
2020-12-11 02:22 INFO    
⭐ success
GET http://valencia.io

Downtime 0.0%
Delay/average 64.0/653.7ms
Monitored during 2 days
2020-12-11 02:22 INFO    
⏳ fetching
GET http://198.211.122.70
2020-12-11 02:22 INFO    
⭐ success
GET http://198.211.122.70

Downtime 0.0%
Delay/average 302.0/194.3ms
Monitored during 2 days
2020-12-11 02:22 INFO    
⏳ fetching
GET http://198.211.122.70:8080/api/v1/products
2020-12-11 02:22 INFO    
⭐ success
GET http://198.211.122.70:8080/api/v1/products

Downtime 97.1%
Delay/average 1071.0/970.0ms
Monitored during 2 days
2020-12-11 02:22 INFO    
⏳ fetching
GET https://datsme.life
2020-12-11 02:22 INFO    
⭐ success
GET https://datsme.life

Downtime 2.9%
Delay/average 3361.0/3043.1ms
Monitored during 2 days
2020-12-11 02:22 INFO    
⏳ fetching
GET https://shop.datsme.life:444/api/v1/products
2020-12-11 02:22 INFO    
⭐ success
GET https://shop.datsme.life:444/api/v1/products

Downtime 0.0%
Delay/average 957.0/908.9ms
Monitored during 2 days
2020-12-11 03:15 INFO    
⏳ fetching
GET http://jupegarnica.com
2020-12-11 03:15 INFO    
⭐ success
GET http://jupegarnica.com

Downtime 2.8%
Delay/average 77.0/512.6ms
Monitored during 2 days
2020-12-11 03:15 INFO    
⏳ fetching
GET http://valencia.io
2020-12-11 03:15 INFO    
⭐ success
GET http://valencia.io

Downtime 0.0%
Delay/average 59.0/653.6ms
Monitored during 2 days
2020-12-11 03:15 INFO    
⏳ fetching
GET http://198.211.122.70
2020-12-11 03:15 INFO    
⭐ success
GET http://198.211.122.70

Downtime 0.0%
Delay/average 266.0/193.3ms
Monitored during 2 days
2020-12-11 03:15 INFO    
⏳ fetching
GET http://198.211.122.70:8080/api/v1/products
2020-12-11 03:15 INFO    
⭐ success
GET http://198.211.122.70:8080/api/v1/products

Downtime 97.1%
Delay/average 1156.0/972.4ms
Monitored during 2 days
2020-12-11 03:15 INFO    
⏳ fetching
GET https://datsme.life
2020-12-11 03:15 INFO    
⭐ success
GET https://datsme.life

Downtime 2.9%
Delay/average 3540.0/3048.4ms
Monitored during 2 days
2020-12-11 03:15 INFO    
⏳ fetching
GET https://shop.datsme.life:444/api/v1/products
2020-12-11 03:15 INFO    
⭐ success
GET https://shop.datsme.life:444/api/v1/products

Downtime 0.0%
Delay/average 1132.0/914.1ms
Monitored during 2 days
2020-12-11 04:17 INFO    
⏳ fetching
GET http://jupegarnica.com
2020-12-11 04:17 INFO    
⭐ success
GET http://jupegarnica.com

Downtime 2.8%
Delay/average 73.0/512.5ms
Monitored during 2 days
2020-12-11 04:17 INFO    
⏳ fetching
GET http://valencia.io
2020-12-11 04:18 INFO    
⭐ success
GET http://valencia.io

Downtime 0.0%
Delay/average 66.0/653.8ms
Monitored during 2 days
2020-12-11 04:18 INFO    
⏳ fetching
GET http://198.211.122.70
2020-12-11 04:18 INFO    
⭐ success
GET http://198.211.122.70

Downtime 0.0%
Delay/average 287.0/193.9ms
Monitored during 2 days
2020-12-11 04:18 INFO    
⏳ fetching
GET http://198.211.122.70:8080/api/v1/products
2020-12-11 04:18 INFO    
⭐ success
GET http://198.211.122.70:8080/api/v1/products

Downtime 97.1%
Delay/average 1116.0/971.3ms
Monitored during 2 days
2020-12-11 04:18 INFO    
⏳ fetching
GET https://datsme.life
2020-12-11 04:18 INFO    
⭐ success
GET https://datsme.life

Downtime 2.9%
Delay/average 3312.0/3041.7ms
Monitored during 2 days
2020-12-11 04:18 INFO    
⏳ fetching
GET https://shop.datsme.life:444/api/v1/products
2020-12-11 04:18 INFO    
⭐ success
GET https://shop.datsme.life:444/api/v1/products

Downtime 0.0%
Delay/average 879.0/906.6ms
Monitored during 2 days
2020-12-11 05:14 INFO    
⏳ fetching
GET http://jupegarnica.com
2020-12-11 05:14 INFO    
⭐ success
GET http://jupegarnica.com

Downtime 2.8%
Delay/average 46.0/511.8ms
Monitored during 2 days
2020-12-11 05:14 INFO    
⏳ fetching
GET http://valencia.io
2020-12-11 05:14 INFO    
⭐ success
GET http://valencia.io

Downtime 0.0%
Delay/average 88.0/654.4ms
Monitored during 2 days
2020-12-11 05:14 INFO    
⏳ fetching
GET http://198.211.122.70
2020-12-11 05:14 INFO    
⭐ success
GET http://198.211.122.70

Downtime 0.0%
Delay/average 292.0/194.0ms
Monitored during 2 days
2020-12-11 05:14 INFO    
⏳ fetching
GET http://198.211.122.70:8080/api/v1/products
2020-12-11 05:14 INFO    
⭐ success
GET http://198.211.122.70:8080/api/v1/products

Downtime 97.1%
Delay/average 1021.0/968.6ms
Monitored during 2 days
2020-12-11 05:14 INFO    
⏳ fetching
GET https://datsme.life
2020-12-11 05:14 INFO    
⭐ success
GET https://datsme.life

Downtime 2.9%
Delay/average 3330.0/3042.2ms
Monitored during 2 days
2020-12-11 05:14 INFO    
⏳ fetching
GET https://shop.datsme.life:444/api/v1/products
2020-12-11 05:14 INFO    
⭐ success
GET https://shop.datsme.life:444/api/v1/products

Downtime 0.0%
Delay/average 812.0/904.7ms
Monitored during 2 days
2020-12-11 06:16 INFO    
⏳ fetching
GET http://jupegarnica.com
2020-12-11 06:16 INFO    
⭐ success
GET http://jupegarnica.com

Downtime 2.8%
Delay/average 69.0/512.4ms
Monitored during 2 days
2020-12-11 06:16 INFO    
⏳ fetching
GET http://valencia.io
2020-12-11 06:16 INFO    
⭐ success
GET http://valencia.io

Downtime 0.0%
Delay/average 86.0/654.3ms
Monitored during 2 days
2020-12-11 06:16 INFO    
⏳ fetching
GET http://198.211.122.70
2020-12-11 06:16 INFO    
⭐ success
GET http://198.211.122.70

Downtime 0.0%
Delay/average 266.0/193.3ms
Monitored during 2 days
2020-12-11 06:16 INFO    
⏳ fetching
GET http://198.211.122.70:8080/api/v1/products
2020-12-11 06:16 INFO    
⭐ success
GET http://198.211.122.70:8080/api/v1/products

Downtime 97.1%
Delay/average 1095.0/970.7ms
Monitored during 2 days
2020-12-11 06:16 INFO    
⏳ fetching
GET https://datsme.life
2020-12-11 06:16 INFO    
⭐ success
GET https://datsme.life

Downtime 2.9%
Delay/average 3152.0/3037.0ms
Monitored during 2 days
2020-12-11 06:16 INFO    
⏳ fetching
GET https://shop.datsme.life:444/api/v1/products
2020-12-11 06:16 INFO    
⭐ success
GET https://shop.datsme.life:444/api/v1/products

Downtime 0.0%
Delay/average 916.0/907.7ms
Monitored during 2 days
2020-12-11 07:14 INFO    
⏳ fetching
GET http://jupegarnica.com
2020-12-11 07:14 INFO    
⭐ success
GET http://jupegarnica.com

Downtime 2.8%
Delay/average 59.0/512.1ms
Monitored during 2 days
2020-12-11 07:14 INFO    
⏳ fetching
GET http://valencia.io
2020-12-11 07:14 INFO    
⭐ success
GET http://valencia.io

Downtime 0.0%
Delay/average 136.0/655.7ms
Monitored during 2 days
2020-12-11 07:14 INFO    
⏳ fetching
GET http://198.211.122.70
2020-12-11 07:14 INFO    
⭐ success
GET http://198.211.122.70

Downtime 0.0%
Delay/average 309.0/194.5ms
Monitored during 2 days
2020-12-11 07:14 INFO    
⏳ fetching
GET http://198.211.122.70:8080/api/v1/products
2020-12-11 07:14 INFO    
⭐ success
GET http://198.211.122.70:8080/api/v1/products

Downtime 97.1%
Delay/average 1124.0/971.5ms
Monitored during 2 days
2020-12-11 07:14 INFO    
⏳ fetching
GET https://datsme.life
2020-12-11 07:14 INFO    
⭐ success
GET https://datsme.life

Downtime 2.9%
Delay/average 3302.0/3041.4ms
Monitored during 2 days
2020-12-11 07:14 INFO    
⏳ fetching
GET https://shop.datsme.life:444/api/v1/products
2020-12-11 07:14 INFO    
⭐ success
GET https://shop.datsme.life:444/api/v1/products

Downtime 0.0%
Delay/average 923.0/907.9ms
Monitored during 2 days
2020-12-11 12:59 INFO    
⏳ fetching
GET https://google.com
2020-12-11 12:59 INFO    
⭐ success
GET https://google.com

Downtime 0.0%
Delay/average 353.0/353.0ms
Monitored during 0 days
2020-12-11 12:59 INFO    
⏳ fetching
GET https://google.com
2020-12-11 12:59 INFO    
⭐ success
GET https://google.com

Downtime 0.0%
Delay/average 129.0/241.0ms
Monitored during 0 days
2020-12-11 12:59 INFO    
⏳ fetching
POST http://localhost:8000/post
2020-12-11 12:59 ERROR   
❌ fail from
POST http://localhost:8000/post

Downtime 17.7%
Delay/av.: 3.0ms / 50870994190.2ms
Monitored during 2 days
Error: Request failed with status code 404
    at createError (createError.ts:14:17)
    at settle (settle.ts:9:12)
    at fetchAdapter.ts:62:13
2020-12-11 12:59 INFO    
⏳ fetching
PATCH http://localhost:8000/post
2020-12-11 12:59 ERROR   
❌ fail from
PATCH http://localhost:8000/post

Downtime 100.0%
Delay/av.: 1.0ms / 1.0ms
Monitored during 0 days
Error: Request failed with status code 404
    at createError (createError.ts:14:17)
    at settle (settle.ts:9:12)
    at fetchAdapter.ts:62:13
2020-12-11 12:59 DEBUG   
All requests finished
2020-12-11 12:59 DEBUG   
Logs sent by email
2020-12-11 12:59 DEBUG   
Waiting until next round in 10000ms
2020-12-11 12:59 INFO    
⏳ fetching
GET https://google.com
2020-12-11 12:59 INFO    
⭐ success
GET https://google.com

Downtime 0.0%
Delay/average 122.0/201.3ms
Monitored during 0 days
2020-12-11 12:59 INFO    
⏳ fetching
GET https://google.com
2020-12-11 12:59 INFO    
⭐ success
GET https://google.com

Downtime 0.0%
Delay/average 134.0/184.5ms
Monitored during 0 days
2020-12-11 12:59 INFO    
⏳ fetching
POST http://localhost:8000/post
2020-12-11 12:59 ERROR   
❌ fail from
POST http://localhost:8000/post

Downtime 18.2%
Delay/av.: 3.0ms / 50551050830.5ms
Monitored during 2 days
Error: Request failed with status code 404
    at createError (createError.ts:14:17)
    at settle (settle.ts:9:12)
    at fetchAdapter.ts:62:13
2020-12-11 12:59 INFO    
⏳ fetching
PATCH http://localhost:8000/post
2020-12-11 12:59 ERROR   
❌ fail from
PATCH http://localhost:8000/post

Downtime 100.0%
Delay/av.: 2.0ms / 1.5ms
Monitored during 0 days
Error: Request failed with status code 404
    at createError (createError.ts:14:17)
    at settle (settle.ts:9:12)
    at fetchAdapter.ts:62:13
2020-12-11 12:59 DEBUG   
All requests finished
2020-12-11 12:59 DEBUG   
Logs sent by email
2020-12-11 12:59 DEBUG   
Waiting until next round in 10000ms
2020-12-11 12:59 INFO    
⏳ fetching
GET https://google.com
2020-12-11 12:59 INFO    
⭐ success
GET https://google.com

Downtime 0.0%
Delay/average 116.0/170.8ms
Monitored during 0 days
2020-12-11 12:59 INFO    
⏳ fetching
GET https://google.com
2020-12-11 12:59 INFO    
⭐ success
GET https://google.com

Downtime 0.0%
Delay/average 130.0/164.0ms
Monitored during 0 days
2020-12-11 12:59 INFO    
⏳ fetching
POST http://localhost:8000/post
2020-12-11 12:59 ERROR   
❌ fail from
POST http://localhost:8000/post

Downtime 18.8%
Delay/av.: 6.0ms / 50235106762.9ms
Monitored during 2 days
Error: Request failed with status code 404
    at createError (createError.ts:14:17)
    at settle (settle.ts:9:12)
    at fetchAdapter.ts:62:13
2020-12-11 12:59 INFO    
⏳ fetching
PATCH http://localhost:8000/post
2020-12-11 12:59 ERROR   
❌ fail from
PATCH http://localhost:8000/post

Downtime 100.0%
Delay/av.: 2.0ms / 1.7ms
Monitored during 0 days
Error: Request failed with status code 404
    at createError (createError.ts:14:17)
    at settle (settle.ts:9:12)
    at fetchAdapter.ts:62:13
2020-12-11 12:59 DEBUG   
All requests finished
2020-12-11 12:59 DEBUG   
Logs sent by email
2020-12-11 12:59 DEBUG   
Waiting until next round in 10000ms
2020-12-11 12:59 INFO    
⏳ fetching
GET https://google.com
2020-12-11 12:59 INFO    
⭐ success
GET https://google.com

Downtime 0.0%
Delay/average 118.0/157.4ms
Monitored during 0 days
2020-12-11 12:59 INFO    
⏳ fetching
GET https://google.com
2020-12-11 12:59 INFO    
⭐ success
GET https://google.com

Downtime 0.0%
Delay/average 134.0/154.5ms
Monitored during 0 days
2020-12-11 12:59 INFO    
⏳ fetching
POST http://localhost:8000/post
2020-12-11 12:59 ERROR   
❌ fail from
POST http://localhost:8000/post

Downtime 19.3%
Delay/av.: 2.0ms / 49923087466.2ms
Monitored during 2 days
Error: Request failed with status code 404
    at createError (createError.ts:14:17)
    at settle (settle.ts:9:12)
    at fetchAdapter.ts:62:13
2020-12-11 12:59 INFO    
⏳ fetching
PATCH http://localhost:8000/post
2020-12-11 12:59 ERROR   
❌ fail from
PATCH http://localhost:8000/post

Downtime 100.0%
Delay/av.: 2.0ms / 1.8ms
Monitored during 0 days
Error: Request failed with status code 404
    at createError (createError.ts:14:17)
    at settle (settle.ts:9:12)
    at fetchAdapter.ts:62:13
2020-12-11 12:59 DEBUG   
All requests finished
2020-12-11 12:59 DEBUG   
Logs sent by email
2020-12-11 12:59 DEBUG   
Waiting until next round in 10000ms
2020-12-11 12:59 INFO    
⏳ fetching
GET https://google.com
2020-12-11 12:59 INFO    
⭐ success
GET https://google.com

Downtime 0.0%
Delay/average 138.0/152.7ms
Monitored during 0 days
2020-12-11 12:59 INFO    
⏳ fetching
GET https://google.com
2020-12-11 12:59 INFO    
⭐ success
GET https://google.com

Downtime 0.0%
Delay/average 124.0/149.8ms
Monitored during 0 days
2020-12-11 12:59 INFO    
⏳ fetching
POST http://localhost:8000/post
2020-12-11 12:59 ERROR   
❌ fail from
POST http://localhost:8000/post

Downtime 19.8%
Delay/av.: 4.0ms / 49614920259.6ms
Monitored during 2 days
Error: Request failed with status code 404
    at createError (createError.ts:14:17)
    at settle (settle.ts:9:12)
    at fetchAdapter.ts:62:13
2020-12-11 12:59 INFO    
⏳ fetching
PATCH http://localhost:8000/post
2020-12-11 12:59 ERROR   
❌ fail from
PATCH http://localhost:8000/post

Downtime 100.0%
Delay/av.: 3.0ms / 2.0ms
Monitored during 0 days
Error: Request failed with status code 404
    at createError (createError.ts:14:17)
    at settle (settle.ts:9:12)
    at fetchAdapter.ts:62:13
2020-12-11 12:59 DEBUG   
All requests finished
2020-12-11 13:00 DEBUG   
Logs sent by email
2020-12-11 13:00 DEBUG   
Waiting until next round in 10000ms
2020-12-11 13:00 INFO    
⏳ fetching
GET https://google.com
2020-12-11 13:00 INFO    
⭐ success
GET https://google.com

Downtime 0.0%
Delay/average 224.0/156.5ms
Monitored during 0 days
2020-12-11 13:00 INFO    
⏳ fetching
GET https://google.com
2020-12-11 13:00 INFO    
⭐ success
GET https://google.com

Downtime 0.0%
Delay/average 112.0/152.8ms
Monitored during 0 days
2020-12-11 13:00 INFO    
⏳ fetching
POST http://localhost:8000/post
2020-12-11 13:00 ERROR   
❌ fail from
POST http://localhost:8000/post

Downtime 20.2%
Delay/av.: 13.0ms / 49310534245.9ms
Monitored during 2 days
Error: Request failed with status code 404
    at createError (createError.ts:14:17)
    at settle (settle.ts:9:12)
    at fetchAdapter.ts:62:13
2020-12-11 13:00 INFO    
⏳ fetching
PATCH http://localhost:8000/post
2020-12-11 13:00 ERROR   
❌ fail from
PATCH http://localhost:8000/post

Downtime 100.0%
Delay/av.: 3.0ms / 2.2ms
Monitored during 0 days
Error: Request failed with status code 404
    at createError (createError.ts:14:17)
    at settle (settle.ts:9:12)
    at fetchAdapter.ts:62:13
2020-12-11 13:00 DEBUG   
All requests finished
2020-12-11 13:00 DEBUG   
Logs sent by email
2020-12-11 13:00 DEBUG   
Waiting until next round in 10000ms
2020-12-11 13:00 INFO    
⏳ fetching
GET https://google.com
2020-12-11 13:00 INFO    
⭐ success
GET https://google.com

Downtime 0.0%
Delay/average 128.0/150.9ms
Monitored during 0 days
2020-12-11 13:00 INFO    
⏳ fetching
GET https://google.com
2020-12-11 13:00 INFO    
⭐ success
GET https://google.com

Downtime 0.0%
Delay/average 117.0/148.5ms
Monitored during 0 days
2020-12-11 13:00 INFO    
⏳ fetching
POST http://localhost:8000/post
2020-12-11 13:00 ERROR   
❌ fail from
POST http://localhost:8000/post

Downtime 20.7%
Delay/av.: 1.0ms / 49009860256.6ms
Monitored during 2 days
Error: Request failed with status code 404
    at createError (createError.ts:14:17)
    at settle (settle.ts:9:12)
    at fetchAdapter.ts:62:13
2020-12-11 13:00 INFO    
⏳ fetching
PATCH http://localhost:8000/post
2020-12-11 13:00 ERROR   
❌ fail from
PATCH http://localhost:8000/post

Downtime 100.0%
Delay/av.: 2.0ms / 2.1ms
Monitored during 0 days
Error: Request failed with status code 404
    at createError (createError.ts:14:17)
    at settle (settle.ts:9:12)
    at fetchAdapter.ts:62:13
2020-12-11 13:00 DEBUG   
All requests finished
2020-12-11 13:00 DEBUG   
Logs sent by email
2020-12-11 13:00 DEBUG   
Waiting until next round in 10000ms
2020-12-11 13:00 INFO    
⏳ fetching
GET https://google.com
2020-12-11 13:00 INFO    
⭐ success
GET https://google.com

Downtime 0.0%
Delay/average 134.0/147.5ms
Monitored during 0 days
2020-12-11 13:00 INFO    
⏳ fetching
GET https://google.com
2020-12-11 13:00 INFO    
⭐ success
GET https://google.com

Downtime 0.0%
Delay/average 125.0/146.1ms
Monitored during 0 days
2020-12-11 13:00 INFO    
⏳ fetching
POST http://localhost:8000/post
2020-12-11 13:00 ERROR   
❌ fail from
POST http://localhost:8000/post

Downtime 21.2%
Delay/av.: 6.0ms / 48712830800.5ms
Monitored during 2 days
Error: Request failed with status code 404
    at createError (createError.ts:14:17)
    at settle (settle.ts:9:12)
    at fetchAdapter.ts:62:13
2020-12-11 13:00 INFO    
⏳ fetching
PATCH http://localhost:8000/post
2020-12-11 13:00 ERROR   
❌ fail from
PATCH http://localhost:8000/post

Downtime 100.0%
Delay/av.: 7.0ms / 2.8ms
Monitored during 0 days
Error: Request failed with status code 404
    at createError (createError.ts:14:17)
    at settle (settle.ts:9:12)
    at fetchAdapter.ts:62:13
2020-12-11 13:00 DEBUG   
All requests finished
2020-12-11 13:00 DEBUG   
Logs sent by email
2020-12-11 13:00 DEBUG   
Waiting until next round in 10000ms
2020-12-11 13:00 INFO    
⏳ fetching
GET https://google.com
2020-12-11 13:00 INFO    
⭐ success
GET https://google.com

Downtime 0.0%
Delay/average 133.0/145.4ms
Monitored during 0 days
2020-12-11 13:00 INFO    
⏳ fetching
GET https://google.com
2020-12-11 13:00 INFO    
⭐ success
GET https://google.com

Downtime 0.0%
Delay/average 405.0/159.8ms
Monitored during 0 days
2020-12-11 13:00 INFO    
⏳ fetching
POST http://localhost:8000/post
2020-12-11 13:00 ERROR   
❌ fail from
POST http://localhost:8000/post

Downtime 21.7%
Delay/av.: 2.0ms / 48419380012.6ms
Monitored during 2 days
Error: Request failed with status code 404
    at createError (createError.ts:14:17)
    at settle (settle.ts:9:12)
    at fetchAdapter.ts:62:13
2020-12-11 13:00 INFO    
⏳ fetching
PATCH http://localhost:8000/post
2020-12-11 13:00 ERROR   
❌ fail from
PATCH http://localhost:8000/post

Downtime 100.0%
Delay/av.: 2.0ms / 2.7ms
Monitored during 0 days
Error: Request failed with status code 404
    at createError (createError.ts:14:17)
    at settle (settle.ts:9:12)
    at fetchAdapter.ts:62:13
2020-12-11 13:00 DEBUG   
All requests finished
2020-12-11 13:00 DEBUG   
Logs sent by email
2020-12-11 13:00 DEBUG   
Waiting until next round in 10000ms
2020-12-11 13:00 INFO    
⏳ fetching
GET https://google.com
2020-12-11 13:00 INFO    
⭐ success
GET https://google.com

Downtime 0.0%
Delay/average 134.0/158.4ms
Monitored during 0 days
2020-12-11 13:00 INFO    
⏳ fetching
GET https://google.com
2020-12-11 13:00 INFO    
⭐ success
GET https://google.com

Downtime 0.0%
Delay/average 124.0/156.7ms
Monitored during 0 days
2020-12-11 13:00 INFO    
⏳ fetching
POST http://localhost:8000/post
2020-12-11 13:00 ERROR   
❌ fail from
POST http://localhost:8000/post

Downtime 22.2%
Delay/av.: 3.0ms / 48129443605.3ms
Monitored during 2 days
Error: Request failed with status code 404
    at createError (createError.ts:14:17)
    at settle (settle.ts:9:12)
    at fetchAdapter.ts:62:13
2020-12-11 13:00 INFO    
⏳ fetching
PATCH http://localhost:8000/post
2020-12-11 13:00 ERROR   
❌ fail from
PATCH http://localhost:8000/post

Downtime 100.0%
Delay/av.: 2.0ms / 2.6ms
Monitored during 0 days
Error: Request failed with status code 404
    at createError (createError.ts:14:17)
    at settle (settle.ts:9:12)
    at fetchAdapter.ts:62:13
2020-12-11 13:00 DEBUG   
All requests finished
2020-12-11 13:01 DEBUG   
Logs sent by email
2020-12-11 13:01 DEBUG   
Waiting until next round in 10000ms
2020-12-11 13:01 INFO    
⏳ fetching
GET https://google.com
2020-12-11 13:01 INFO    
⭐ success
GET https://google.com

Downtime 0.0%
Delay/average 120.0/155.0ms
Monitored during 0 days
2020-12-11 13:01 INFO    
⏳ fetching
GET https://google.com
2020-12-11 13:01 INFO    
⭐ success
GET https://google.com

Downtime 0.0%
Delay/average 127.0/153.7ms
Monitored during 0 days
2020-12-11 13:01 INFO    
⏳ fetching
POST http://localhost:8000/post
2020-12-11 13:01 ERROR   
❌ fail from
POST http://localhost:8000/post

Downtime 22.6%
Delay/av.: 2.0ms / 47842958822.0ms
Monitored during 2 days
Error: Request failed with status code 404
    at createError (createError.ts:14:17)
    at settle (settle.ts:9:12)
    at fetchAdapter.ts:62:13
2020-12-11 13:01 INFO    
⏳ fetching
PATCH http://localhost:8000/post
2020-12-11 13:01 ERROR   
❌ fail from
PATCH http://localhost:8000/post

Downtime 100.0%
Delay/av.: 2.0ms / 2.5ms
Monitored during 0 days
Error: Request failed with status code 404
    at createError (createError.ts:14:17)
    at settle (settle.ts:9:12)
    at fetchAdapter.ts:62:13
2020-12-11 13:01 DEBUG   
All requests finished
2020-12-11 13:01 DEBUG   
Logs sent by email
2020-12-11 13:01 DEBUG   
Waiting until next round in 10000ms
2020-12-11 13:01 INFO    
⏳ fetching
GET https://google.com
2020-12-11 13:01 INFO    
⭐ success
GET https://google.com

Downtime 0.0%
Delay/average 120.0/152.2ms
Monitored during 0 days
2020-12-11 13:01 INFO    
⏳ fetching
GET https://google.com
2020-12-11 13:01 INFO    
⭐ success
GET https://google.com

Downtime 0.0%
Delay/average 141.0/151.8ms
Monitored during 0 days
2020-12-11 13:01 INFO    
⏳ fetching
POST http://localhost:8000/post
2020-12-11 13:01 ERROR   
❌ fail from
POST http://localhost:8000/post

Downtime 23.1%
Delay/av.: 4.0ms / 47559864391.1ms
Monitored during 2 days
Error: Request failed with status code 404
    at createError (createError.ts:14:17)
    at settle (settle.ts:9:12)
    at fetchAdapter.ts:62:13
2020-12-11 13:01 INFO    
⏳ fetching
PATCH http://localhost:8000/post
2020-12-11 13:01 ERROR   
❌ fail from
PATCH http://localhost:8000/post

Downtime 100.0%
Delay/av.: 5.0ms / 2.8ms
Monitored during 0 days
Error: Request failed with status code 404
    at createError (createError.ts:14:17)
    at settle (settle.ts:9:12)
    at fetchAdapter.ts:62:13
2020-12-11 13:01 DEBUG   
All requests finished
2020-12-11 13:01 DEBUG   
Logs sent by email
2020-12-11 13:01 DEBUG   
Waiting until next round in 10000ms
2020-12-11 13:01 INFO    
⏳ fetching
GET https://google.com
2020-12-11 13:01 INFO    
⭐ success
GET https://google.com

Downtime 0.0%
Delay/average 117.0/150.4ms
Monitored during 0 days
2020-12-11 13:01 INFO    
⏳ fetching
GET https://google.com
2020-12-11 13:01 INFO    
⭐ success
GET https://google.com

Downtime 0.0%
Delay/average 118.0/149.1ms
Monitored during 0 days
2020-12-11 13:01 INFO    
⏳ fetching
POST http://localhost:8000/post
2020-12-11 13:01 ERROR   
❌ fail from
POST http://localhost:8000/post

Downtime 23.5%
Delay/av.: 9.0ms / 47280100483.0ms
Monitored during 2 days
Error: Request failed with status code 404
    at createError (createError.ts:14:17)
    at settle (settle.ts:9:12)
    at fetchAdapter.ts:62:13
2020-12-11 13:01 INFO    
⏳ fetching
PATCH http://localhost:8000/post
2020-12-11 13:01 ERROR   
❌ fail from
PATCH http://localhost:8000/post

Downtime 100.0%
Delay/av.: 7.0ms / 3.1ms
Monitored during 0 days
Error: Request failed with status code 404
    at createError (createError.ts:14:17)
    at settle (settle.ts:9:12)
    at fetchAdapter.ts:62:13
2020-12-11 13:01 DEBUG   
All requests finished
2020-12-11 13:01 DEBUG   
Logs sent by email
2020-12-11 13:01 DEBUG   
Waiting until next round in 10000ms
2020-12-11 13:01 INFO    
⏳ fetching
GET https://google.com
2020-12-11 13:01 INFO    
⭐ success
GET https://google.com

Downtime 0.0%
Delay/average 137.0/148.7ms
Monitored during 0 days
2020-12-11 13:01 INFO    
⏳ fetching
GET https://google.com
2020-12-11 13:01 INFO    
⭐ success
GET https://google.com

Downtime 0.0%
Delay/average 133.0/148.1ms
Monitored during 0 days
2020-12-11 13:01 INFO    
⏳ fetching
POST http://localhost:8000/post
2020-12-11 13:01 ERROR   
❌ fail from
POST http://localhost:8000/post

Downtime 24.0%
Delay/av.: 8.0ms / 47003608667.3ms
Monitored during 2 days
Error: Request failed with status code 404
    at createError (createError.ts:14:17)
    at settle (settle.ts:9:12)
    at fetchAdapter.ts:62:13
2020-12-11 13:01 INFO    
⏳ fetching
PATCH http://localhost:8000/post
2020-12-11 13:01 ERROR   
❌ fail from
PATCH http://localhost:8000/post

Downtime 100.0%
Delay/av.: 8.0ms / 3.4ms
Monitored during 0 days
Error: Request failed with status code 404
    at createError (createError.ts:14:17)
    at settle (settle.ts:9:12)
    at fetchAdapter.ts:62:13
2020-12-11 13:01 DEBUG   
All requests finished
2020-12-11 13:01 DEBUG   
Logs sent by email
2020-12-11 13:01 DEBUG   
Waiting until next round in 10000ms
2020-12-11 13:01 INFO    
⏳ fetching
GET https://google.com
2020-12-11 13:01 INFO    
⭐ success
GET https://google.com

Downtime 0.0%
Delay/average 122.0/147.2ms
Monitored during 0 days
2020-12-11 13:01 INFO    
⏳ fetching
GET https://google.com
2020-12-11 13:01 INFO    
⭐ success
GET https://google.com

Downtime 0.0%
Delay/average 134.0/146.8ms
Monitored during 0 days
2020-12-11 13:01 INFO    
⏳ fetching
POST http://localhost:8000/post
2020-12-11 13:01 ERROR   
❌ fail from
POST http://localhost:8000/post

Downtime 24.4%
Delay/av.: 3.0ms / 46730331872.8ms
Monitored during 2 days
Error: Request failed with status code 404
    at createError (createError.ts:14:17)
    at settle (settle.ts:9:12)
    at fetchAdapter.ts:62:13
2020-12-11 13:01 INFO    
⏳ fetching
PATCH http://localhost:8000/post
2020-12-11 13:01 ERROR   
❌ fail from
PATCH http://localhost:8000/post

Downtime 100.0%
Delay/av.: 5.0ms / 3.5ms
Monitored during 0 days
Error: Request failed with status code 404
    at createError (createError.ts:14:17)
    at settle (settle.ts:9:12)
    at fetchAdapter.ts:62:13
2020-12-11 13:01 DEBUG   
All requests finished
2020-12-11 13:01 DEBUG   
Logs sent by email
2020-12-11 13:01 DEBUG   
Waiting until next round in 10000ms
2020-12-11 13:02 INFO    
⏳ fetching
GET https://google.com
2020-12-11 13:02 INFO    
⭐ success
GET https://google.com

Downtime 0.0%
Delay/average 115.0/145.7ms
Monitored during 0 days
2020-12-11 13:02 INFO    
⏳ fetching
GET https://google.com
2020-12-11 13:02 INFO    
⭐ success
GET https://google.com

Downtime 0.0%
Delay/average 125.0/145.1ms
Monitored during 0 days
2020-12-11 13:02 INFO    
⏳ fetching
POST http://localhost:8000/post
2020-12-11 13:02 ERROR   
❌ fail from
POST http://localhost:8000/post

Downtime 24.9%
Delay/av.: 3.0ms / 46460214347.5ms
Monitored during 2 days
Error: Request failed with status code 404
    at createError (createError.ts:14:17)
    at settle (settle.ts:9:12)
    at fetchAdapter.ts:62:13
2020-12-11 13:02 INFO    
⏳ fetching
PATCH http://localhost:8000/post
2020-12-11 13:02 ERROR   
❌ fail from
PATCH http://localhost:8000/post

Downtime 100.0%
Delay/av.: 2.0ms / 3.4ms
Monitored during 0 days
Error: Request failed with status code 404
    at createError (createError.ts:14:17)
    at settle (settle.ts:9:12)
    at fetchAdapter.ts:62:13
2020-12-11 13:02 DEBUG   
All requests finished
2020-12-11 13:02 DEBUG   
Logs sent by email
2020-12-11 13:02 DEBUG   
Waiting until next round in 10000ms
2020-12-11 13:02 INFO    
⏳ fetching
GET https://google.com
2020-12-11 13:02 INFO    
⭐ success
GET https://google.com

Downtime 0.0%
Delay/average 139.0/144.9ms
Monitored during 0 days
2020-12-11 13:02 INFO    
⏳ fetching
GET https://google.com
2020-12-11 13:02 INFO    
⭐ success
GET https://google.com

Downtime 0.0%
Delay/average 130.0/144.5ms
Monitored during 0 days
2020-12-11 13:02 INFO    
⏳ fetching
POST http://localhost:8000/post
2020-12-11 13:02 ERROR   
❌ fail from
POST http://localhost:8000/post

Downtime 25.3%
Delay/av.: 3.0ms / 46193201621.4ms
Monitored during 2 days
Error: Request failed with status code 404
    at createError (createError.ts:14:17)
    at settle (settle.ts:9:12)
    at fetchAdapter.ts:62:13
2020-12-11 13:02 INFO    
⏳ fetching
PATCH http://localhost:8000/post
2020-12-11 13:02 ERROR   
❌ fail from
PATCH http://localhost:8000/post

Downtime 100.0%
Delay/av.: 2.0ms / 3.4ms
Monitored during 0 days
Error: Request failed with status code 404
    at createError (createError.ts:14:17)
    at settle (settle.ts:9:12)
    at fetchAdapter.ts:62:13
2020-12-11 13:02 DEBUG   
All requests finished
2020-12-11 13:02 DEBUG   
Logs sent by email
2020-12-11 13:02 DEBUG   
Waiting until next round in 10000ms
2020-12-11 13:02 INFO    
⏳ fetching
GET https://google.com
2020-12-11 13:02 INFO    
⭐ success
GET https://google.com

Downtime 0.0%
Delay/average 119.0/143.7ms
Monitored during 0 days
2020-12-11 13:02 INFO    
⏳ fetching
GET https://google.com
2020-12-11 13:02 INFO    
⭐ success
GET https://google.com

Downtime 0.0%
Delay/average 128.0/143.3ms
Monitored during 0 days
2020-12-11 13:02 INFO    
⏳ fetching
POST http://localhost:8000/post
2020-12-11 13:02 ERROR   
❌ fail from
POST http://localhost:8000/post

Downtime 25.7%
Delay/av.: 2.0ms / 45929240469.3ms
Monitored during 2 days
Error: Request failed with status code 404
    at createError (createError.ts:14:17)
    at settle (settle.ts:9:12)
    at fetchAdapter.ts:62:13
2020-12-11 13:02 INFO    
⏳ fetching
PATCH http://localhost:8000/post
2020-12-11 13:02 ERROR   
❌ fail from
PATCH http://localhost:8000/post

Downtime 100.0%
Delay/av.: 1.0ms / 3.2ms
Monitored during 0 days
Error: Request failed with status code 404
    at createError (createError.ts:14:17)
    at settle (settle.ts:9:12)
    at fetchAdapter.ts:62:13
2020-12-11 13:02 DEBUG   
All requests finished
2020-12-11 13:02 DEBUG   
Logs sent by email
2020-12-11 13:02 DEBUG   
Waiting until next round in 10000ms
2020-12-11 13:02 INFO    
⏳ fetching
GET https://google.com
2020-12-11 13:02 INFO    
⭐ success
GET https://google.com

Downtime 0.0%
Delay/average 121.0/142.7ms
Monitored during 0 days
2020-12-11 13:02 INFO    
⏳ fetching
GET https://google.com
2020-12-11 13:02 INFO    
⭐ success
GET https://google.com

Downtime 0.0%
Delay/average 118.0/142.1ms
Monitored during 0 days
2020-12-11 13:02 INFO    
⏳ fetching
POST http://localhost:8000/post
2020-12-11 13:02 ERROR   
❌ fail from
POST http://localhost:8000/post

Downtime 26.1%
Delay/av.: 2.0ms / 45668278875.7ms
Monitored during 2 days
Error: Request failed with status code 404
    at createError (createError.ts:14:17)
    at settle (settle.ts:9:12)
    at fetchAdapter.ts:62:13
2020-12-11 13:02 INFO    
⏳ fetching
PATCH http://localhost:8000/post
2020-12-11 13:02 ERROR   
❌ fail from
PATCH http://localhost:8000/post

Downtime 100.0%
Delay/av.: 2.0ms / 3.2ms
Monitored during 0 days
Error: Request failed with status code 404
    at createError (createError.ts:14:17)
    at settle (settle.ts:9:12)
    at fetchAdapter.ts:62:13
2020-12-11 13:02 DEBUG   
All requests finished
2020-12-11 13:02 DEBUG   
Logs sent by email
2020-12-11 13:02 DEBUG   
Waiting until next round in 10000ms
2020-12-11 13:02 INFO    
⏳ fetching
GET https://google.com
2020-12-11 13:02 INFO    
⭐ success
GET https://google.com

Downtime 0.0%
Delay/average 135.0/141.9ms
Monitored during 0 days
2020-12-11 13:02 INFO    
⏳ fetching
GET https://google.com
2020-12-11 13:02 INFO    
⭐ success
GET https://google.com

Downtime 0.0%
Delay/average 138.0/141.8ms
Monitored during 0 days
2020-12-11 13:02 INFO    
⏳ fetching
POST http://localhost:8000/post
2020-12-11 13:02 ERROR   
❌ fail from
POST http://localhost:8000/post

Downtime 26.6%
Delay/av.: 2.0ms / 45410266000.7ms
Monitored during 2 days
Error: Request failed with status code 404
    at createError (createError.ts:14:17)
    at settle (settle.ts:9:12)
    at fetchAdapter.ts:62:13
2020-12-11 13:02 INFO    
⏳ fetching
PATCH http://localhost:8000/post
2020-12-11 13:02 ERROR   
❌ fail from
PATCH http://localhost:8000/post

Downtime 100.0%
Delay/av.: 1.0ms / 3.0ms
Monitored during 0 days
Error: Request failed with status code 404
    at createError (createError.ts:14:17)
    at settle (settle.ts:9:12)
    at fetchAdapter.ts:62:13
2020-12-11 13:02 DEBUG   
All requests finished
2020-12-11 13:02 DEBUG   
Logs sent by email
2020-12-11 13:02 DEBUG   
Waiting until next round in 10000ms
2020-12-11 13:03 INFO    
⏳ fetching
GET https://google.com
2020-12-11 13:03 INFO    
⭐ success
GET https://google.com

Downtime 0.0%
Delay/average 121.0/141.3ms
Monitored during 0 days
2020-12-11 13:03 INFO    
⏳ fetching
GET https://google.com
2020-12-11 13:03 INFO    
⭐ success
GET https://google.com

Downtime 0.0%
Delay/average 135.0/141.1ms
Monitored during 0 days
2020-12-11 13:03 INFO    
⏳ fetching
POST http://localhost:8000/post
2020-12-11 13:03 ERROR   
❌ fail from
POST http://localhost:8000/post

Downtime 27.0%
Delay/av.: 4.0ms / 45155152146.8ms
Monitored during 2 days
Error: Request failed with status code 404
    at createError (createError.ts:14:17)
    at settle (settle.ts:9:12)
    at fetchAdapter.ts:62:13
2020-12-11 13:03 INFO    
⏳ fetching
PATCH http://localhost:8000/post
2020-12-11 13:03 ERROR   
❌ fail from
PATCH http://localhost:8000/post

Downtime 100.0%
Delay/av.: 2.0ms / 3.0ms
Monitored during 0 days
Error: Request failed with status code 404
    at createError (createError.ts:14:17)
    at settle (settle.ts:9:12)
    at fetchAdapter.ts:62:13
2020-12-11 13:03 DEBUG   
All requests finished
2020-12-11 13:03 DEBUG   
Logs sent by email
2020-12-11 13:03 DEBUG   
Waiting until next round in 10000ms
2020-12-11 13:03 INFO    
⏳ fetching
GET https://google.com
2020-12-11 13:03 INFO    
⭐ success
GET https://google.com

Downtime 0.0%
Delay/average 122.0/140.7ms
Monitored during 0 days
2020-12-11 13:03 INFO    
⏳ fetching
GET https://google.com
2020-12-11 13:03 INFO    
⭐ success
GET https://google.com

Downtime 0.0%
Delay/average 123.0/140.3ms
Monitored during 0 days
2020-12-11 13:03 INFO    
⏳ fetching
POST http://localhost:8000/post
2020-12-11 13:03 ERROR   
❌ fail from
POST http://localhost:8000/post

Downtime 27.4%
Delay/av.: 2.0ms / 44902888727.0ms
Monitored during 2 days
Error: Request failed with status code 404
    at createError (createError.ts:14:17)
    at settle (settle.ts:9:12)
    at fetchAdapter.ts:62:13
2020-12-11 13:03 INFO    
⏳ fetching
PATCH http://localhost:8000/post
2020-12-11 13:03 ERROR   
❌ fail from
PATCH http://localhost:8000/post

Downtime 100.0%
Delay/av.: 2.0ms / 3.0ms
Monitored during 0 days
Error: Request failed with status code 404
    at createError (createError.ts:14:17)
    at settle (settle.ts:9:12)
    at fetchAdapter.ts:62:13
2020-12-11 13:03 DEBUG   
All requests finished
2020-12-11 13:03 DEBUG   
Logs sent by email
2020-12-11 13:03 DEBUG   
Waiting until next round in 10000ms
2020-12-11 13:03 INFO    
⏳ fetching
GET https://google.com
2020-12-11 13:03 INFO    
⭐ success
GET https://google.com

Downtime 0.0%
Delay/average 123.0/139.9ms
Monitored during 0 days
2020-12-11 13:03 INFO    
⏳ fetching
GET https://google.com
2020-12-11 13:03 INFO    
⭐ success
GET https://google.com

Downtime 0.0%
Delay/average 121.0/139.5ms
Monitored during 0 days
2020-12-11 13:03 INFO    
⏳ fetching
POST http://localhost:8000/post
2020-12-11 13:03 ERROR   
❌ fail from
POST http://localhost:8000/post

Downtime 27.8%
Delay/av.: 3.0ms / 44653428234.1ms
Monitored during 2 days
Error: Request failed with status code 404
    at createError (createError.ts:14:17)
    at settle (settle.ts:9:12)
    at fetchAdapter.ts:62:13
2020-12-11 13:03 INFO    
⏳ fetching
PATCH http://localhost:8000/post
2020-12-11 13:03 ERROR   
❌ fail from
PATCH http://localhost:8000/post

Downtime 100.0%
Delay/av.: 3.0ms / 3.0ms
Monitored during 0 days
Error: Request failed with status code 404
    at createError (createError.ts:14:17)
    at settle (settle.ts:9:12)
    at fetchA2020-12-11 13:06 DEBUG   
⏳ fetching GET https://google.com
2020-12-11 13:06 INFO    
⭐ success GET https://google.com

Downtime 0.0%
Delay/average 359.0/146.8ms
Monitored during 0 days
2020-12-11 13:06 DEBUG   
⏳ fetching GET https://google.com
2020-12-11 13:06 INFO    
⭐ success GET https://google.com

Downtime 0.0%
Delay/average 152.0/146.9ms
Monitored during 0 days
2020-12-11 13:06 DEBUG   
⏳ fetching POST http://localhost:8000/post
2020-12-11 13:06 ERROR   
❌ fail from POST http://localhost:8000/post

Downtime 29.0%
Delay/av.: 3.0ms / 43921404820.5ms
Monitored during 2 days
Error: Request failed with status code 404
    at createError (createError.ts:14:17)
    at settle (settle.ts:9:12)
    at fetchAdapter.ts:62:13
2020-12-11 13:06 DEBUG   
⏳ fetching PATCH http://localhost:8000/post
2020-12-11 13:06 ERROR   
❌ fail from PATCH http://localhost:8000/post

Downtime 100.0%
Delay/av.: 2.0ms / 2.8ms
Monitored during 0 days
Error: Request failed with status code 404
    at createError (createError.ts:14:17)
    at settle (settle.ts:9:12)
    at fetchAdapter.ts:62:13
2020-12-11 13:06 DEBUG   
All requests finished
2020-12-11 13:06 DEBUG   
Logs sent by email
2020-12-11 13:06 DEBUG   
Waiting until next round in 60000ms
2020-12-11 13:07 DEBUG   
⏳ fetching GET https://google.com
2020-12-11 13:07 INFO    
⭐ success GET https://google.com

Downtime 0.0%
Delay/average 143.0/146.8ms
Monitored during 0 days
2020-12-11 13:07 DEBUG   
⏳ fetching GET https://google.com
2020-12-11 13:07 INFO    
⭐ success GET https://google.com

Downtime 0.0%
Delay/average 121.0/146.3ms
Monitored during 0 days
2020-12-11 13:07 DEBUG   
⏳ fetching POST http://localhost:8000/post
2020-12-11 13:07 ERROR   
❌ fail from POST http://localhost:8000/post

Downtime 29.3%
Delay/av.: 3.0ms / 43682701533.4ms
Monitored during 2 days
Error: Request failed with status code 404
    at createError (createError.ts:14:17)
    at settle (settle.ts:9:12)
    at fetchAdapter.ts:62:13
2020-12-11 13:07 DEBUG   
⏳ fetching PATCH http://localhost:8000/post
2020-12-11 13:07 ERROR   
❌ fail from PATCH http://localhost:8000/post

Downtime 100.0%
Delay/av.: 2.0ms / 2.8ms
Monitored during 0 days
Error: Request failed with status code 404
    at createError (createError.ts:14:17)
    at settle (settle.ts:9:12)
    at fetchAdapter.ts:62:13
2020-12-11 13:07 DEBUG   
All requests finished
2020-12-11 13:07 DEBUG   
Logs sent by email
2020-12-11 13:07 DEBUG   
Waiting until next round in 60000ms
2020-12-11 13:08 DEBUG   
⏳ fetching GET https://google.com
2020-12-11 13:08 INFO    
⭐ success GET https://google.com

Downtime 0.0%
Delay/average 125.0/145.9ms
Monitored during 0 days
2020-12-11 13:08 DEBUG   
⏳ fetching GET https://google.com
2020-12-11 13:08 INFO    
⭐ success GET https://google.com

Downtime 0.0%
Delay/average 136.0/145.8ms
Monitored during 0 days
2020-12-11 13:08 DEBUG   
⏳ fetching POST http://localhost:8000/post
2020-12-11 13:08 ERROR   
❌ fail from POST http://localhost:8000/post

Downtime 29.7%
Delay/av.: 2.0ms / 43446578822.4ms
Monitored during 2 days
Error: Request failed with status code 404
    at createError (createError.ts:14:17)
    at settle (settle.ts:9:12)
    at fetchAdapter.ts:62:13
2020-12-11 13:08 DEBUG   
⏳ fetching PATCH http://localhost:8000/post
2020-12-11 13:08 ERROR   
❌ fail from PATCH http://localhost:8000/post

Downtime 100.0%
Delay/av.: 2.0ms / 2.8ms
Monitored during 0 days
Error: Request failed with status code 404
    at createError (createError.ts:14:17)
    at settle (settle.ts:9:12)
    at fetchAdapter.ts:62:13
2020-12-11 13:08 DEBUG   
All requests finished
2020-12-11 13:08 DEBUG   
Logs sent by email
2020-12-11 13:08 DEBUG   
Waiting until next round in 60000ms
2020-12-11 13:09 DEBUG   
⏳ fetching GET https://google.com
2020-12-11 13:09 INFO    
⭐ success GET https://google.com

Downtime 0.0%
Delay/average 134.0/145.5ms
Monitored during 0 days
2020-12-11 13:09 DEBUG   
⏳ fetching GET https://google.com
2020-12-11 13:09 INFO    
⭐ success GET https://google.com

Downtime 0.0%
Delay/