2020-12-10 00:37 INFO      ⏳ fetching
GET http://jupegarnica.com
2020-12-10 00:37 INFO      ⭐ success
GET http://jupegarnica.com

Downtime 2.8%
Delay/av.: 58.0ms / 512.1ms
Monitored during 1 days
2020-12-10 00:37 INFO      ⏳ fetching
GET http://valencia.io
2020-12-10 00:37 INFO      ⭐ success
GET http://valencia.io

Downtime 0.0%
Delay/av.: 51.0ms / 653.3ms
Monitored during 1 days
2020-12-10 00:37 INFO      ⏳ fetching
GET http://198.211.122.70
2020-12-10 00:37 INFO      ⭐ success
GET http://198.211.122.70

Downtime 0.0%
Delay/av.: 264.0ms / 193.3ms
Monitored during 1 days
2020-12-10 00:37 INFO      ⏳ fetching
GET http://198.211.122.70:8080/api/v1/products
2020-12-10 00:37 ERROR     ❌ fail from
GET http://198.211.122.70:8080/api/v1/products

Downtime 100.0%
Delay/av.: 992.0ms / 967.7ms
Monitored during 1 days
Error: Request failed with status code 500
    at createError (createError.ts:14:17)
    at settle (settle.ts:9:12)
    at fetchAdapter.ts:62:13
2020-12-10 00:37 INFO      ⏳ fetching
GET https://datsme.life
2020-12-10 00:38 INFO      ⭐ success
GET https://datsme.life

Downtime 2.9%
Delay/av.: 3520.0ms / 3047.8ms
Monitored during 1 days
2020-12-10 00:38 INFO      ⏳ fetching
GET https://shop.datsme.life:444/api/v1/products
2020-12-10 00:38 INFO      ⭐ success
GET https://shop.datsme.life:444/api/v1/products

Downtime 0.0%
Delay/av.: 935.0ms / 908.3ms
Monitored during 1 days
2020-12-10 00:38 DEBUG     All requests finished
2020-12-10 00:38 DEBUG     Logs sent by email
